[2024-11-12T16:21:56.999+0000] {local_task_job_runner.py:123} INFO - ::group::Pre task execution logs
[2024-11-12T16:21:57.021+0000] {taskinstance.py:2613} INFO - Dependencies all met for dep_context=non-requeueable deps ti=<TaskInstance: example_pipeline.run_scrapy scheduled__2023-01-01T00:58:00+00:00 [queued]>
[2024-11-12T16:21:57.031+0000] {taskinstance.py:2613} INFO - Dependencies all met for dep_context=requeueable deps ti=<TaskInstance: example_pipeline.run_scrapy scheduled__2023-01-01T00:58:00+00:00 [queued]>
[2024-11-12T16:21:57.032+0000] {taskinstance.py:2866} INFO - Starting attempt 1 of 2
[2024-11-12T16:21:57.087+0000] {taskinstance.py:2889} INFO - Executing <Task(BashOperator): run_scrapy> on 2023-01-01 00:58:00+00:00
[2024-11-12T16:21:57.101+0000] {logging_mixin.py:190} WARNING - /home/airflow/.local/lib/python3.12/site-packages/airflow/task/task_runner/standard_task_runner.py:70 DeprecationWarning: This process (pid=445) is multi-threaded, use of fork() may lead to deadlocks in the child.
[2024-11-12T16:21:57.103+0000] {standard_task_runner.py:72} INFO - Started process 449 to run task
[2024-11-12T16:21:57.101+0000] {standard_task_runner.py:104} INFO - Running: ['airflow', 'tasks', 'run', 'example_pipeline', 'run_scrapy', 'scheduled__2023-01-01T00:58:00+00:00', '--job-id', '48', '--raw', '--subdir', 'DAGS_FOLDER/test_main.py', '--cfg-path', '/tmp/tmpp6gv1zeb']
[2024-11-12T16:21:57.104+0000] {standard_task_runner.py:105} INFO - Job 48: Subtask run_scrapy
[2024-11-12T16:21:57.120+0000] {logging_mixin.py:190} WARNING - /home/airflow/.local/lib/python3.12/site-packages/airflow/settings.py:209 DeprecationWarning: The sql_alchemy_conn option in [core] has been moved to the sql_alchemy_conn option in [database] - the old setting has been used, but please update your config.
[2024-11-12T16:21:57.166+0000] {task_command.py:467} INFO - Running <TaskInstance: example_pipeline.run_scrapy scheduled__2023-01-01T00:58:00+00:00 [running]> on host 351dab94543d
[2024-11-12T16:21:57.169+0000] {logging_mixin.py:190} WARNING - /home/airflow/.local/lib/python3.12/site-packages/airflow/settings.py:470 DeprecationWarning: The sql_alchemy_conn option in [core] has been moved to the sql_alchemy_conn option in [database] - the old setting has been used, but please update your config.
[2024-11-12T16:21:57.215+0000] {abstractoperator.py:780} ERROR - Exception rendering Jinja template for task 'run_scrapy', field 'bash_command'. Template: 'python /opt/airflow/dags/scripts/run_scrapy.sh'
Traceback (most recent call last):
  File "/home/airflow/.local/lib/python3.12/site-packages/airflow/models/abstractoperator.py", line 772, in _do_render_template_fields
    rendered_content = self.render_template(
                       ^^^^^^^^^^^^^^^^^^^^^
  File "/home/airflow/.local/lib/python3.12/site-packages/airflow/template/templater.py", line 168, in render_template
    template = jinja_env.get_template(value)
               ^^^^^^^^^^^^^^^^^^^^^^^^^^^^^
  File "/home/airflow/.local/lib/python3.12/site-packages/jinja2/environment.py", line 1013, in get_template
    return self._load_template(name, globals)
           ^^^^^^^^^^^^^^^^^^^^^^^^^^^^^^^^^^
  File "/home/airflow/.local/lib/python3.12/site-packages/jinja2/environment.py", line 972, in _load_template
    template = self.loader.load(self, name, self.make_globals(globals))
               ^^^^^^^^^^^^^^^^^^^^^^^^^^^^^^^^^^^^^^^^^^^^^^^^^^^^^^^^
  File "/home/airflow/.local/lib/python3.12/site-packages/jinja2/loaders.py", line 126, in load
    source, filename, uptodate = self.get_source(environment, name)
                                 ^^^^^^^^^^^^^^^^^^^^^^^^^^^^^^^^^^
  File "/home/airflow/.local/lib/python3.12/site-packages/jinja2/loaders.py", line 207, in get_source
    raise TemplateNotFound(template)
jinja2.exceptions.TemplateNotFound: python /opt/airflow/dags/scripts/run_scrapy.sh
[2024-11-12T16:21:57.217+0000] {taskinstance.py:3311} ERROR - Task failed with exception
Traceback (most recent call last):
  File "/home/airflow/.local/lib/python3.12/site-packages/airflow/models/taskinstance.py", line 273, in _run_raw_task
    TaskInstance._execute_task_with_callbacks(
  File "/home/airflow/.local/lib/python3.12/site-packages/airflow/models/taskinstance.py", line 3115, in _execute_task_with_callbacks
    task_orig = self.render_templates(context=context, jinja_env=jinja_env)
                ^^^^^^^^^^^^^^^^^^^^^^^^^^^^^^^^^^^^^^^^^^^^^^^^^^^^^^^^^^^
  File "/home/airflow/.local/lib/python3.12/site-packages/airflow/models/taskinstance.py", line 3534, in render_templates
    original_task.render_template_fields(context, jinja_env)
  File "/home/airflow/.local/lib/python3.12/site-packages/airflow/models/baseoperator.py", line 1430, in render_template_fields
    self._do_render_template_fields(self, self.template_fields, context, jinja_env, set())
  File "/home/airflow/.local/lib/python3.12/site-packages/airflow/models/abstractoperator.py", line 772, in _do_render_template_fields
    rendered_content = self.render_template(
                       ^^^^^^^^^^^^^^^^^^^^^
  File "/home/airflow/.local/lib/python3.12/site-packages/airflow/template/templater.py", line 168, in render_template
    template = jinja_env.get_template(value)
               ^^^^^^^^^^^^^^^^^^^^^^^^^^^^^
  File "/home/airflow/.local/lib/python3.12/site-packages/jinja2/environment.py", line 1013, in get_template
    return self._load_template(name, globals)
           ^^^^^^^^^^^^^^^^^^^^^^^^^^^^^^^^^^
  File "/home/airflow/.local/lib/python3.12/site-packages/jinja2/environment.py", line 972, in _load_template
    template = self.loader.load(self, name, self.make_globals(globals))
               ^^^^^^^^^^^^^^^^^^^^^^^^^^^^^^^^^^^^^^^^^^^^^^^^^^^^^^^^
  File "/home/airflow/.local/lib/python3.12/site-packages/jinja2/loaders.py", line 126, in load
    source, filename, uptodate = self.get_source(environment, name)
                                 ^^^^^^^^^^^^^^^^^^^^^^^^^^^^^^^^^^
  File "/home/airflow/.local/lib/python3.12/site-packages/jinja2/loaders.py", line 207, in get_source
    raise TemplateNotFound(template)
jinja2.exceptions.TemplateNotFound: python /opt/airflow/dags/scripts/run_scrapy.sh
[2024-11-12T16:21:57.233+0000] {taskinstance.py:1225} INFO - Marking task as UP_FOR_RETRY. dag_id=example_pipeline, task_id=run_scrapy, run_id=scheduled__2023-01-01T00:58:00+00:00, execution_date=20230101T005800, start_date=20241112T162157, end_date=20241112T162157
[2024-11-12T16:21:57.248+0000] {taskinstance.py:340} INFO - ::group::Post task execution logs
[2024-11-12T16:21:57.249+0000] {standard_task_runner.py:124} ERROR - Failed to execute job 48 for task run_scrapy (python /opt/airflow/dags/scripts/run_scrapy.sh; 449)
Traceback (most recent call last):
  File "/home/airflow/.local/lib/python3.12/site-packages/airflow/task/task_runner/standard_task_runner.py", line 117, in _start_by_fork
    ret = args.func(args, dag=self.dag)
          ^^^^^^^^^^^^^^^^^^^^^^^^^^^^^
  File "/home/airflow/.local/lib/python3.12/site-packages/airflow/cli/cli_config.py", line 49, in command
    return func(*args, **kwargs)
           ^^^^^^^^^^^^^^^^^^^^^
  File "/home/airflow/.local/lib/python3.12/site-packages/airflow/utils/cli.py", line 116, in wrapper
    return f(*args, **kwargs)
           ^^^^^^^^^^^^^^^^^^
  File "/home/airflow/.local/lib/python3.12/site-packages/airflow/cli/commands/task_command.py", line 483, in task_run
    task_return_code = _run_task_by_selected_method(args, _dag, ti)
                       ^^^^^^^^^^^^^^^^^^^^^^^^^^^^^^^^^^^^^^^^^^^^
  File "/home/airflow/.local/lib/python3.12/site-packages/airflow/cli/commands/task_command.py", line 256, in _run_task_by_selected_method
    return _run_raw_task(args, ti)
           ^^^^^^^^^^^^^^^^^^^^^^^
  File "/home/airflow/.local/lib/python3.12/site-packages/airflow/cli/commands/task_command.py", line 341, in _run_raw_task
    return ti._run_raw_task(
           ^^^^^^^^^^^^^^^^^
  File "/home/airflow/.local/lib/python3.12/site-packages/airflow/utils/session.py", line 97, in wrapper
    return func(*args, session=session, **kwargs)
           ^^^^^^^^^^^^^^^^^^^^^^^^^^^^^^^^^^^^^^
  File "/home/airflow/.local/lib/python3.12/site-packages/airflow/models/taskinstance.py", line 3005, in _run_raw_task
    return _run_raw_task(
           ^^^^^^^^^^^^^^
  File "/home/airflow/.local/lib/python3.12/site-packages/airflow/models/taskinstance.py", line 273, in _run_raw_task
    TaskInstance._execute_task_with_callbacks(
  File "/home/airflow/.local/lib/python3.12/site-packages/airflow/models/taskinstance.py", line 3115, in _execute_task_with_callbacks
    task_orig = self.render_templates(context=context, jinja_env=jinja_env)
                ^^^^^^^^^^^^^^^^^^^^^^^^^^^^^^^^^^^^^^^^^^^^^^^^^^^^^^^^^^^
  File "/home/airflow/.local/lib/python3.12/site-packages/airflow/models/taskinstance.py", line 3534, in render_templates
    original_task.render_template_fields(context, jinja_env)
  File "/home/airflow/.local/lib/python3.12/site-packages/airflow/models/baseoperator.py", line 1430, in render_template_fields
    self._do_render_template_fields(self, self.template_fields, context, jinja_env, set())
  File "/home/airflow/.local/lib/python3.12/site-packages/airflow/models/abstractoperator.py", line 772, in _do_render_template_fields
    rendered_content = self.render_template(
                       ^^^^^^^^^^^^^^^^^^^^^
  File "/home/airflow/.local/lib/python3.12/site-packages/airflow/template/templater.py", line 168, in render_template
    template = jinja_env.get_template(value)
               ^^^^^^^^^^^^^^^^^^^^^^^^^^^^^
  File "/home/airflow/.local/lib/python3.12/site-packages/jinja2/environment.py", line 1013, in get_template
    return self._load_template(name, globals)
           ^^^^^^^^^^^^^^^^^^^^^^^^^^^^^^^^^^
  File "/home/airflow/.local/lib/python3.12/site-packages/jinja2/environment.py", line 972, in _load_template
    template = self.loader.load(self, name, self.make_globals(globals))
               ^^^^^^^^^^^^^^^^^^^^^^^^^^^^^^^^^^^^^^^^^^^^^^^^^^^^^^^^
  File "/home/airflow/.local/lib/python3.12/site-packages/jinja2/loaders.py", line 126, in load
    source, filename, uptodate = self.get_source(environment, name)
                                 ^^^^^^^^^^^^^^^^^^^^^^^^^^^^^^^^^^
  File "/home/airflow/.local/lib/python3.12/site-packages/jinja2/loaders.py", line 207, in get_source
    raise TemplateNotFound(template)
jinja2.exceptions.TemplateNotFound: python /opt/airflow/dags/scripts/run_scrapy.sh
[2024-11-12T16:21:57.278+0000] {local_task_job_runner.py:266} INFO - Task exited with return code 1
[2024-11-12T16:21:57.299+0000] {taskinstance.py:3895} INFO - 0 downstream tasks scheduled from follow-on schedule check
[2024-11-12T16:21:57.301+0000] {local_task_job_runner.py:245} INFO - ::endgroup::
[2024-11-13T05:00:48.265+0000] {local_task_job_runner.py:123} INFO - ::group::Pre task execution logs
[2024-11-13T05:00:48.285+0000] {taskinstance.py:2613} INFO - Dependencies all met for dep_context=non-requeueable deps ti=<TaskInstance: example_pipeline.run_scrapy scheduled__2023-01-01T00:58:00+00:00 [queued]>
[2024-11-13T05:00:48.296+0000] {taskinstance.py:2613} INFO - Dependencies all met for dep_context=requeueable deps ti=<TaskInstance: example_pipeline.run_scrapy scheduled__2023-01-01T00:58:00+00:00 [queued]>
[2024-11-13T05:00:48.297+0000] {taskinstance.py:2866} INFO - Starting attempt 1 of 2
[2024-11-13T05:00:48.315+0000] {taskinstance.py:2889} INFO - Executing <Task(BashOperator): run_scrapy> on 2023-01-01 00:58:00+00:00
[2024-11-13T05:00:48.326+0000] {logging_mixin.py:190} WARNING - /home/airflow/.local/lib/python3.12/site-packages/airflow/task/task_runner/standard_task_runner.py:70 DeprecationWarning: This process (pid=897) is multi-threaded, use of fork() may lead to deadlocks in the child.
[2024-11-13T05:00:48.328+0000] {standard_task_runner.py:72} INFO - Started process 933 to run task
[2024-11-13T05:00:48.326+0000] {standard_task_runner.py:104} INFO - Running: ['airflow', 'tasks', 'run', 'example_pipeline', 'run_scrapy', 'scheduled__2023-01-01T00:58:00+00:00', '--job-id', '48', '--raw', '--subdir', 'DAGS_FOLDER/test_main.py', '--cfg-path', '/tmp/tmp5jnppik8']
[2024-11-13T05:00:48.329+0000] {standard_task_runner.py:105} INFO - Job 48: Subtask run_scrapy
[2024-11-13T05:00:48.346+0000] {logging_mixin.py:190} WARNING - /home/airflow/.local/lib/python3.12/site-packages/airflow/settings.py:209 DeprecationWarning: The sql_alchemy_conn option in [core] has been moved to the sql_alchemy_conn option in [database] - the old setting has been used, but please update your config.
[2024-11-13T05:00:48.389+0000] {task_command.py:467} INFO - Running <TaskInstance: example_pipeline.run_scrapy scheduled__2023-01-01T00:58:00+00:00 [running]> on host 98aaf3cf0496
[2024-11-13T05:00:48.391+0000] {logging_mixin.py:190} WARNING - /home/airflow/.local/lib/python3.12/site-packages/airflow/settings.py:470 DeprecationWarning: The sql_alchemy_conn option in [core] has been moved to the sql_alchemy_conn option in [database] - the old setting has been used, but please update your config.
[2024-11-13T05:00:48.460+0000] {taskinstance.py:3132} INFO - Exporting env vars: AIRFLOW_CTX_DAG_OWNER='airflow' AIRFLOW_CTX_DAG_ID='example_pipeline' AIRFLOW_CTX_TASK_ID='run_scrapy' AIRFLOW_CTX_EXECUTION_DATE='2023-01-01T00:58:00+00:00' AIRFLOW_CTX_TRY_NUMBER='1' AIRFLOW_CTX_DAG_RUN_ID='scheduled__2023-01-01T00:58:00+00:00'
[2024-11-13T05:00:48.461+0000] {taskinstance.py:731} INFO - ::endgroup::
[2024-11-13T05:00:48.475+0000] {subprocess.py:78} INFO - Tmp dir root location: /tmp
[2024-11-13T05:00:48.477+0000] {subprocess.py:88} INFO - Running command: ['/usr/bin/bash', '-c', 'docker build -t thaian .']
[2024-11-13T05:00:48.485+0000] {subprocess.py:99} INFO - Output:
[2024-11-13T05:00:48.499+0000] {subprocess.py:106} INFO - DEPRECATED: The legacy builder is deprecated and will be removed in a future release.
[2024-11-13T05:00:48.500+0000] {subprocess.py:106} INFO -             Install the buildx component to build images with BuildKit:
[2024-11-13T05:00:48.501+0000] {subprocess.py:106} INFO -             https://docs.docker.com/go/buildx/
[2024-11-13T05:00:48.501+0000] {subprocess.py:106} INFO - 
[2024-11-13T05:00:48.502+0000] {subprocess.py:106} INFO - unable to prepare context: unable to evaluate symlinks in Dockerfile path: lstat /tmp/airflowtmpwd0izsz9/Dockerfile: no such file or directory
[2024-11-13T05:00:48.503+0000] {subprocess.py:110} INFO - Command exited with return code 1
[2024-11-13T05:00:48.512+0000] {taskinstance.py:3311} ERROR - Task failed with exception
Traceback (most recent call last):
  File "/home/airflow/.local/lib/python3.12/site-packages/airflow/models/taskinstance.py", line 767, in _execute_task
    result = _execute_callable(context=context, **execute_callable_kwargs)
             ^^^^^^^^^^^^^^^^^^^^^^^^^^^^^^^^^^^^^^^^^^^^^^^^^^^^^^^^^^^^^
  File "/home/airflow/.local/lib/python3.12/site-packages/airflow/models/taskinstance.py", line 733, in _execute_callable
    return ExecutionCallableRunner(
           ^^^^^^^^^^^^^^^^^^^^^^^^
  File "/home/airflow/.local/lib/python3.12/site-packages/airflow/utils/operator_helpers.py", line 252, in run
    return self.func(*args, **kwargs)
           ^^^^^^^^^^^^^^^^^^^^^^^^^^
  File "/home/airflow/.local/lib/python3.12/site-packages/airflow/models/baseoperator.py", line 417, in wrapper
    return func(self, *args, **kwargs)
           ^^^^^^^^^^^^^^^^^^^^^^^^^^^
  File "/home/airflow/.local/lib/python3.12/site-packages/airflow/operators/bash.py", line 276, in execute
    raise AirflowException(
airflow.exceptions.AirflowException: Bash command failed. The command returned a non-zero exit code 1.
[2024-11-13T05:00:48.521+0000] {taskinstance.py:1225} INFO - Marking task as UP_FOR_RETRY. dag_id=example_pipeline, task_id=run_scrapy, run_id=scheduled__2023-01-01T00:58:00+00:00, execution_date=20230101T005800, start_date=20241113T050048, end_date=20241113T050048
[2024-11-13T05:00:48.535+0000] {taskinstance.py:340} INFO - ::group::Post task execution logs
[2024-11-13T05:00:48.536+0000] {standard_task_runner.py:124} ERROR - Failed to execute job 48 for task run_scrapy (Bash command failed. The command returned a non-zero exit code 1.; 933)
Traceback (most recent call last):
  File "/home/airflow/.local/lib/python3.12/site-packages/airflow/task/task_runner/standard_task_runner.py", line 117, in _start_by_fork
    ret = args.func(args, dag=self.dag)
          ^^^^^^^^^^^^^^^^^^^^^^^^^^^^^
  File "/home/airflow/.local/lib/python3.12/site-packages/airflow/cli/cli_config.py", line 49, in command
    return func(*args, **kwargs)
           ^^^^^^^^^^^^^^^^^^^^^
  File "/home/airflow/.local/lib/python3.12/site-packages/airflow/utils/cli.py", line 116, in wrapper
    return f(*args, **kwargs)
           ^^^^^^^^^^^^^^^^^^
  File "/home/airflow/.local/lib/python3.12/site-packages/airflow/cli/commands/task_command.py", line 483, in task_run
    task_return_code = _run_task_by_selected_method(args, _dag, ti)
                       ^^^^^^^^^^^^^^^^^^^^^^^^^^^^^^^^^^^^^^^^^^^^
  File "/home/airflow/.local/lib/python3.12/site-packages/airflow/cli/commands/task_command.py", line 256, in _run_task_by_selected_method
    return _run_raw_task(args, ti)
           ^^^^^^^^^^^^^^^^^^^^^^^
  File "/home/airflow/.local/lib/python3.12/site-packages/airflow/cli/commands/task_command.py", line 341, in _run_raw_task
    return ti._run_raw_task(
           ^^^^^^^^^^^^^^^^^
  File "/home/airflow/.local/lib/python3.12/site-packages/airflow/utils/session.py", line 97, in wrapper
    return func(*args, session=session, **kwargs)
           ^^^^^^^^^^^^^^^^^^^^^^^^^^^^^^^^^^^^^^
  File "/home/airflow/.local/lib/python3.12/site-packages/airflow/models/taskinstance.py", line 3005, in _run_raw_task
    return _run_raw_task(
           ^^^^^^^^^^^^^^
  File "/home/airflow/.local/lib/python3.12/site-packages/airflow/models/taskinstance.py", line 273, in _run_raw_task
    TaskInstance._execute_task_with_callbacks(
  File "/home/airflow/.local/lib/python3.12/site-packages/airflow/models/taskinstance.py", line 3159, in _execute_task_with_callbacks
    result = self._execute_task(context, task_orig)
             ^^^^^^^^^^^^^^^^^^^^^^^^^^^^^^^^^^^^^^
  File "/home/airflow/.local/lib/python3.12/site-packages/airflow/models/taskinstance.py", line 3183, in _execute_task
    return _execute_task(self, context, task_orig)
           ^^^^^^^^^^^^^^^^^^^^^^^^^^^^^^^^^^^^^^^
  File "/home/airflow/.local/lib/python3.12/site-packages/airflow/models/taskinstance.py", line 767, in _execute_task
    result = _execute_callable(context=context, **execute_callable_kwargs)
             ^^^^^^^^^^^^^^^^^^^^^^^^^^^^^^^^^^^^^^^^^^^^^^^^^^^^^^^^^^^^^
  File "/home/airflow/.local/lib/python3.12/site-packages/airflow/models/taskinstance.py", line 733, in _execute_callable
    return ExecutionCallableRunner(
           ^^^^^^^^^^^^^^^^^^^^^^^^
  File "/home/airflow/.local/lib/python3.12/site-packages/airflow/utils/operator_helpers.py", line 252, in run
    return self.func(*args, **kwargs)
           ^^^^^^^^^^^^^^^^^^^^^^^^^^
  File "/home/airflow/.local/lib/python3.12/site-packages/airflow/models/baseoperator.py", line 417, in wrapper
    return func(self, *args, **kwargs)
           ^^^^^^^^^^^^^^^^^^^^^^^^^^^
  File "/home/airflow/.local/lib/python3.12/site-packages/airflow/operators/bash.py", line 276, in execute
    raise AirflowException(
airflow.exceptions.AirflowException: Bash command failed. The command returned a non-zero exit code 1.
[2024-11-13T05:00:48.584+0000] {local_task_job_runner.py:266} INFO - Task exited with return code 1
[2024-11-13T05:00:48.604+0000] {taskinstance.py:3895} INFO - 0 downstream tasks scheduled from follow-on schedule check
[2024-11-13T05:00:48.606+0000] {local_task_job_runner.py:245} INFO - ::endgroup::
[2024-11-13T11:11:11.538+0000] {local_task_job_runner.py:123} INFO - ::group::Pre task execution logs
[2024-11-13T11:11:11.559+0000] {taskinstance.py:2613} INFO - Dependencies all met for dep_context=non-requeueable deps ti=<TaskInstance: example_pipeline.run_scrapy scheduled__2023-01-01T00:58:00+00:00 [queued]>
[2024-11-13T11:11:11.568+0000] {taskinstance.py:2613} INFO - Dependencies all met for dep_context=requeueable deps ti=<TaskInstance: example_pipeline.run_scrapy scheduled__2023-01-01T00:58:00+00:00 [queued]>
[2024-11-13T11:11:11.569+0000] {taskinstance.py:2866} INFO - Starting attempt 1 of 2
[2024-11-13T11:11:11.626+0000] {taskinstance.py:2889} INFO - Executing <Task(BashOperator): run_scrapy> on 2023-01-01 00:58:00+00:00
[2024-11-13T11:11:11.636+0000] {logging_mixin.py:190} WARNING - /home/airflow/.local/lib/python3.12/site-packages/airflow/task/task_runner/standard_task_runner.py:70 DeprecationWarning: This process (pid=499) is multi-threaded, use of fork() may lead to deadlocks in the child.
[2024-11-13T11:11:11.637+0000] {standard_task_runner.py:72} INFO - Started process 504 to run task
[2024-11-13T11:11:11.637+0000] {standard_task_runner.py:104} INFO - Running: ['airflow', 'tasks', 'run', 'example_pipeline', 'run_scrapy', 'scheduled__2023-01-01T00:58:00+00:00', '--job-id', '48', '--raw', '--subdir', 'DAGS_FOLDER/test_main.py', '--cfg-path', '/tmp/tmp01nawvsa']
[2024-11-13T11:11:11.639+0000] {standard_task_runner.py:105} INFO - Job 48: Subtask run_scrapy
[2024-11-13T11:11:11.655+0000] {logging_mixin.py:190} WARNING - /home/airflow/.local/lib/python3.12/site-packages/airflow/settings.py:209 DeprecationWarning: The sql_alchemy_conn option in [core] has been moved to the sql_alchemy_conn option in [database] - the old setting has been used, but please update your config.
[2024-11-13T11:11:11.692+0000] {task_command.py:467} INFO - Running <TaskInstance: example_pipeline.run_scrapy scheduled__2023-01-01T00:58:00+00:00 [running]> on host ea5fa4dd0e6a
[2024-11-13T11:11:11.694+0000] {logging_mixin.py:190} WARNING - /home/airflow/.local/lib/python3.12/site-packages/airflow/settings.py:470 DeprecationWarning: The sql_alchemy_conn option in [core] has been moved to the sql_alchemy_conn option in [database] - the old setting has been used, but please update your config.
[2024-11-13T11:11:11.762+0000] {taskinstance.py:3132} INFO - Exporting env vars: AIRFLOW_CTX_DAG_OWNER='airflow' AIRFLOW_CTX_DAG_ID='example_pipeline' AIRFLOW_CTX_TASK_ID='run_scrapy' AIRFLOW_CTX_EXECUTION_DATE='2023-01-01T00:58:00+00:00' AIRFLOW_CTX_TRY_NUMBER='1' AIRFLOW_CTX_DAG_RUN_ID='scheduled__2023-01-01T00:58:00+00:00'
[2024-11-13T11:11:11.763+0000] {taskinstance.py:731} INFO - ::endgroup::
[2024-11-13T11:11:11.782+0000] {subprocess.py:78} INFO - Tmp dir root location: /tmp
[2024-11-13T11:11:11.783+0000] {subprocess.py:88} INFO - Running command: ['/usr/bin/bash', '-c', 'python -m scrapy runspider web/spiders/CaoWeb.py']
[2024-11-13T11:11:11.794+0000] {subprocess.py:99} INFO - Output:
[2024-11-13T11:11:11.817+0000] {subprocess.py:106} INFO - /home/airflow/.local/bin/python: No module named scrapy
[2024-11-13T11:11:11.820+0000] {subprocess.py:110} INFO - Command exited with return code 1
[2024-11-13T11:11:11.829+0000] {taskinstance.py:3311} ERROR - Task failed with exception
Traceback (most recent call last):
  File "/home/airflow/.local/lib/python3.12/site-packages/airflow/models/taskinstance.py", line 767, in _execute_task
    result = _execute_callable(context=context, **execute_callable_kwargs)
             ^^^^^^^^^^^^^^^^^^^^^^^^^^^^^^^^^^^^^^^^^^^^^^^^^^^^^^^^^^^^^
  File "/home/airflow/.local/lib/python3.12/site-packages/airflow/models/taskinstance.py", line 733, in _execute_callable
    return ExecutionCallableRunner(
           ^^^^^^^^^^^^^^^^^^^^^^^^
  File "/home/airflow/.local/lib/python3.12/site-packages/airflow/utils/operator_helpers.py", line 252, in run
    return self.func(*args, **kwargs)
           ^^^^^^^^^^^^^^^^^^^^^^^^^^
  File "/home/airflow/.local/lib/python3.12/site-packages/airflow/models/baseoperator.py", line 417, in wrapper
    return func(self, *args, **kwargs)
           ^^^^^^^^^^^^^^^^^^^^^^^^^^^
  File "/home/airflow/.local/lib/python3.12/site-packages/airflow/operators/bash.py", line 276, in execute
    raise AirflowException(
airflow.exceptions.AirflowException: Bash command failed. The command returned a non-zero exit code 1.
[2024-11-13T11:11:11.836+0000] {taskinstance.py:1225} INFO - Marking task as UP_FOR_RETRY. dag_id=example_pipeline, task_id=run_scrapy, run_id=scheduled__2023-01-01T00:58:00+00:00, execution_date=20230101T005800, start_date=20241113T111111, end_date=20241113T111111
[2024-11-13T11:11:11.851+0000] {taskinstance.py:340} INFO - ::group::Post task execution logs
[2024-11-13T11:11:11.853+0000] {standard_task_runner.py:124} ERROR - Failed to execute job 48 for task run_scrapy (Bash command failed. The command returned a non-zero exit code 1.; 504)
Traceback (most recent call last):
  File "/home/airflow/.local/lib/python3.12/site-packages/airflow/task/task_runner/standard_task_runner.py", line 117, in _start_by_fork
    ret = args.func(args, dag=self.dag)
          ^^^^^^^^^^^^^^^^^^^^^^^^^^^^^
  File "/home/airflow/.local/lib/python3.12/site-packages/airflow/cli/cli_config.py", line 49, in command
    return func(*args, **kwargs)
           ^^^^^^^^^^^^^^^^^^^^^
  File "/home/airflow/.local/lib/python3.12/site-packages/airflow/utils/cli.py", line 116, in wrapper
    return f(*args, **kwargs)
           ^^^^^^^^^^^^^^^^^^
  File "/home/airflow/.local/lib/python3.12/site-packages/airflow/cli/commands/task_command.py", line 483, in task_run
    task_return_code = _run_task_by_selected_method(args, _dag, ti)
                       ^^^^^^^^^^^^^^^^^^^^^^^^^^^^^^^^^^^^^^^^^^^^
  File "/home/airflow/.local/lib/python3.12/site-packages/airflow/cli/commands/task_command.py", line 256, in _run_task_by_selected_method
    return _run_raw_task(args, ti)
           ^^^^^^^^^^^^^^^^^^^^^^^
  File "/home/airflow/.local/lib/python3.12/site-packages/airflow/cli/commands/task_command.py", line 341, in _run_raw_task
    return ti._run_raw_task(
           ^^^^^^^^^^^^^^^^^
  File "/home/airflow/.local/lib/python3.12/site-packages/airflow/utils/session.py", line 97, in wrapper
    return func(*args, session=session, **kwargs)
           ^^^^^^^^^^^^^^^^^^^^^^^^^^^^^^^^^^^^^^
  File "/home/airflow/.local/lib/python3.12/site-packages/airflow/models/taskinstance.py", line 3005, in _run_raw_task
    return _run_raw_task(
           ^^^^^^^^^^^^^^
  File "/home/airflow/.local/lib/python3.12/site-packages/airflow/models/taskinstance.py", line 273, in _run_raw_task
    TaskInstance._execute_task_with_callbacks(
  File "/home/airflow/.local/lib/python3.12/site-packages/airflow/models/taskinstance.py", line 3159, in _execute_task_with_callbacks
    result = self._execute_task(context, task_orig)
             ^^^^^^^^^^^^^^^^^^^^^^^^^^^^^^^^^^^^^^
  File "/home/airflow/.local/lib/python3.12/site-packages/airflow/models/taskinstance.py", line 3183, in _execute_task
    return _execute_task(self, context, task_orig)
           ^^^^^^^^^^^^^^^^^^^^^^^^^^^^^^^^^^^^^^^
  File "/home/airflow/.local/lib/python3.12/site-packages/airflow/models/taskinstance.py", line 767, in _execute_task
    result = _execute_callable(context=context, **execute_callable_kwargs)
             ^^^^^^^^^^^^^^^^^^^^^^^^^^^^^^^^^^^^^^^^^^^^^^^^^^^^^^^^^^^^^
  File "/home/airflow/.local/lib/python3.12/site-packages/airflow/models/taskinstance.py", line 733, in _execute_callable
    return ExecutionCallableRunner(
           ^^^^^^^^^^^^^^^^^^^^^^^^
  File "/home/airflow/.local/lib/python3.12/site-packages/airflow/utils/operator_helpers.py", line 252, in run
    return self.func(*args, **kwargs)
           ^^^^^^^^^^^^^^^^^^^^^^^^^^
  File "/home/airflow/.local/lib/python3.12/site-packages/airflow/models/baseoperator.py", line 417, in wrapper
    return func(self, *args, **kwargs)
           ^^^^^^^^^^^^^^^^^^^^^^^^^^^
  File "/home/airflow/.local/lib/python3.12/site-packages/airflow/operators/bash.py", line 276, in execute
    raise AirflowException(
airflow.exceptions.AirflowException: Bash command failed. The command returned a non-zero exit code 1.
[2024-11-13T11:11:11.893+0000] {local_task_job_runner.py:266} INFO - Task exited with return code 1
[2024-11-13T11:11:11.913+0000] {taskinstance.py:3895} INFO - 0 downstream tasks scheduled from follow-on schedule check
[2024-11-13T11:11:11.915+0000] {local_task_job_runner.py:245} INFO - ::endgroup::
[2024-11-13T12:44:01.152+0000] {local_task_job_runner.py:123} INFO - ::group::Pre task execution logs
[2024-11-13T12:44:01.193+0000] {taskinstance.py:2613} INFO - Dependencies all met for dep_context=non-requeueable deps ti=<TaskInstance: example_pipeline.run_scrapy scheduled__2023-01-01T00:58:00+00:00 [queued]>
[2024-11-13T12:44:01.206+0000] {taskinstance.py:2613} INFO - Dependencies all met for dep_context=requeueable deps ti=<TaskInstance: example_pipeline.run_scrapy scheduled__2023-01-01T00:58:00+00:00 [queued]>
[2024-11-13T12:44:01.207+0000] {taskinstance.py:2866} INFO - Starting attempt 1 of 2
[2024-11-13T12:44:01.301+0000] {taskinstance.py:2889} INFO - Executing <Task(BashOperator): run_scrapy> on 2023-01-01 00:58:00+00:00
[2024-11-13T12:44:01.317+0000] {logging_mixin.py:190} WARNING - /home/airflow/.local/lib/python3.12/site-packages/airflow/task/task_runner/standard_task_runner.py:70 DeprecationWarning: This process (pid=899) is multi-threaded, use of fork() may lead to deadlocks in the child.
[2024-11-13T12:44:01.322+0000] {standard_task_runner.py:72} INFO - Started process 925 to run task
[2024-11-13T12:44:01.319+0000] {standard_task_runner.py:104} INFO - Running: ['airflow', 'tasks', 'run', 'example_pipeline', 'run_scrapy', 'scheduled__2023-01-01T00:58:00+00:00', '--job-id', '48', '--raw', '--subdir', 'DAGS_FOLDER/test_main.py', '--cfg-path', '/tmp/tmpom1j2htc']
[2024-11-13T12:44:01.328+0000] {standard_task_runner.py:105} INFO - Job 48: Subtask run_scrapy
[2024-11-13T12:44:01.363+0000] {logging_mixin.py:190} WARNING - /home/airflow/.local/lib/python3.12/site-packages/airflow/settings.py:209 DeprecationWarning: The sql_alchemy_conn option in [core] has been moved to the sql_alchemy_conn option in [database] - the old setting has been used, but please update your config.
[2024-11-13T12:44:01.448+0000] {task_command.py:467} INFO - Running <TaskInstance: example_pipeline.run_scrapy scheduled__2023-01-01T00:58:00+00:00 [running]> on host 64f1a6c22ae3
[2024-11-13T12:44:01.452+0000] {logging_mixin.py:190} WARNING - /home/airflow/.local/lib/python3.12/site-packages/airflow/settings.py:470 DeprecationWarning: The sql_alchemy_conn option in [core] has been moved to the sql_alchemy_conn option in [database] - the old setting has been used, but please update your config.
[2024-11-13T12:44:01.661+0000] {taskinstance.py:3132} INFO - Exporting env vars: AIRFLOW_CTX_DAG_OWNER='airflow' AIRFLOW_CTX_DAG_ID='example_pipeline' AIRFLOW_CTX_TASK_ID='run_scrapy' AIRFLOW_CTX_EXECUTION_DATE='2023-01-01T00:58:00+00:00' AIRFLOW_CTX_TRY_NUMBER='1' AIRFLOW_CTX_DAG_RUN_ID='scheduled__2023-01-01T00:58:00+00:00'
[2024-11-13T12:44:01.664+0000] {taskinstance.py:731} INFO - ::endgroup::
[2024-11-13T12:44:01.698+0000] {subprocess.py:78} INFO - Tmp dir root location: /tmp
[2024-11-13T12:44:01.701+0000] {subprocess.py:88} INFO - Running command: ['/usr/bin/bash', '-c', 'docker build -t thaian ./dags']
[2024-11-13T12:44:01.716+0000] {subprocess.py:99} INFO - Output:
[2024-11-13T12:44:01.729+0000] {subprocess.py:106} INFO - DEPRECATED: The legacy builder is deprecated and will be removed in a future release.
[2024-11-13T12:44:01.731+0000] {subprocess.py:106} INFO -             Install the buildx component to build images with BuildKit:
[2024-11-13T12:44:01.732+0000] {subprocess.py:106} INFO -             https://docs.docker.com/go/buildx/
[2024-11-13T12:44:01.733+0000] {subprocess.py:106} INFO - 
[2024-11-13T12:44:01.733+0000] {subprocess.py:106} INFO - unable to prepare context: path "./dags" not found
[2024-11-13T12:44:01.734+0000] {subprocess.py:110} INFO - Command exited with return code 1
[2024-11-13T12:44:01.751+0000] {taskinstance.py:3311} ERROR - Task failed with exception
Traceback (most recent call last):
  File "/home/airflow/.local/lib/python3.12/site-packages/airflow/models/taskinstance.py", line 767, in _execute_task
    result = _execute_callable(context=context, **execute_callable_kwargs)
             ^^^^^^^^^^^^^^^^^^^^^^^^^^^^^^^^^^^^^^^^^^^^^^^^^^^^^^^^^^^^^
  File "/home/airflow/.local/lib/python3.12/site-packages/airflow/models/taskinstance.py", line 733, in _execute_callable
    return ExecutionCallableRunner(
           ^^^^^^^^^^^^^^^^^^^^^^^^
  File "/home/airflow/.local/lib/python3.12/site-packages/airflow/utils/operator_helpers.py", line 252, in run
    return self.func(*args, **kwargs)
           ^^^^^^^^^^^^^^^^^^^^^^^^^^
  File "/home/airflow/.local/lib/python3.12/site-packages/airflow/models/baseoperator.py", line 417, in wrapper
    return func(self, *args, **kwargs)
           ^^^^^^^^^^^^^^^^^^^^^^^^^^^
  File "/home/airflow/.local/lib/python3.12/site-packages/airflow/operators/bash.py", line 276, in execute
    raise AirflowException(
airflow.exceptions.AirflowException: Bash command failed. The command returned a non-zero exit code 1.
[2024-11-13T12:44:01.761+0000] {taskinstance.py:1225} INFO - Marking task as UP_FOR_RETRY. dag_id=example_pipeline, task_id=run_scrapy, run_id=scheduled__2023-01-01T00:58:00+00:00, execution_date=20230101T005800, start_date=20241113T124401, end_date=20241113T124401
[2024-11-13T12:44:01.782+0000] {taskinstance.py:340} INFO - ::group::Post task execution logs
[2024-11-13T12:44:01.783+0000] {standard_task_runner.py:124} ERROR - Failed to execute job 48 for task run_scrapy (Bash command failed. The command returned a non-zero exit code 1.; 925)
Traceback (most recent call last):
  File "/home/airflow/.local/lib/python3.12/site-packages/airflow/task/task_runner/standard_task_runner.py", line 117, in _start_by_fork
    ret = args.func(args, dag=self.dag)
          ^^^^^^^^^^^^^^^^^^^^^^^^^^^^^
  File "/home/airflow/.local/lib/python3.12/site-packages/airflow/cli/cli_config.py", line 49, in command
    return func(*args, **kwargs)
           ^^^^^^^^^^^^^^^^^^^^^
  File "/home/airflow/.local/lib/python3.12/site-packages/airflow/utils/cli.py", line 116, in wrapper
    return f(*args, **kwargs)
           ^^^^^^^^^^^^^^^^^^
  File "/home/airflow/.local/lib/python3.12/site-packages/airflow/cli/commands/task_command.py", line 483, in task_run
    task_return_code = _run_task_by_selected_method(args, _dag, ti)
                       ^^^^^^^^^^^^^^^^^^^^^^^^^^^^^^^^^^^^^^^^^^^^
  File "/home/airflow/.local/lib/python3.12/site-packages/airflow/cli/commands/task_command.py", line 256, in _run_task_by_selected_method
    return _run_raw_task(args, ti)
           ^^^^^^^^^^^^^^^^^^^^^^^
  File "/home/airflow/.local/lib/python3.12/site-packages/airflow/cli/commands/task_command.py", line 341, in _run_raw_task
    return ti._run_raw_task(
           ^^^^^^^^^^^^^^^^^
  File "/home/airflow/.local/lib/python3.12/site-packages/airflow/utils/session.py", line 97, in wrapper
    return func(*args, session=session, **kwargs)
           ^^^^^^^^^^^^^^^^^^^^^^^^^^^^^^^^^^^^^^
  File "/home/airflow/.local/lib/python3.12/site-packages/airflow/models/taskinstance.py", line 3005, in _run_raw_task
    return _run_raw_task(
           ^^^^^^^^^^^^^^
  File "/home/airflow/.local/lib/python3.12/site-packages/airflow/models/taskinstance.py", line 273, in _run_raw_task
    TaskInstance._execute_task_with_callbacks(
  File "/home/airflow/.local/lib/python3.12/site-packages/airflow/models/taskinstance.py", line 3159, in _execute_task_with_callbacks
    result = self._execute_task(context, task_orig)
             ^^^^^^^^^^^^^^^^^^^^^^^^^^^^^^^^^^^^^^
  File "/home/airflow/.local/lib/python3.12/site-packages/airflow/models/taskinstance.py", line 3183, in _execute_task
    return _execute_task(self, context, task_orig)
           ^^^^^^^^^^^^^^^^^^^^^^^^^^^^^^^^^^^^^^^
  File "/home/airflow/.local/lib/python3.12/site-packages/airflow/models/taskinstance.py", line 767, in _execute_task
    result = _execute_callable(context=context, **execute_callable_kwargs)
             ^^^^^^^^^^^^^^^^^^^^^^^^^^^^^^^^^^^^^^^^^^^^^^^^^^^^^^^^^^^^^
  File "/home/airflow/.local/lib/python3.12/site-packages/airflow/models/taskinstance.py", line 733, in _execute_callable
    return ExecutionCallableRunner(
           ^^^^^^^^^^^^^^^^^^^^^^^^
  File "/home/airflow/.local/lib/python3.12/site-packages/airflow/utils/operator_helpers.py", line 252, in run
    return self.func(*args, **kwargs)
           ^^^^^^^^^^^^^^^^^^^^^^^^^^
  File "/home/airflow/.local/lib/python3.12/site-packages/airflow/models/baseoperator.py", line 417, in wrapper
    return func(self, *args, **kwargs)
           ^^^^^^^^^^^^^^^^^^^^^^^^^^^
  File "/home/airflow/.local/lib/python3.12/site-packages/airflow/operators/bash.py", line 276, in execute
    raise AirflowException(
airflow.exceptions.AirflowException: Bash command failed. The command returned a non-zero exit code 1.
[2024-11-13T12:44:01.828+0000] {local_task_job_runner.py:266} INFO - Task exited with return code 1
[2024-11-13T12:44:01.847+0000] {taskinstance.py:3895} INFO - 0 downstream tasks scheduled from follow-on schedule check
[2024-11-13T12:44:01.849+0000] {local_task_job_runner.py:245} INFO - ::endgroup::
