[2024-11-12T09:53:42.212+0000] {local_task_job_runner.py:123} INFO - ::group::Pre task execution logs
[2024-11-12T09:53:42.238+0000] {taskinstance.py:2613} INFO - Dependencies all met for dep_context=non-requeueable deps ti=<TaskInstance: example_pipeline.run_scrapy scheduled__2023-01-01T00:14:00+00:00 [queued]>
[2024-11-12T09:53:42.251+0000] {taskinstance.py:2613} INFO - Dependencies all met for dep_context=requeueable deps ti=<TaskInstance: example_pipeline.run_scrapy scheduled__2023-01-01T00:14:00+00:00 [queued]>
[2024-11-12T09:53:42.252+0000] {taskinstance.py:2866} INFO - Starting attempt 1 of 2
[2024-11-12T09:53:42.295+0000] {taskinstance.py:2889} INFO - Executing <Task(BashOperator): run_scrapy> on 2023-01-01 00:14:00+00:00
[2024-11-12T09:53:42.312+0000] {logging_mixin.py:190} WARNING - /home/airflow/.local/lib/python3.12/site-packages/airflow/task/task_runner/standard_task_runner.py:70 DeprecationWarning: This process (pid=220) is multi-threaded, use of fork() may lead to deadlocks in the child.
[2024-11-12T09:53:42.316+0000] {standard_task_runner.py:72} INFO - Started process 228 to run task
[2024-11-12T09:53:42.314+0000] {standard_task_runner.py:104} INFO - Running: ['airflow', 'tasks', 'run', 'example_pipeline', 'run_scrapy', 'scheduled__2023-01-01T00:14:00+00:00', '--job-id', '10', '--raw', '--subdir', 'DAGS_FOLDER/test_main.py', '--cfg-path', '/tmp/tmpoat199jf']
[2024-11-12T09:53:42.320+0000] {standard_task_runner.py:105} INFO - Job 10: Subtask run_scrapy
[2024-11-12T09:53:42.361+0000] {logging_mixin.py:190} WARNING - /home/airflow/.local/lib/python3.12/site-packages/airflow/settings.py:209 DeprecationWarning: The sql_alchemy_conn option in [core] has been moved to the sql_alchemy_conn option in [database] - the old setting has been used, but please update your config.
[2024-11-12T09:53:42.433+0000] {task_command.py:467} INFO - Running <TaskInstance: example_pipeline.run_scrapy scheduled__2023-01-01T00:14:00+00:00 [running]> on host 2f3934d4e54e
[2024-11-12T09:53:42.437+0000] {logging_mixin.py:190} WARNING - /home/airflow/.local/lib/python3.12/site-packages/airflow/settings.py:470 DeprecationWarning: The sql_alchemy_conn option in [core] has been moved to the sql_alchemy_conn option in [database] - the old setting has been used, but please update your config.
[2024-11-12T09:53:42.509+0000] {abstractoperator.py:780} ERROR - Exception rendering Jinja template for task 'run_scrapy', field 'bash_command'. Template: 'python /opt/airflow/dags/scripts/run_scrapy.sh'
Traceback (most recent call last):
  File "/home/airflow/.local/lib/python3.12/site-packages/airflow/models/abstractoperator.py", line 772, in _do_render_template_fields
    rendered_content = self.render_template(
                       ^^^^^^^^^^^^^^^^^^^^^
  File "/home/airflow/.local/lib/python3.12/site-packages/airflow/template/templater.py", line 168, in render_template
    template = jinja_env.get_template(value)
               ^^^^^^^^^^^^^^^^^^^^^^^^^^^^^
  File "/home/airflow/.local/lib/python3.12/site-packages/jinja2/environment.py", line 1013, in get_template
    return self._load_template(name, globals)
           ^^^^^^^^^^^^^^^^^^^^^^^^^^^^^^^^^^
  File "/home/airflow/.local/lib/python3.12/site-packages/jinja2/environment.py", line 972, in _load_template
    template = self.loader.load(self, name, self.make_globals(globals))
               ^^^^^^^^^^^^^^^^^^^^^^^^^^^^^^^^^^^^^^^^^^^^^^^^^^^^^^^^
  File "/home/airflow/.local/lib/python3.12/site-packages/jinja2/loaders.py", line 126, in load
    source, filename, uptodate = self.get_source(environment, name)
                                 ^^^^^^^^^^^^^^^^^^^^^^^^^^^^^^^^^^
  File "/home/airflow/.local/lib/python3.12/site-packages/jinja2/loaders.py", line 207, in get_source
    raise TemplateNotFound(template)
jinja2.exceptions.TemplateNotFound: python /opt/airflow/dags/scripts/run_scrapy.sh
[2024-11-12T09:53:42.511+0000] {taskinstance.py:3311} ERROR - Task failed with exception
Traceback (most recent call last):
  File "/home/airflow/.local/lib/python3.12/site-packages/airflow/models/taskinstance.py", line 273, in _run_raw_task
    TaskInstance._execute_task_with_callbacks(
  File "/home/airflow/.local/lib/python3.12/site-packages/airflow/models/taskinstance.py", line 3115, in _execute_task_with_callbacks
    task_orig = self.render_templates(context=context, jinja_env=jinja_env)
                ^^^^^^^^^^^^^^^^^^^^^^^^^^^^^^^^^^^^^^^^^^^^^^^^^^^^^^^^^^^
  File "/home/airflow/.local/lib/python3.12/site-packages/airflow/models/taskinstance.py", line 3534, in render_templates
    original_task.render_template_fields(context, jinja_env)
  File "/home/airflow/.local/lib/python3.12/site-packages/airflow/models/baseoperator.py", line 1430, in render_template_fields
    self._do_render_template_fields(self, self.template_fields, context, jinja_env, set())
  File "/home/airflow/.local/lib/python3.12/site-packages/airflow/models/abstractoperator.py", line 772, in _do_render_template_fields
    rendered_content = self.render_template(
                       ^^^^^^^^^^^^^^^^^^^^^
  File "/home/airflow/.local/lib/python3.12/site-packages/airflow/template/templater.py", line 168, in render_template
    template = jinja_env.get_template(value)
               ^^^^^^^^^^^^^^^^^^^^^^^^^^^^^
  File "/home/airflow/.local/lib/python3.12/site-packages/jinja2/environment.py", line 1013, in get_template
    return self._load_template(name, globals)
           ^^^^^^^^^^^^^^^^^^^^^^^^^^^^^^^^^^
  File "/home/airflow/.local/lib/python3.12/site-packages/jinja2/environment.py", line 972, in _load_template
    template = self.loader.load(self, name, self.make_globals(globals))
               ^^^^^^^^^^^^^^^^^^^^^^^^^^^^^^^^^^^^^^^^^^^^^^^^^^^^^^^^
  File "/home/airflow/.local/lib/python3.12/site-packages/jinja2/loaders.py", line 126, in load
    source, filename, uptodate = self.get_source(environment, name)
                                 ^^^^^^^^^^^^^^^^^^^^^^^^^^^^^^^^^^
  File "/home/airflow/.local/lib/python3.12/site-packages/jinja2/loaders.py", line 207, in get_source
    raise TemplateNotFound(template)
jinja2.exceptions.TemplateNotFound: python /opt/airflow/dags/scripts/run_scrapy.sh
[2024-11-12T09:53:42.527+0000] {taskinstance.py:1225} INFO - Marking task as UP_FOR_RETRY. dag_id=example_pipeline, task_id=run_scrapy, run_id=scheduled__2023-01-01T00:14:00+00:00, execution_date=20230101T001400, start_date=20241112T095342, end_date=20241112T095342
[2024-11-12T09:53:42.553+0000] {taskinstance.py:340} INFO - ::group::Post task execution logs
[2024-11-12T09:53:42.555+0000] {standard_task_runner.py:124} ERROR - Failed to execute job 10 for task run_scrapy (python /opt/airflow/dags/scripts/run_scrapy.sh; 228)
Traceback (most recent call last):
  File "/home/airflow/.local/lib/python3.12/site-packages/airflow/task/task_runner/standard_task_runner.py", line 117, in _start_by_fork
    ret = args.func(args, dag=self.dag)
          ^^^^^^^^^^^^^^^^^^^^^^^^^^^^^
  File "/home/airflow/.local/lib/python3.12/site-packages/airflow/cli/cli_config.py", line 49, in command
    return func(*args, **kwargs)
           ^^^^^^^^^^^^^^^^^^^^^
  File "/home/airflow/.local/lib/python3.12/site-packages/airflow/utils/cli.py", line 116, in wrapper
    return f(*args, **kwargs)
           ^^^^^^^^^^^^^^^^^^
  File "/home/airflow/.local/lib/python3.12/site-packages/airflow/cli/commands/task_command.py", line 483, in task_run
    task_return_code = _run_task_by_selected_method(args, _dag, ti)
                       ^^^^^^^^^^^^^^^^^^^^^^^^^^^^^^^^^^^^^^^^^^^^
  File "/home/airflow/.local/lib/python3.12/site-packages/airflow/cli/commands/task_command.py", line 256, in _run_task_by_selected_method
    return _run_raw_task(args, ti)
           ^^^^^^^^^^^^^^^^^^^^^^^
  File "/home/airflow/.local/lib/python3.12/site-packages/airflow/cli/commands/task_command.py", line 341, in _run_raw_task
    return ti._run_raw_task(
           ^^^^^^^^^^^^^^^^^
  File "/home/airflow/.local/lib/python3.12/site-packages/airflow/utils/session.py", line 97, in wrapper
    return func(*args, session=session, **kwargs)
           ^^^^^^^^^^^^^^^^^^^^^^^^^^^^^^^^^^^^^^
  File "/home/airflow/.local/lib/python3.12/site-packages/airflow/models/taskinstance.py", line 3005, in _run_raw_task
    return _run_raw_task(
           ^^^^^^^^^^^^^^
  File "/home/airflow/.local/lib/python3.12/site-packages/airflow/models/taskinstance.py", line 273, in _run_raw_task
    TaskInstance._execute_task_with_callbacks(
  File "/home/airflow/.local/lib/python3.12/site-packages/airflow/models/taskinstance.py", line 3115, in _execute_task_with_callbacks
    task_orig = self.render_templates(context=context, jinja_env=jinja_env)
                ^^^^^^^^^^^^^^^^^^^^^^^^^^^^^^^^^^^^^^^^^^^^^^^^^^^^^^^^^^^
  File "/home/airflow/.local/lib/python3.12/site-packages/airflow/models/taskinstance.py", line 3534, in render_templates
    original_task.render_template_fields(context, jinja_env)
  File "/home/airflow/.local/lib/python3.12/site-packages/airflow/models/baseoperator.py", line 1430, in render_template_fields
    self._do_render_template_fields(self, self.template_fields, context, jinja_env, set())
  File "/home/airflow/.local/lib/python3.12/site-packages/airflow/models/abstractoperator.py", line 772, in _do_render_template_fields
    rendered_content = self.render_template(
                       ^^^^^^^^^^^^^^^^^^^^^
  File "/home/airflow/.local/lib/python3.12/site-packages/airflow/template/templater.py", line 168, in render_template
    template = jinja_env.get_template(value)
               ^^^^^^^^^^^^^^^^^^^^^^^^^^^^^
  File "/home/airflow/.local/lib/python3.12/site-packages/jinja2/environment.py", line 1013, in get_template
    return self._load_template(name, globals)
           ^^^^^^^^^^^^^^^^^^^^^^^^^^^^^^^^^^
  File "/home/airflow/.local/lib/python3.12/site-packages/jinja2/environment.py", line 972, in _load_template
    template = self.loader.load(self, name, self.make_globals(globals))
               ^^^^^^^^^^^^^^^^^^^^^^^^^^^^^^^^^^^^^^^^^^^^^^^^^^^^^^^^
  File "/home/airflow/.local/lib/python3.12/site-packages/jinja2/loaders.py", line 126, in load
    source, filename, uptodate = self.get_source(environment, name)
                                 ^^^^^^^^^^^^^^^^^^^^^^^^^^^^^^^^^^
  File "/home/airflow/.local/lib/python3.12/site-packages/jinja2/loaders.py", line 207, in get_source
    raise TemplateNotFound(template)
jinja2.exceptions.TemplateNotFound: python /opt/airflow/dags/scripts/run_scrapy.sh
[2024-11-12T09:53:42.576+0000] {local_task_job_runner.py:266} INFO - Task exited with return code 1
[2024-11-12T09:53:42.642+0000] {taskinstance.py:3895} INFO - 0 downstream tasks scheduled from follow-on schedule check
[2024-11-12T09:53:42.644+0000] {local_task_job_runner.py:245} INFO - ::endgroup::
[2024-11-12T13:46:17.215+0000] {local_task_job_runner.py:123} INFO - ::group::Pre task execution logs
[2024-11-12T13:46:17.273+0000] {taskinstance.py:2613} INFO - Dependencies all met for dep_context=non-requeueable deps ti=<TaskInstance: example_pipeline.run_scrapy scheduled__2023-01-01T00:14:00+00:00 [queued]>
[2024-11-12T13:46:17.314+0000] {taskinstance.py:2613} INFO - Dependencies all met for dep_context=requeueable deps ti=<TaskInstance: example_pipeline.run_scrapy scheduled__2023-01-01T00:14:00+00:00 [queued]>
[2024-11-12T13:46:17.316+0000] {taskinstance.py:2866} INFO - Starting attempt 1 of 2
[2024-11-12T13:46:17.541+0000] {taskinstance.py:2889} INFO - Executing <Task(BashOperator): run_scrapy> on 2023-01-01 00:14:00+00:00
[2024-11-12T13:46:17.567+0000] {logging_mixin.py:190} WARNING - /home/airflow/.local/lib/python3.12/site-packages/airflow/task/task_runner/standard_task_runner.py:70 DeprecationWarning: This process (pid=237) is multi-threaded, use of fork() may lead to deadlocks in the child.
[2024-11-12T13:46:17.570+0000] {standard_task_runner.py:72} INFO - Started process 249 to run task
[2024-11-12T13:46:17.568+0000] {standard_task_runner.py:104} INFO - Running: ['airflow', 'tasks', 'run', 'example_pipeline', 'run_scrapy', 'scheduled__2023-01-01T00:14:00+00:00', '--job-id', '10', '--raw', '--subdir', 'DAGS_FOLDER/test_main.py', '--cfg-path', '/tmp/tmpd81p_7ew']
[2024-11-12T13:46:17.573+0000] {standard_task_runner.py:105} INFO - Job 10: Subtask run_scrapy
[2024-11-12T13:46:17.613+0000] {logging_mixin.py:190} WARNING - /home/airflow/.local/lib/python3.12/site-packages/airflow/settings.py:209 DeprecationWarning: The sql_alchemy_conn option in [core] has been moved to the sql_alchemy_conn option in [database] - the old setting has been used, but please update your config.
[2024-11-12T13:46:17.789+0000] {task_command.py:467} INFO - Running <TaskInstance: example_pipeline.run_scrapy scheduled__2023-01-01T00:14:00+00:00 [running]> on host 34672b8de507
[2024-11-12T13:46:17.800+0000] {logging_mixin.py:190} WARNING - /home/airflow/.local/lib/python3.12/site-packages/airflow/settings.py:470 DeprecationWarning: The sql_alchemy_conn option in [core] has been moved to the sql_alchemy_conn option in [database] - the old setting has been used, but please update your config.
[2024-11-12T13:46:18.010+0000] {abstractoperator.py:780} ERROR - Exception rendering Jinja template for task 'run_scrapy', field 'bash_command'. Template: 'python /opt/airflow/dags/scripts/run_scrapy.sh'
Traceback (most recent call last):
  File "/home/airflow/.local/lib/python3.12/site-packages/airflow/models/abstractoperator.py", line 772, in _do_render_template_fields
    rendered_content = self.render_template(
                       ^^^^^^^^^^^^^^^^^^^^^
  File "/home/airflow/.local/lib/python3.12/site-packages/airflow/template/templater.py", line 168, in render_template
    template = jinja_env.get_template(value)
               ^^^^^^^^^^^^^^^^^^^^^^^^^^^^^
  File "/home/airflow/.local/lib/python3.12/site-packages/jinja2/environment.py", line 1013, in get_template
    return self._load_template(name, globals)
           ^^^^^^^^^^^^^^^^^^^^^^^^^^^^^^^^^^
  File "/home/airflow/.local/lib/python3.12/site-packages/jinja2/environment.py", line 972, in _load_template
    template = self.loader.load(self, name, self.make_globals(globals))
               ^^^^^^^^^^^^^^^^^^^^^^^^^^^^^^^^^^^^^^^^^^^^^^^^^^^^^^^^
  File "/home/airflow/.local/lib/python3.12/site-packages/jinja2/loaders.py", line 126, in load
    source, filename, uptodate = self.get_source(environment, name)
                                 ^^^^^^^^^^^^^^^^^^^^^^^^^^^^^^^^^^
  File "/home/airflow/.local/lib/python3.12/site-packages/jinja2/loaders.py", line 207, in get_source
    raise TemplateNotFound(template)
jinja2.exceptions.TemplateNotFound: python /opt/airflow/dags/scripts/run_scrapy.sh
[2024-11-12T13:46:18.024+0000] {taskinstance.py:3311} ERROR - Task failed with exception
Traceback (most recent call last):
  File "/home/airflow/.local/lib/python3.12/site-packages/airflow/models/taskinstance.py", line 273, in _run_raw_task
    TaskInstance._execute_task_with_callbacks(
  File "/home/airflow/.local/lib/python3.12/site-packages/airflow/models/taskinstance.py", line 3115, in _execute_task_with_callbacks
    task_orig = self.render_templates(context=context, jinja_env=jinja_env)
                ^^^^^^^^^^^^^^^^^^^^^^^^^^^^^^^^^^^^^^^^^^^^^^^^^^^^^^^^^^^
  File "/home/airflow/.local/lib/python3.12/site-packages/airflow/models/taskinstance.py", line 3534, in render_templates
    original_task.render_template_fields(context, jinja_env)
  File "/home/airflow/.local/lib/python3.12/site-packages/airflow/models/baseoperator.py", line 1430, in render_template_fields
    self._do_render_template_fields(self, self.template_fields, context, jinja_env, set())
  File "/home/airflow/.local/lib/python3.12/site-packages/airflow/models/abstractoperator.py", line 772, in _do_render_template_fields
    rendered_content = self.render_template(
                       ^^^^^^^^^^^^^^^^^^^^^
  File "/home/airflow/.local/lib/python3.12/site-packages/airflow/template/templater.py", line 168, in render_template
    template = jinja_env.get_template(value)
               ^^^^^^^^^^^^^^^^^^^^^^^^^^^^^
  File "/home/airflow/.local/lib/python3.12/site-packages/jinja2/environment.py", line 1013, in get_template
    return self._load_template(name, globals)
           ^^^^^^^^^^^^^^^^^^^^^^^^^^^^^^^^^^
  File "/home/airflow/.local/lib/python3.12/site-packages/jinja2/environment.py", line 972, in _load_template
    template = self.loader.load(self, name, self.make_globals(globals))
               ^^^^^^^^^^^^^^^^^^^^^^^^^^^^^^^^^^^^^^^^^^^^^^^^^^^^^^^^
  File "/home/airflow/.local/lib/python3.12/site-packages/jinja2/loaders.py", line 126, in load
    source, filename, uptodate = self.get_source(environment, name)
                                 ^^^^^^^^^^^^^^^^^^^^^^^^^^^^^^^^^^
  File "/home/airflow/.local/lib/python3.12/site-packages/jinja2/loaders.py", line 207, in get_source
    raise TemplateNotFound(template)
jinja2.exceptions.TemplateNotFound: python /opt/airflow/dags/scripts/run_scrapy.sh
[2024-11-12T13:46:18.063+0000] {taskinstance.py:1225} INFO - Marking task as UP_FOR_RETRY. dag_id=example_pipeline, task_id=run_scrapy, run_id=scheduled__2023-01-01T00:14:00+00:00, execution_date=20230101T001400, start_date=20241112T134617, end_date=20241112T134618
[2024-11-12T13:46:18.103+0000] {taskinstance.py:340} INFO - ::group::Post task execution logs
[2024-11-12T13:46:18.105+0000] {standard_task_runner.py:124} ERROR - Failed to execute job 10 for task run_scrapy (python /opt/airflow/dags/scripts/run_scrapy.sh; 249)
Traceback (most recent call last):
  File "/home/airflow/.local/lib/python3.12/site-packages/airflow/task/task_runner/standard_task_runner.py", line 117, in _start_by_fork
    ret = args.func(args, dag=self.dag)
          ^^^^^^^^^^^^^^^^^^^^^^^^^^^^^
  File "/home/airflow/.local/lib/python3.12/site-packages/airflow/cli/cli_config.py", line 49, in command
    return func(*args, **kwargs)
           ^^^^^^^^^^^^^^^^^^^^^
  File "/home/airflow/.local/lib/python3.12/site-packages/airflow/utils/cli.py", line 116, in wrapper
    return f(*args, **kwargs)
           ^^^^^^^^^^^^^^^^^^
  File "/home/airflow/.local/lib/python3.12/site-packages/airflow/cli/commands/task_command.py", line 483, in task_run
    task_return_code = _run_task_by_selected_method(args, _dag, ti)
                       ^^^^^^^^^^^^^^^^^^^^^^^^^^^^^^^^^^^^^^^^^^^^
  File "/home/airflow/.local/lib/python3.12/site-packages/airflow/cli/commands/task_command.py", line 256, in _run_task_by_selected_method
    return _run_raw_task(args, ti)
           ^^^^^^^^^^^^^^^^^^^^^^^
  File "/home/airflow/.local/lib/python3.12/site-packages/airflow/cli/commands/task_command.py", line 341, in _run_raw_task
    return ti._run_raw_task(
           ^^^^^^^^^^^^^^^^^
  File "/home/airflow/.local/lib/python3.12/site-packages/airflow/utils/session.py", line 97, in wrapper
    return func(*args, session=session, **kwargs)
           ^^^^^^^^^^^^^^^^^^^^^^^^^^^^^^^^^^^^^^
  File "/home/airflow/.local/lib/python3.12/site-packages/airflow/models/taskinstance.py", line 3005, in _run_raw_task
    return _run_raw_task(
           ^^^^^^^^^^^^^^
  File "/home/airflow/.local/lib/python3.12/site-packages/airflow/models/taskinstance.py", line 273, in _run_raw_task
    TaskInstance._execute_task_with_callbacks(
  File "/home/airflow/.local/lib/python3.12/site-packages/airflow/models/taskinstance.py", line 3115, in _execute_task_with_callbacks
    task_orig = self.render_templates(context=context, jinja_env=jinja_env)
                ^^^^^^^^^^^^^^^^^^^^^^^^^^^^^^^^^^^^^^^^^^^^^^^^^^^^^^^^^^^
  File "/home/airflow/.local/lib/python3.12/site-packages/airflow/models/taskinstance.py", line 3534, in render_templates
    original_task.render_template_fields(context, jinja_env)
  File "/home/airflow/.local/lib/python3.12/site-packages/airflow/models/baseoperator.py", line 1430, in render_template_fields
    self._do_render_template_fields(self, self.template_fields, context, jinja_env, set())
  File "/home/airflow/.local/lib/python3.12/site-packages/airflow/models/abstractoperator.py", line 772, in _do_render_template_fields
    rendered_content = self.render_template(
                       ^^^^^^^^^^^^^^^^^^^^^
  File "/home/airflow/.local/lib/python3.12/site-packages/airflow/template/templater.py", line 168, in render_template
    template = jinja_env.get_template(value)
               ^^^^^^^^^^^^^^^^^^^^^^^^^^^^^
  File "/home/airflow/.local/lib/python3.12/site-packages/jinja2/environment.py", line 1013, in get_template
    return self._load_template(name, globals)
           ^^^^^^^^^^^^^^^^^^^^^^^^^^^^^^^^^^
  File "/home/airflow/.local/lib/python3.12/site-packages/jinja2/environment.py", line 972, in _load_template
    template = self.loader.load(self, name, self.make_globals(globals))
               ^^^^^^^^^^^^^^^^^^^^^^^^^^^^^^^^^^^^^^^^^^^^^^^^^^^^^^^^
  File "/home/airflow/.local/lib/python3.12/site-packages/jinja2/loaders.py", line 126, in load
    source, filename, uptodate = self.get_source(environment, name)
                                 ^^^^^^^^^^^^^^^^^^^^^^^^^^^^^^^^^^
  File "/home/airflow/.local/lib/python3.12/site-packages/jinja2/loaders.py", line 207, in get_source
    raise TemplateNotFound(template)
jinja2.exceptions.TemplateNotFound: python /opt/airflow/dags/scripts/run_scrapy.sh
[2024-11-12T13:46:18.156+0000] {local_task_job_runner.py:266} INFO - Task exited with return code 1
[2024-11-12T13:46:18.216+0000] {taskinstance.py:3895} INFO - 0 downstream tasks scheduled from follow-on schedule check
[2024-11-12T13:46:18.220+0000] {local_task_job_runner.py:245} INFO - ::endgroup::
[2024-11-12T15:12:53.271+0000] {local_task_job_runner.py:123} INFO - ::group::Pre task execution logs
[2024-11-12T15:12:53.308+0000] {taskinstance.py:2613} INFO - Dependencies all met for dep_context=non-requeueable deps ti=<TaskInstance: example_pipeline.run_scrapy scheduled__2023-01-01T00:14:00+00:00 [queued]>
[2024-11-12T15:12:53.323+0000] {taskinstance.py:2613} INFO - Dependencies all met for dep_context=requeueable deps ti=<TaskInstance: example_pipeline.run_scrapy scheduled__2023-01-01T00:14:00+00:00 [queued]>
[2024-11-12T15:12:53.324+0000] {taskinstance.py:2866} INFO - Starting attempt 1 of 2
[2024-11-12T15:12:53.361+0000] {taskinstance.py:2889} INFO - Executing <Task(BashOperator): run_scrapy> on 2023-01-01 00:14:00+00:00
[2024-11-12T15:12:53.378+0000] {logging_mixin.py:190} WARNING - /home/airflow/.local/lib/python3.12/site-packages/airflow/task/task_runner/standard_task_runner.py:70 DeprecationWarning: This process (pid=219) is multi-threaded, use of fork() may lead to deadlocks in the child.
[2024-11-12T15:12:53.381+0000] {standard_task_runner.py:72} INFO - Started process 225 to run task
[2024-11-12T15:12:53.378+0000] {standard_task_runner.py:104} INFO - Running: ['airflow', 'tasks', 'run', 'example_pipeline', 'run_scrapy', 'scheduled__2023-01-01T00:14:00+00:00', '--job-id', '10', '--raw', '--subdir', 'DAGS_FOLDER/test_main.py', '--cfg-path', '/tmp/tmpr1w0vnif']
[2024-11-12T15:12:53.384+0000] {standard_task_runner.py:105} INFO - Job 10: Subtask run_scrapy
[2024-11-12T15:12:53.411+0000] {logging_mixin.py:190} WARNING - /home/airflow/.local/lib/python3.12/site-packages/airflow/settings.py:209 DeprecationWarning: The sql_alchemy_conn option in [core] has been moved to the sql_alchemy_conn option in [database] - the old setting has been used, but please update your config.
[2024-11-12T15:12:53.473+0000] {task_command.py:467} INFO - Running <TaskInstance: example_pipeline.run_scrapy scheduled__2023-01-01T00:14:00+00:00 [running]> on host ada43a9a6433
[2024-11-12T15:12:53.477+0000] {logging_mixin.py:190} WARNING - /home/airflow/.local/lib/python3.12/site-packages/airflow/settings.py:470 DeprecationWarning: The sql_alchemy_conn option in [core] has been moved to the sql_alchemy_conn option in [database] - the old setting has been used, but please update your config.
[2024-11-12T15:12:53.541+0000] {abstractoperator.py:780} ERROR - Exception rendering Jinja template for task 'run_scrapy', field 'bash_command'. Template: 'python /opt/airflow/dags/scripts/run_scrapy.sh'
Traceback (most recent call last):
  File "/home/airflow/.local/lib/python3.12/site-packages/airflow/models/abstractoperator.py", line 772, in _do_render_template_fields
    rendered_content = self.render_template(
                       ^^^^^^^^^^^^^^^^^^^^^
  File "/home/airflow/.local/lib/python3.12/site-packages/airflow/template/templater.py", line 168, in render_template
    template = jinja_env.get_template(value)
               ^^^^^^^^^^^^^^^^^^^^^^^^^^^^^
  File "/home/airflow/.local/lib/python3.12/site-packages/jinja2/environment.py", line 1013, in get_template
    return self._load_template(name, globals)
           ^^^^^^^^^^^^^^^^^^^^^^^^^^^^^^^^^^
  File "/home/airflow/.local/lib/python3.12/site-packages/jinja2/environment.py", line 972, in _load_template
    template = self.loader.load(self, name, self.make_globals(globals))
               ^^^^^^^^^^^^^^^^^^^^^^^^^^^^^^^^^^^^^^^^^^^^^^^^^^^^^^^^
  File "/home/airflow/.local/lib/python3.12/site-packages/jinja2/loaders.py", line 126, in load
    source, filename, uptodate = self.get_source(environment, name)
                                 ^^^^^^^^^^^^^^^^^^^^^^^^^^^^^^^^^^
  File "/home/airflow/.local/lib/python3.12/site-packages/jinja2/loaders.py", line 207, in get_source
    raise TemplateNotFound(template)
jinja2.exceptions.TemplateNotFound: python /opt/airflow/dags/scripts/run_scrapy.sh
[2024-11-12T15:12:53.544+0000] {taskinstance.py:3311} ERROR - Task failed with exception
Traceback (most recent call last):
  File "/home/airflow/.local/lib/python3.12/site-packages/airflow/models/taskinstance.py", line 273, in _run_raw_task
    TaskInstance._execute_task_with_callbacks(
  File "/home/airflow/.local/lib/python3.12/site-packages/airflow/models/taskinstance.py", line 3115, in _execute_task_with_callbacks
    task_orig = self.render_templates(context=context, jinja_env=jinja_env)
                ^^^^^^^^^^^^^^^^^^^^^^^^^^^^^^^^^^^^^^^^^^^^^^^^^^^^^^^^^^^
  File "/home/airflow/.local/lib/python3.12/site-packages/airflow/models/taskinstance.py", line 3534, in render_templates
    original_task.render_template_fields(context, jinja_env)
  File "/home/airflow/.local/lib/python3.12/site-packages/airflow/models/baseoperator.py", line 1430, in render_template_fields
    self._do_render_template_fields(self, self.template_fields, context, jinja_env, set())
  File "/home/airflow/.local/lib/python3.12/site-packages/airflow/models/abstractoperator.py", line 772, in _do_render_template_fields
    rendered_content = self.render_template(
                       ^^^^^^^^^^^^^^^^^^^^^
  File "/home/airflow/.local/lib/python3.12/site-packages/airflow/template/templater.py", line 168, in render_template
    template = jinja_env.get_template(value)
               ^^^^^^^^^^^^^^^^^^^^^^^^^^^^^
  File "/home/airflow/.local/lib/python3.12/site-packages/jinja2/environment.py", line 1013, in get_template
    return self._load_template(name, globals)
           ^^^^^^^^^^^^^^^^^^^^^^^^^^^^^^^^^^
  File "/home/airflow/.local/lib/python3.12/site-packages/jinja2/environment.py", line 972, in _load_template
    template = self.loader.load(self, name, self.make_globals(globals))
               ^^^^^^^^^^^^^^^^^^^^^^^^^^^^^^^^^^^^^^^^^^^^^^^^^^^^^^^^
  File "/home/airflow/.local/lib/python3.12/site-packages/jinja2/loaders.py", line 126, in load
    source, filename, uptodate = self.get_source(environment, name)
                                 ^^^^^^^^^^^^^^^^^^^^^^^^^^^^^^^^^^
  File "/home/airflow/.local/lib/python3.12/site-packages/jinja2/loaders.py", line 207, in get_source
    raise TemplateNotFound(template)
jinja2.exceptions.TemplateNotFound: python /opt/airflow/dags/scripts/run_scrapy.sh
[2024-11-12T15:12:53.560+0000] {taskinstance.py:1225} INFO - Marking task as UP_FOR_RETRY. dag_id=example_pipeline, task_id=run_scrapy, run_id=scheduled__2023-01-01T00:14:00+00:00, execution_date=20230101T001400, start_date=20241112T151253, end_date=20241112T151253
[2024-11-12T15:12:53.590+0000] {taskinstance.py:340} INFO - ::group::Post task execution logs
[2024-11-12T15:12:53.592+0000] {standard_task_runner.py:124} ERROR - Failed to execute job 10 for task run_scrapy (python /opt/airflow/dags/scripts/run_scrapy.sh; 225)
Traceback (most recent call last):
  File "/home/airflow/.local/lib/python3.12/site-packages/airflow/task/task_runner/standard_task_runner.py", line 117, in _start_by_fork
    ret = args.func(args, dag=self.dag)
          ^^^^^^^^^^^^^^^^^^^^^^^^^^^^^
  File "/home/airflow/.local/lib/python3.12/site-packages/airflow/cli/cli_config.py", line 49, in command
    return func(*args, **kwargs)
           ^^^^^^^^^^^^^^^^^^^^^
  File "/home/airflow/.local/lib/python3.12/site-packages/airflow/utils/cli.py", line 116, in wrapper
    return f(*args, **kwargs)
           ^^^^^^^^^^^^^^^^^^
  File "/home/airflow/.local/lib/python3.12/site-packages/airflow/cli/commands/task_command.py", line 483, in task_run
    task_return_code = _run_task_by_selected_method(args, _dag, ti)
                       ^^^^^^^^^^^^^^^^^^^^^^^^^^^^^^^^^^^^^^^^^^^^
  File "/home/airflow/.local/lib/python3.12/site-packages/airflow/cli/commands/task_command.py", line 256, in _run_task_by_selected_method
    return _run_raw_task(args, ti)
           ^^^^^^^^^^^^^^^^^^^^^^^
  File "/home/airflow/.local/lib/python3.12/site-packages/airflow/cli/commands/task_command.py", line 341, in _run_raw_task
    return ti._run_raw_task(
           ^^^^^^^^^^^^^^^^^
  File "/home/airflow/.local/lib/python3.12/site-packages/airflow/utils/session.py", line 97, in wrapper
    return func(*args, session=session, **kwargs)
           ^^^^^^^^^^^^^^^^^^^^^^^^^^^^^^^^^^^^^^
  File "/home/airflow/.local/lib/python3.12/site-packages/airflow/models/taskinstance.py", line 3005, in _run_raw_task
    return _run_raw_task(
           ^^^^^^^^^^^^^^
  File "/home/airflow/.local/lib/python3.12/site-packages/airflow/models/taskinstance.py", line 273, in _run_raw_task
    TaskInstance._execute_task_with_callbacks(
  File "/home/airflow/.local/lib/python3.12/site-packages/airflow/models/taskinstance.py", line 3115, in _execute_task_with_callbacks
    task_orig = self.render_templates(context=context, jinja_env=jinja_env)
                ^^^^^^^^^^^^^^^^^^^^^^^^^^^^^^^^^^^^^^^^^^^^^^^^^^^^^^^^^^^
  File "/home/airflow/.local/lib/python3.12/site-packages/airflow/models/taskinstance.py", line 3534, in render_templates
    original_task.render_template_fields(context, jinja_env)
  File "/home/airflow/.local/lib/python3.12/site-packages/airflow/models/baseoperator.py", line 1430, in render_template_fields
    self._do_render_template_fields(self, self.template_fields, context, jinja_env, set())
  File "/home/airflow/.local/lib/python3.12/site-packages/airflow/models/abstractoperator.py", line 772, in _do_render_template_fields
    rendered_content = self.render_template(
                       ^^^^^^^^^^^^^^^^^^^^^
  File "/home/airflow/.local/lib/python3.12/site-packages/airflow/template/templater.py", line 168, in render_template
    template = jinja_env.get_template(value)
               ^^^^^^^^^^^^^^^^^^^^^^^^^^^^^
  File "/home/airflow/.local/lib/python3.12/site-packages/jinja2/environment.py", line 1013, in get_template
    return self._load_template(name, globals)
           ^^^^^^^^^^^^^^^^^^^^^^^^^^^^^^^^^^
  File "/home/airflow/.local/lib/python3.12/site-packages/jinja2/environment.py", line 972, in _load_template
    template = self.loader.load(self, name, self.make_globals(globals))
               ^^^^^^^^^^^^^^^^^^^^^^^^^^^^^^^^^^^^^^^^^^^^^^^^^^^^^^^^
  File "/home/airflow/.local/lib/python3.12/site-packages/jinja2/loaders.py", line 126, in load
    source, filename, uptodate = self.get_source(environment, name)
                                 ^^^^^^^^^^^^^^^^^^^^^^^^^^^^^^^^^^
  File "/home/airflow/.local/lib/python3.12/site-packages/jinja2/loaders.py", line 207, in get_source
    raise TemplateNotFound(template)
jinja2.exceptions.TemplateNotFound: python /opt/airflow/dags/scripts/run_scrapy.sh
[2024-11-12T15:12:53.640+0000] {local_task_job_runner.py:266} INFO - Task exited with return code 1
[2024-11-12T15:12:53.656+0000] {local_task_job_runner.py:245} INFO - ::endgroup::
[2024-11-12T16:16:45.156+0000] {local_task_job_runner.py:123} INFO - ::group::Pre task execution logs
[2024-11-12T16:16:45.185+0000] {taskinstance.py:2613} INFO - Dependencies all met for dep_context=non-requeueable deps ti=<TaskInstance: example_pipeline.run_scrapy scheduled__2023-01-01T00:14:00+00:00 [queued]>
[2024-11-12T16:16:45.198+0000] {taskinstance.py:2613} INFO - Dependencies all met for dep_context=requeueable deps ti=<TaskInstance: example_pipeline.run_scrapy scheduled__2023-01-01T00:14:00+00:00 [queued]>
[2024-11-12T16:16:45.199+0000] {taskinstance.py:2866} INFO - Starting attempt 1 of 2
[2024-11-12T16:16:45.247+0000] {taskinstance.py:2889} INFO - Executing <Task(BashOperator): run_scrapy> on 2023-01-01 00:14:00+00:00
[2024-11-12T16:16:45.266+0000] {logging_mixin.py:190} WARNING - /home/airflow/.local/lib/python3.12/site-packages/airflow/task/task_runner/standard_task_runner.py:70 DeprecationWarning: This process (pid=225) is multi-threaded, use of fork() may lead to deadlocks in the child.
[2024-11-12T16:16:45.270+0000] {standard_task_runner.py:72} INFO - Started process 233 to run task
[2024-11-12T16:16:45.268+0000] {standard_task_runner.py:104} INFO - Running: ['airflow', 'tasks', 'run', 'example_pipeline', 'run_scrapy', 'scheduled__2023-01-01T00:14:00+00:00', '--job-id', '10', '--raw', '--subdir', 'DAGS_FOLDER/test_main.py', '--cfg-path', '/tmp/tmp6026oxl4']
[2024-11-12T16:16:45.273+0000] {standard_task_runner.py:105} INFO - Job 10: Subtask run_scrapy
[2024-11-12T16:16:45.306+0000] {logging_mixin.py:190} WARNING - /home/airflow/.local/lib/python3.12/site-packages/airflow/settings.py:209 DeprecationWarning: The sql_alchemy_conn option in [core] has been moved to the sql_alchemy_conn option in [database] - the old setting has been used, but please update your config.
[2024-11-12T16:16:45.422+0000] {task_command.py:467} INFO - Running <TaskInstance: example_pipeline.run_scrapy scheduled__2023-01-01T00:14:00+00:00 [running]> on host 351dab94543d
[2024-11-12T16:16:45.424+0000] {logging_mixin.py:190} WARNING - /home/airflow/.local/lib/python3.12/site-packages/airflow/settings.py:470 DeprecationWarning: The sql_alchemy_conn option in [core] has been moved to the sql_alchemy_conn option in [database] - the old setting has been used, but please update your config.
[2024-11-12T16:16:45.566+0000] {abstractoperator.py:780} ERROR - Exception rendering Jinja template for task 'run_scrapy', field 'bash_command'. Template: 'python /opt/airflow/dags/scripts/run_scrapy.sh'
Traceback (most recent call last):
  File "/home/airflow/.local/lib/python3.12/site-packages/airflow/models/abstractoperator.py", line 772, in _do_render_template_fields
    rendered_content = self.render_template(
                       ^^^^^^^^^^^^^^^^^^^^^
  File "/home/airflow/.local/lib/python3.12/site-packages/airflow/template/templater.py", line 168, in render_template
    template = jinja_env.get_template(value)
               ^^^^^^^^^^^^^^^^^^^^^^^^^^^^^
  File "/home/airflow/.local/lib/python3.12/site-packages/jinja2/environment.py", line 1013, in get_template
    return self._load_template(name, globals)
           ^^^^^^^^^^^^^^^^^^^^^^^^^^^^^^^^^^
  File "/home/airflow/.local/lib/python3.12/site-packages/jinja2/environment.py", line 972, in _load_template
    template = self.loader.load(self, name, self.make_globals(globals))
               ^^^^^^^^^^^^^^^^^^^^^^^^^^^^^^^^^^^^^^^^^^^^^^^^^^^^^^^^
  File "/home/airflow/.local/lib/python3.12/site-packages/jinja2/loaders.py", line 126, in load
    source, filename, uptodate = self.get_source(environment, name)
                                 ^^^^^^^^^^^^^^^^^^^^^^^^^^^^^^^^^^
  File "/home/airflow/.local/lib/python3.12/site-packages/jinja2/loaders.py", line 207, in get_source
    raise TemplateNotFound(template)
jinja2.exceptions.TemplateNotFound: python /opt/airflow/dags/scripts/run_scrapy.sh
[2024-11-12T16:16:45.574+0000] {taskinstance.py:3311} ERROR - Task failed with exception
Traceback (most recent call last):
  File "/home/airflow/.local/lib/python3.12/site-packages/airflow/models/taskinstance.py", line 273, in _run_raw_task
    TaskInstance._execute_task_with_callbacks(
  File "/home/airflow/.local/lib/python3.12/site-packages/airflow/models/taskinstance.py", line 3115, in _execute_task_with_callbacks
    task_orig = self.render_templates(context=context, jinja_env=jinja_env)
                ^^^^^^^^^^^^^^^^^^^^^^^^^^^^^^^^^^^^^^^^^^^^^^^^^^^^^^^^^^^
  File "/home/airflow/.local/lib/python3.12/site-packages/airflow/models/taskinstance.py", line 3534, in render_templates
    original_task.render_template_fields(context, jinja_env)
  File "/home/airflow/.local/lib/python3.12/site-packages/airflow/models/baseoperator.py", line 1430, in render_template_fields
    self._do_render_template_fields(self, self.template_fields, context, jinja_env, set())
  File "/home/airflow/.local/lib/python3.12/site-packages/airflow/models/abstractoperator.py", line 772, in _do_render_template_fields
    rendered_content = self.render_template(
                       ^^^^^^^^^^^^^^^^^^^^^
  File "/home/airflow/.local/lib/python3.12/site-packages/airflow/template/templater.py", line 168, in render_template
    template = jinja_env.get_template(value)
               ^^^^^^^^^^^^^^^^^^^^^^^^^^^^^
  File "/home/airflow/.local/lib/python3.12/site-packages/jinja2/environment.py", line 1013, in get_template
    return self._load_template(name, globals)
           ^^^^^^^^^^^^^^^^^^^^^^^^^^^^^^^^^^
  File "/home/airflow/.local/lib/python3.12/site-packages/jinja2/environment.py", line 972, in _load_template
    template = self.loader.load(self, name, self.make_globals(globals))
               ^^^^^^^^^^^^^^^^^^^^^^^^^^^^^^^^^^^^^^^^^^^^^^^^^^^^^^^^
  File "/home/airflow/.local/lib/python3.12/site-packages/jinja2/loaders.py", line 126, in load
    source, filename, uptodate = self.get_source(environment, name)
                                 ^^^^^^^^^^^^^^^^^^^^^^^^^^^^^^^^^^
  File "/home/airflow/.local/lib/python3.12/site-packages/jinja2/loaders.py", line 207, in get_source
    raise TemplateNotFound(template)
jinja2.exceptions.TemplateNotFound: python /opt/airflow/dags/scripts/run_scrapy.sh
[2024-11-12T16:16:45.652+0000] {taskinstance.py:1225} INFO - Marking task as UP_FOR_RETRY. dag_id=example_pipeline, task_id=run_scrapy, run_id=scheduled__2023-01-01T00:14:00+00:00, execution_date=20230101T001400, start_date=20241112T161645, end_date=20241112T161645
[2024-11-12T16:16:45.685+0000] {taskinstance.py:340} INFO - ::group::Post task execution logs
[2024-11-12T16:16:45.687+0000] {standard_task_runner.py:124} ERROR - Failed to execute job 10 for task run_scrapy (python /opt/airflow/dags/scripts/run_scrapy.sh; 233)
Traceback (most recent call last):
  File "/home/airflow/.local/lib/python3.12/site-packages/airflow/task/task_runner/standard_task_runner.py", line 117, in _start_by_fork
    ret = args.func(args, dag=self.dag)
          ^^^^^^^^^^^^^^^^^^^^^^^^^^^^^
  File "/home/airflow/.local/lib/python3.12/site-packages/airflow/cli/cli_config.py", line 49, in command
    return func(*args, **kwargs)
           ^^^^^^^^^^^^^^^^^^^^^
  File "/home/airflow/.local/lib/python3.12/site-packages/airflow/utils/cli.py", line 116, in wrapper
    return f(*args, **kwargs)
           ^^^^^^^^^^^^^^^^^^
  File "/home/airflow/.local/lib/python3.12/site-packages/airflow/cli/commands/task_command.py", line 483, in task_run
    task_return_code = _run_task_by_selected_method(args, _dag, ti)
                       ^^^^^^^^^^^^^^^^^^^^^^^^^^^^^^^^^^^^^^^^^^^^
  File "/home/airflow/.local/lib/python3.12/site-packages/airflow/cli/commands/task_command.py", line 256, in _run_task_by_selected_method
    return _run_raw_task(args, ti)
           ^^^^^^^^^^^^^^^^^^^^^^^
  File "/home/airflow/.local/lib/python3.12/site-packages/airflow/cli/commands/task_command.py", line 341, in _run_raw_task
    return ti._run_raw_task(
           ^^^^^^^^^^^^^^^^^
  File "/home/airflow/.local/lib/python3.12/site-packages/airflow/utils/session.py", line 97, in wrapper
    return func(*args, session=session, **kwargs)
           ^^^^^^^^^^^^^^^^^^^^^^^^^^^^^^^^^^^^^^
  File "/home/airflow/.local/lib/python3.12/site-packages/airflow/models/taskinstance.py", line 3005, in _run_raw_task
    return _run_raw_task(
           ^^^^^^^^^^^^^^
  File "/home/airflow/.local/lib/python3.12/site-packages/airflow/models/taskinstance.py", line 273, in _run_raw_task
    TaskInstance._execute_task_with_callbacks(
  File "/home/airflow/.local/lib/python3.12/site-packages/airflow/models/taskinstance.py", line 3115, in _execute_task_with_callbacks
    task_orig = self.render_templates(context=context, jinja_env=jinja_env)
                ^^^^^^^^^^^^^^^^^^^^^^^^^^^^^^^^^^^^^^^^^^^^^^^^^^^^^^^^^^^
  File "/home/airflow/.local/lib/python3.12/site-packages/airflow/models/taskinstance.py", line 3534, in render_templates
    original_task.render_template_fields(context, jinja_env)
  File "/home/airflow/.local/lib/python3.12/site-packages/airflow/models/baseoperator.py", line 1430, in render_template_fields
    self._do_render_template_fields(self, self.template_fields, context, jinja_env, set())
  File "/home/airflow/.local/lib/python3.12/site-packages/airflow/models/abstractoperator.py", line 772, in _do_render_template_fields
    rendered_content = self.render_template(
                       ^^^^^^^^^^^^^^^^^^^^^
  File "/home/airflow/.local/lib/python3.12/site-packages/airflow/template/templater.py", line 168, in render_template
    template = jinja_env.get_template(value)
               ^^^^^^^^^^^^^^^^^^^^^^^^^^^^^
  File "/home/airflow/.local/lib/python3.12/site-packages/jinja2/environment.py", line 1013, in get_template
    return self._load_template(name, globals)
           ^^^^^^^^^^^^^^^^^^^^^^^^^^^^^^^^^^
  File "/home/airflow/.local/lib/python3.12/site-packages/jinja2/environment.py", line 972, in _load_template
    template = self.loader.load(self, name, self.make_globals(globals))
               ^^^^^^^^^^^^^^^^^^^^^^^^^^^^^^^^^^^^^^^^^^^^^^^^^^^^^^^^
  File "/home/airflow/.local/lib/python3.12/site-packages/jinja2/loaders.py", line 126, in load
    source, filename, uptodate = self.get_source(environment, name)
                                 ^^^^^^^^^^^^^^^^^^^^^^^^^^^^^^^^^^
  File "/home/airflow/.local/lib/python3.12/site-packages/jinja2/loaders.py", line 207, in get_source
    raise TemplateNotFound(template)
jinja2.exceptions.TemplateNotFound: python /opt/airflow/dags/scripts/run_scrapy.sh
[2024-11-12T16:16:45.731+0000] {local_task_job_runner.py:266} INFO - Task exited with return code 1
[2024-11-12T16:16:45.799+0000] {taskinstance.py:3895} INFO - 0 downstream tasks scheduled from follow-on schedule check
[2024-11-12T16:16:45.805+0000] {local_task_job_runner.py:245} INFO - ::endgroup::
[2024-11-12T16:30:09.774+0000] {local_task_job_runner.py:123} INFO - ::group::Pre task execution logs
[2024-11-12T16:30:09.799+0000] {taskinstance.py:2613} INFO - Dependencies all met for dep_context=non-requeueable deps ti=<TaskInstance: example_pipeline.run_scrapy scheduled__2023-01-01T00:14:00+00:00 [queued]>
[2024-11-12T16:30:09.820+0000] {taskinstance.py:2613} INFO - Dependencies all met for dep_context=requeueable deps ti=<TaskInstance: example_pipeline.run_scrapy scheduled__2023-01-01T00:14:00+00:00 [queued]>
[2024-11-12T16:30:09.821+0000] {taskinstance.py:2866} INFO - Starting attempt 1 of 2
[2024-11-12T16:30:09.847+0000] {taskinstance.py:2889} INFO - Executing <Task(BashOperator): run_scrapy> on 2023-01-01 00:14:00+00:00
[2024-11-12T16:30:09.871+0000] {logging_mixin.py:190} WARNING - /home/airflow/.local/lib/python3.12/site-packages/airflow/task/task_runner/standard_task_runner.py:70 DeprecationWarning: This process (pid=217) is multi-threaded, use of fork() may lead to deadlocks in the child.
[2024-11-12T16:30:09.874+0000] {standard_task_runner.py:72} INFO - Started process 226 to run task
[2024-11-12T16:30:09.874+0000] {standard_task_runner.py:104} INFO - Running: ['airflow', 'tasks', 'run', 'example_pipeline', 'run_scrapy', 'scheduled__2023-01-01T00:14:00+00:00', '--job-id', '10', '--raw', '--subdir', 'DAGS_FOLDER/test_main.py', '--cfg-path', '/tmp/tmppegtu4a6']
[2024-11-12T16:30:09.879+0000] {standard_task_runner.py:105} INFO - Job 10: Subtask run_scrapy
[2024-11-12T16:30:09.912+0000] {logging_mixin.py:190} WARNING - /home/airflow/.local/lib/python3.12/site-packages/airflow/settings.py:209 DeprecationWarning: The sql_alchemy_conn option in [core] has been moved to the sql_alchemy_conn option in [database] - the old setting has been used, but please update your config.
[2024-11-12T16:30:09.984+0000] {task_command.py:467} INFO - Running <TaskInstance: example_pipeline.run_scrapy scheduled__2023-01-01T00:14:00+00:00 [running]> on host bd82841c09dc
[2024-11-12T16:30:09.987+0000] {logging_mixin.py:190} WARNING - /home/airflow/.local/lib/python3.12/site-packages/airflow/settings.py:470 DeprecationWarning: The sql_alchemy_conn option in [core] has been moved to the sql_alchemy_conn option in [database] - the old setting has been used, but please update your config.
[2024-11-12T16:30:10.097+0000] {abstractoperator.py:780} ERROR - Exception rendering Jinja template for task 'run_scrapy', field 'bash_command'. Template: 'bash /opt/airflow/DeTaiPhanTichDinhLuong_Xuly_Pyspark_WebKimDong_BanChinh/entrypoint.sh'
Traceback (most recent call last):
  File "/home/airflow/.local/lib/python3.12/site-packages/airflow/models/abstractoperator.py", line 772, in _do_render_template_fields
    rendered_content = self.render_template(
                       ^^^^^^^^^^^^^^^^^^^^^
  File "/home/airflow/.local/lib/python3.12/site-packages/airflow/template/templater.py", line 168, in render_template
    template = jinja_env.get_template(value)
               ^^^^^^^^^^^^^^^^^^^^^^^^^^^^^
  File "/home/airflow/.local/lib/python3.12/site-packages/jinja2/environment.py", line 1013, in get_template
    return self._load_template(name, globals)
           ^^^^^^^^^^^^^^^^^^^^^^^^^^^^^^^^^^
  File "/home/airflow/.local/lib/python3.12/site-packages/jinja2/environment.py", line 972, in _load_template
    template = self.loader.load(self, name, self.make_globals(globals))
               ^^^^^^^^^^^^^^^^^^^^^^^^^^^^^^^^^^^^^^^^^^^^^^^^^^^^^^^^
  File "/home/airflow/.local/lib/python3.12/site-packages/jinja2/loaders.py", line 126, in load
    source, filename, uptodate = self.get_source(environment, name)
                                 ^^^^^^^^^^^^^^^^^^^^^^^^^^^^^^^^^^
  File "/home/airflow/.local/lib/python3.12/site-packages/jinja2/loaders.py", line 207, in get_source
    raise TemplateNotFound(template)
jinja2.exceptions.TemplateNotFound: bash /opt/airflow/DeTaiPhanTichDinhLuong_Xuly_Pyspark_WebKimDong_BanChinh/entrypoint.sh
[2024-11-12T16:30:10.103+0000] {taskinstance.py:3311} ERROR - Task failed with exception
Traceback (most recent call last):
  File "/home/airflow/.local/lib/python3.12/site-packages/airflow/models/taskinstance.py", line 273, in _run_raw_task
    TaskInstance._execute_task_with_callbacks(
  File "/home/airflow/.local/lib/python3.12/site-packages/airflow/models/taskinstance.py", line 3115, in _execute_task_with_callbacks
    task_orig = self.render_templates(context=context, jinja_env=jinja_env)
                ^^^^^^^^^^^^^^^^^^^^^^^^^^^^^^^^^^^^^^^^^^^^^^^^^^^^^^^^^^^
  File "/home/airflow/.local/lib/python3.12/site-packages/airflow/models/taskinstance.py", line 3534, in render_templates
    original_task.render_template_fields(context, jinja_env)
  File "/home/airflow/.local/lib/python3.12/site-packages/airflow/models/baseoperator.py", line 1430, in render_template_fields
    self._do_render_template_fields(self, self.template_fields, context, jinja_env, set())
  File "/home/airflow/.local/lib/python3.12/site-packages/airflow/models/abstractoperator.py", line 772, in _do_render_template_fields
    rendered_content = self.render_template(
                       ^^^^^^^^^^^^^^^^^^^^^
  File "/home/airflow/.local/lib/python3.12/site-packages/airflow/template/templater.py", line 168, in render_template
    template = jinja_env.get_template(value)
               ^^^^^^^^^^^^^^^^^^^^^^^^^^^^^
  File "/home/airflow/.local/lib/python3.12/site-packages/jinja2/environment.py", line 1013, in get_template
    return self._load_template(name, globals)
           ^^^^^^^^^^^^^^^^^^^^^^^^^^^^^^^^^^
  File "/home/airflow/.local/lib/python3.12/site-packages/jinja2/environment.py", line 972, in _load_template
    template = self.loader.load(self, name, self.make_globals(globals))
               ^^^^^^^^^^^^^^^^^^^^^^^^^^^^^^^^^^^^^^^^^^^^^^^^^^^^^^^^
  File "/home/airflow/.local/lib/python3.12/site-packages/jinja2/loaders.py", line 126, in load
    source, filename, uptodate = self.get_source(environment, name)
                                 ^^^^^^^^^^^^^^^^^^^^^^^^^^^^^^^^^^
  File "/home/airflow/.local/lib/python3.12/site-packages/jinja2/loaders.py", line 207, in get_source
    raise TemplateNotFound(template)
jinja2.exceptions.TemplateNotFound: bash /opt/airflow/DeTaiPhanTichDinhLuong_Xuly_Pyspark_WebKimDong_BanChinh/entrypoint.sh
[2024-11-12T16:30:10.145+0000] {taskinstance.py:1225} INFO - Marking task as UP_FOR_RETRY. dag_id=example_pipeline, task_id=run_scrapy, run_id=scheduled__2023-01-01T00:14:00+00:00, execution_date=20230101T001400, start_date=20241112T163009, end_date=20241112T163010
[2024-11-12T16:30:10.182+0000] {taskinstance.py:340} INFO - ::group::Post task execution logs
[2024-11-12T16:30:10.184+0000] {standard_task_runner.py:124} ERROR - Failed to execute job 10 for task run_scrapy (bash /opt/airflow/DeTaiPhanTichDinhLuong_Xuly_Pyspark_WebKimDong_BanChinh/entrypoint.sh; 226)
Traceback (most recent call last):
  File "/home/airflow/.local/lib/python3.12/site-packages/airflow/task/task_runner/standard_task_runner.py", line 117, in _start_by_fork
    ret = args.func(args, dag=self.dag)
          ^^^^^^^^^^^^^^^^^^^^^^^^^^^^^
  File "/home/airflow/.local/lib/python3.12/site-packages/airflow/cli/cli_config.py", line 49, in command
    return func(*args, **kwargs)
           ^^^^^^^^^^^^^^^^^^^^^
  File "/home/airflow/.local/lib/python3.12/site-packages/airflow/utils/cli.py", line 116, in wrapper
    return f(*args, **kwargs)
           ^^^^^^^^^^^^^^^^^^
  File "/home/airflow/.local/lib/python3.12/site-packages/airflow/cli/commands/task_command.py", line 483, in task_run
    task_return_code = _run_task_by_selected_method(args, _dag, ti)
                       ^^^^^^^^^^^^^^^^^^^^^^^^^^^^^^^^^^^^^^^^^^^^
  File "/home/airflow/.local/lib/python3.12/site-packages/airflow/cli/commands/task_command.py", line 256, in _run_task_by_selected_method
    return _run_raw_task(args, ti)
           ^^^^^^^^^^^^^^^^^^^^^^^
  File "/home/airflow/.local/lib/python3.12/site-packages/airflow/cli/commands/task_command.py", line 341, in _run_raw_task
    return ti._run_raw_task(
           ^^^^^^^^^^^^^^^^^
  File "/home/airflow/.local/lib/python3.12/site-packages/airflow/utils/session.py", line 97, in wrapper
    return func(*args, session=session, **kwargs)
           ^^^^^^^^^^^^^^^^^^^^^^^^^^^^^^^^^^^^^^
  File "/home/airflow/.local/lib/python3.12/site-packages/airflow/models/taskinstance.py", line 3005, in _run_raw_task
    return _run_raw_task(
           ^^^^^^^^^^^^^^
  File "/home/airflow/.local/lib/python3.12/site-packages/airflow/models/taskinstance.py", line 273, in _run_raw_task
    TaskInstance._execute_task_with_callbacks(
  File "/home/airflow/.local/lib/python3.12/site-packages/airflow/models/taskinstance.py", line 3115, in _execute_task_with_callbacks
    task_orig = self.render_templates(context=context, jinja_env=jinja_env)
                ^^^^^^^^^^^^^^^^^^^^^^^^^^^^^^^^^^^^^^^^^^^^^^^^^^^^^^^^^^^
  File "/home/airflow/.local/lib/python3.12/site-packages/airflow/models/taskinstance.py", line 3534, in render_templates
    original_task.render_template_fields(context, jinja_env)
  File "/home/airflow/.local/lib/python3.12/site-packages/airflow/models/baseoperator.py", line 1430, in render_template_fields
    self._do_render_template_fields(self, self.template_fields, context, jinja_env, set())
  File "/home/airflow/.local/lib/python3.12/site-packages/airflow/models/abstractoperator.py", line 772, in _do_render_template_fields
    rendered_content = self.render_template(
                       ^^^^^^^^^^^^^^^^^^^^^
  File "/home/airflow/.local/lib/python3.12/site-packages/airflow/template/templater.py", line 168, in render_template
    template = jinja_env.get_template(value)
               ^^^^^^^^^^^^^^^^^^^^^^^^^^^^^
  File "/home/airflow/.local/lib/python3.12/site-packages/jinja2/environment.py", line 1013, in get_template
    return self._load_template(name, globals)
           ^^^^^^^^^^^^^^^^^^^^^^^^^^^^^^^^^^
  File "/home/airflow/.local/lib/python3.12/site-packages/jinja2/environment.py", line 972, in _load_template
    template = self.loader.load(self, name, self.make_globals(globals))
               ^^^^^^^^^^^^^^^^^^^^^^^^^^^^^^^^^^^^^^^^^^^^^^^^^^^^^^^^
  File "/home/airflow/.local/lib/python3.12/site-packages/jinja2/loaders.py", line 126, in load
    source, filename, uptodate = self.get_source(environment, name)
                                 ^^^^^^^^^^^^^^^^^^^^^^^^^^^^^^^^^^
  File "/home/airflow/.local/lib/python3.12/site-packages/jinja2/loaders.py", line 207, in get_source
    raise TemplateNotFound(template)
jinja2.exceptions.TemplateNotFound: bash /opt/airflow/DeTaiPhanTichDinhLuong_Xuly_Pyspark_WebKimDong_BanChinh/entrypoint.sh
[2024-11-12T16:30:10.216+0000] {local_task_job_runner.py:266} INFO - Task exited with return code 1
[2024-11-12T16:30:10.236+0000] {local_task_job_runner.py:245} INFO - ::endgroup::
[2024-11-12T16:35:33.284+0000] {local_task_job_runner.py:123} INFO - ::group::Pre task execution logs
[2024-11-12T16:35:33.306+0000] {taskinstance.py:2613} INFO - Dependencies all met for dep_context=non-requeueable deps ti=<TaskInstance: example_pipeline.run_scrapy scheduled__2023-01-01T00:14:00+00:00 [queued]>
[2024-11-12T16:35:33.318+0000] {taskinstance.py:2613} INFO - Dependencies all met for dep_context=requeueable deps ti=<TaskInstance: example_pipeline.run_scrapy scheduled__2023-01-01T00:14:00+00:00 [queued]>
[2024-11-12T16:35:33.319+0000] {taskinstance.py:2866} INFO - Starting attempt 1 of 2
[2024-11-12T16:35:33.425+0000] {taskinstance.py:2889} INFO - Executing <Task(BashOperator): run_scrapy> on 2023-01-01 00:14:00+00:00
[2024-11-12T16:35:33.443+0000] {logging_mixin.py:190} WARNING - /home/airflow/.local/lib/python3.12/site-packages/airflow/task/task_runner/standard_task_runner.py:70 DeprecationWarning: This process (pid=286) is multi-threaded, use of fork() may lead to deadlocks in the child.
[2024-11-12T16:35:33.443+0000] {standard_task_runner.py:104} INFO - Running: ['airflow', 'tasks', 'run', 'example_pipeline', 'run_scrapy', 'scheduled__2023-01-01T00:14:00+00:00', '--job-id', '9', '--raw', '--subdir', 'DAGS_FOLDER/test_main.py', '--cfg-path', '/tmp/tmpw79w9scz']
[2024-11-12T16:35:33.446+0000] {standard_task_runner.py:72} INFO - Started process 290 to run task
[2024-11-12T16:35:33.446+0000] {standard_task_runner.py:105} INFO - Job 9: Subtask run_scrapy
[2024-11-12T16:35:33.475+0000] {logging_mixin.py:190} WARNING - /home/airflow/.local/lib/python3.12/site-packages/airflow/settings.py:209 DeprecationWarning: The sql_alchemy_conn option in [core] has been moved to the sql_alchemy_conn option in [database] - the old setting has been used, but please update your config.
[2024-11-12T16:35:33.557+0000] {task_command.py:467} INFO - Running <TaskInstance: example_pipeline.run_scrapy scheduled__2023-01-01T00:14:00+00:00 [running]> on host 713baf4b0987
[2024-11-12T16:35:33.560+0000] {logging_mixin.py:190} WARNING - /home/airflow/.local/lib/python3.12/site-packages/airflow/settings.py:470 DeprecationWarning: The sql_alchemy_conn option in [core] has been moved to the sql_alchemy_conn option in [database] - the old setting has been used, but please update your config.
[2024-11-12T16:35:33.712+0000] {taskinstance.py:3132} INFO - Exporting env vars: AIRFLOW_CTX_DAG_OWNER='airflow' AIRFLOW_CTX_DAG_ID='example_pipeline' AIRFLOW_CTX_TASK_ID='run_scrapy' AIRFLOW_CTX_EXECUTION_DATE='2023-01-01T00:14:00+00:00' AIRFLOW_CTX_TRY_NUMBER='1' AIRFLOW_CTX_DAG_RUN_ID='scheduled__2023-01-01T00:14:00+00:00'
[2024-11-12T16:35:33.715+0000] {taskinstance.py:731} INFO - ::endgroup::
[2024-11-12T16:35:33.756+0000] {subprocess.py:78} INFO - Tmp dir root location: /tmp
[2024-11-12T16:35:33.760+0000] {subprocess.py:88} INFO - Running command: ['/usr/bin/bash', '-c', 'docker build -t thaian /opt/airflow']
[2024-11-12T16:35:33.789+0000] {subprocess.py:99} INFO - Output:
[2024-11-12T16:35:33.828+0000] {subprocess.py:106} INFO - DEPRECATED: The legacy builder is deprecated and will be removed in a future release.
[2024-11-12T16:35:33.830+0000] {subprocess.py:106} INFO -             Install the buildx component to build images with BuildKit:
[2024-11-12T16:35:33.832+0000] {subprocess.py:106} INFO -             https://docs.docker.com/go/buildx/
[2024-11-12T16:35:33.833+0000] {subprocess.py:106} INFO - 
[2024-11-12T16:35:33.834+0000] {subprocess.py:106} INFO - unable to prepare context: unable to evaluate symlinks in Dockerfile path: lstat /opt/airflow/Dockerfile: no such file or directory
[2024-11-12T16:35:33.835+0000] {subprocess.py:110} INFO - Command exited with return code 1
[2024-11-12T16:35:33.864+0000] {taskinstance.py:3311} ERROR - Task failed with exception
Traceback (most recent call last):
  File "/home/airflow/.local/lib/python3.12/site-packages/airflow/models/taskinstance.py", line 767, in _execute_task
    result = _execute_callable(context=context, **execute_callable_kwargs)
             ^^^^^^^^^^^^^^^^^^^^^^^^^^^^^^^^^^^^^^^^^^^^^^^^^^^^^^^^^^^^^
  File "/home/airflow/.local/lib/python3.12/site-packages/airflow/models/taskinstance.py", line 733, in _execute_callable
    return ExecutionCallableRunner(
           ^^^^^^^^^^^^^^^^^^^^^^^^
  File "/home/airflow/.local/lib/python3.12/site-packages/airflow/utils/operator_helpers.py", line 252, in run
    return self.func(*args, **kwargs)
           ^^^^^^^^^^^^^^^^^^^^^^^^^^
  File "/home/airflow/.local/lib/python3.12/site-packages/airflow/models/baseoperator.py", line 417, in wrapper
    return func(self, *args, **kwargs)
           ^^^^^^^^^^^^^^^^^^^^^^^^^^^
  File "/home/airflow/.local/lib/python3.12/site-packages/airflow/operators/bash.py", line 276, in execute
    raise AirflowException(
airflow.exceptions.AirflowException: Bash command failed. The command returned a non-zero exit code 1.
[2024-11-12T16:35:33.882+0000] {taskinstance.py:1225} INFO - Marking task as UP_FOR_RETRY. dag_id=example_pipeline, task_id=run_scrapy, run_id=scheduled__2023-01-01T00:14:00+00:00, execution_date=20230101T001400, start_date=20241112T163533, end_date=20241112T163533
[2024-11-12T16:35:34.057+0000] {taskinstance.py:340} INFO - ::group::Post task execution logs
[2024-11-12T16:35:34.060+0000] {standard_task_runner.py:124} ERROR - Failed to execute job 9 for task run_scrapy (Bash command failed. The command returned a non-zero exit code 1.; 290)
Traceback (most recent call last):
  File "/home/airflow/.local/lib/python3.12/site-packages/airflow/task/task_runner/standard_task_runner.py", line 117, in _start_by_fork
    ret = args.func(args, dag=self.dag)
          ^^^^^^^^^^^^^^^^^^^^^^^^^^^^^
  File "/home/airflow/.local/lib/python3.12/site-packages/airflow/cli/cli_config.py", line 49, in command
    return func(*args, **kwargs)
           ^^^^^^^^^^^^^^^^^^^^^
  File "/home/airflow/.local/lib/python3.12/site-packages/airflow/utils/cli.py", line 116, in wrapper
    return f(*args, **kwargs)
           ^^^^^^^^^^^^^^^^^^
  File "/home/airflow/.local/lib/python3.12/site-packages/airflow/cli/commands/task_command.py", line 483, in task_run
    task_return_code = _run_task_by_selected_method(args, _dag, ti)
                       ^^^^^^^^^^^^^^^^^^^^^^^^^^^^^^^^^^^^^^^^^^^^
  File "/home/airflow/.local/lib/python3.12/site-packages/airflow/cli/commands/task_command.py", line 256, in _run_task_by_selected_method
    return _run_raw_task(args, ti)
           ^^^^^^^^^^^^^^^^^^^^^^^
  File "/home/airflow/.local/lib/python3.12/site-packages/airflow/cli/commands/task_command.py", line 341, in _run_raw_task
    return ti._run_raw_task(
           ^^^^^^^^^^^^^^^^^
  File "/home/airflow/.local/lib/python3.12/site-packages/airflow/utils/session.py", line 97, in wrapper
    return func(*args, session=session, **kwargs)
           ^^^^^^^^^^^^^^^^^^^^^^^^^^^^^^^^^^^^^^
  File "/home/airflow/.local/lib/python3.12/site-packages/airflow/models/taskinstance.py", line 3005, in _run_raw_task
    return _run_raw_task(
           ^^^^^^^^^^^^^^
  File "/home/airflow/.local/lib/python3.12/site-packages/airflow/models/taskinstance.py", line 273, in _run_raw_task
    TaskInstance._execute_task_with_callbacks(
  File "/home/airflow/.local/lib/python3.12/site-packages/airflow/models/taskinstance.py", line 3159, in _execute_task_with_callbacks
    result = self._execute_task(context, task_orig)
             ^^^^^^^^^^^^^^^^^^^^^^^^^^^^^^^^^^^^^^
  File "/home/airflow/.local/lib/python3.12/site-packages/airflow/models/taskinstance.py", line 3183, in _execute_task
    return _execute_task(self, context, task_orig)
           ^^^^^^^^^^^^^^^^^^^^^^^^^^^^^^^^^^^^^^^
  File "/home/airflow/.local/lib/python3.12/site-packages/airflow/models/taskinstance.py", line 767, in _execute_task
    result = _execute_callable(context=context, **execute_callable_kwargs)
             ^^^^^^^^^^^^^^^^^^^^^^^^^^^^^^^^^^^^^^^^^^^^^^^^^^^^^^^^^^^^^
  File "/home/airflow/.local/lib/python3.12/site-packages/airflow/models/taskinstance.py", line 733, in _execute_callable
    return ExecutionCallableRunner(
           ^^^^^^^^^^^^^^^^^^^^^^^^
  File "/home/airflow/.local/lib/python3.12/site-packages/airflow/utils/operator_helpers.py", line 252, in run
    return self.func(*args, **kwargs)
           ^^^^^^^^^^^^^^^^^^^^^^^^^^
  File "/home/airflow/.local/lib/python3.12/site-packages/airflow/models/baseoperator.py", line 417, in wrapper
    return func(self, *args, **kwargs)
           ^^^^^^^^^^^^^^^^^^^^^^^^^^^
  File "/home/airflow/.local/lib/python3.12/site-packages/airflow/operators/bash.py", line 276, in execute
    raise AirflowException(
airflow.exceptions.AirflowException: Bash command failed. The command returned a non-zero exit code 1.
[2024-11-12T16:35:34.107+0000] {local_task_job_runner.py:266} INFO - Task exited with return code 1
[2024-11-12T16:35:34.205+0000] {taskinstance.py:3895} INFO - 0 downstream tasks scheduled from follow-on schedule check
[2024-11-12T16:35:34.211+0000] {local_task_job_runner.py:245} INFO - ::endgroup::
[2024-11-12T16:41:16.691+0000] {local_task_job_runner.py:123} INFO - ::group::Pre task execution logs
[2024-11-12T16:41:17.126+0000] {taskinstance.py:2613} INFO - Dependencies all met for dep_context=non-requeueable deps ti=<TaskInstance: example_pipeline.run_scrapy scheduled__2023-01-01T00:14:00+00:00 [queued]>
[2024-11-12T16:41:17.163+0000] {taskinstance.py:2613} INFO - Dependencies all met for dep_context=requeueable deps ti=<TaskInstance: example_pipeline.run_scrapy scheduled__2023-01-01T00:14:00+00:00 [queued]>
[2024-11-12T16:41:17.164+0000] {taskinstance.py:2866} INFO - Starting attempt 1 of 2
[2024-11-12T16:41:17.241+0000] {taskinstance.py:2889} INFO - Executing <Task(BashOperator): run_scrapy> on 2023-01-01 00:14:00+00:00
[2024-11-12T16:41:17.334+0000] {logging_mixin.py:190} WARNING - /home/airflow/.local/lib/python3.12/site-packages/airflow/task/task_runner/standard_task_runner.py:70 DeprecationWarning: This process (pid=237) is multi-threaded, use of fork() may lead to deadlocks in the child.
[2024-11-12T16:41:17.496+0000] {standard_task_runner.py:72} INFO - Started process 257 to run task
[2024-11-12T16:41:17.352+0000] {standard_task_runner.py:104} INFO - Running: ['airflow', 'tasks', 'run', 'example_pipeline', 'run_scrapy', 'scheduled__2023-01-01T00:14:00+00:00', '--job-id', '10', '--raw', '--subdir', 'DAGS_FOLDER/test_main.py', '--cfg-path', '/tmp/tmp7zlqkb0j']
[2024-11-12T16:41:17.511+0000] {standard_task_runner.py:105} INFO - Job 10: Subtask run_scrapy
[2024-11-12T16:41:17.947+0000] {logging_mixin.py:190} WARNING - /home/airflow/.local/lib/python3.12/site-packages/airflow/settings.py:209 DeprecationWarning: The sql_alchemy_conn option in [core] has been moved to the sql_alchemy_conn option in [database] - the old setting has been used, but please update your config.
[2024-11-12T16:41:18.414+0000] {task_command.py:467} INFO - Running <TaskInstance: example_pipeline.run_scrapy scheduled__2023-01-01T00:14:00+00:00 [running]> on host 4d00dd3d9a00
[2024-11-12T16:41:18.423+0000] {logging_mixin.py:190} WARNING - /home/airflow/.local/lib/python3.12/site-packages/airflow/settings.py:470 DeprecationWarning: The sql_alchemy_conn option in [core] has been moved to the sql_alchemy_conn option in [database] - the old setting has been used, but please update your config.
[2024-11-12T16:41:20.013+0000] {taskinstance.py:3132} INFO - Exporting env vars: AIRFLOW_CTX_DAG_OWNER='airflow' AIRFLOW_CTX_DAG_ID='example_pipeline' AIRFLOW_CTX_TASK_ID='run_scrapy' AIRFLOW_CTX_EXECUTION_DATE='2023-01-01T00:14:00+00:00' AIRFLOW_CTX_TRY_NUMBER='1' AIRFLOW_CTX_DAG_RUN_ID='scheduled__2023-01-01T00:14:00+00:00'
[2024-11-12T16:41:20.055+0000] {taskinstance.py:731} INFO - ::endgroup::
[2024-11-12T16:41:20.325+0000] {subprocess.py:78} INFO - Tmp dir root location: /tmp
[2024-11-12T16:41:20.334+0000] {subprocess.py:88} INFO - Running command: ['/usr/bin/bash', '-c', 'docker build -t thaian /opt/airflow/dags']
[2024-11-12T16:41:20.429+0000] {subprocess.py:99} INFO - Output:
[2024-11-12T16:41:21.108+0000] {subprocess.py:106} INFO - DEPRECATED: The legacy builder is deprecated and will be removed in a future release.
[2024-11-12T16:41:21.137+0000] {subprocess.py:106} INFO -             Install the buildx component to build images with BuildKit:
[2024-11-12T16:41:21.145+0000] {subprocess.py:106} INFO -             https://docs.docker.com/go/buildx/
[2024-11-12T16:41:21.151+0000] {subprocess.py:106} INFO - 
[2024-11-12T16:41:21.251+0000] {subprocess.py:106} INFO - unable to prepare context: unable to evaluate symlinks in Dockerfile path: lstat /opt/airflow/dags/Dockerfile: no such file or directory
[2024-11-12T16:41:21.269+0000] {subprocess.py:110} INFO - Command exited with return code 1
[2024-11-12T16:41:21.411+0000] {taskinstance.py:3311} ERROR - Task failed with exception
Traceback (most recent call last):
  File "/home/airflow/.local/lib/python3.12/site-packages/airflow/models/taskinstance.py", line 767, in _execute_task
    result = _execute_callable(context=context, **execute_callable_kwargs)
             ^^^^^^^^^^^^^^^^^^^^^^^^^^^^^^^^^^^^^^^^^^^^^^^^^^^^^^^^^^^^^
  File "/home/airflow/.local/lib/python3.12/site-packages/airflow/models/taskinstance.py", line 733, in _execute_callable
    return ExecutionCallableRunner(
           ^^^^^^^^^^^^^^^^^^^^^^^^
  File "/home/airflow/.local/lib/python3.12/site-packages/airflow/utils/operator_helpers.py", line 252, in run
    return self.func(*args, **kwargs)
           ^^^^^^^^^^^^^^^^^^^^^^^^^^
  File "/home/airflow/.local/lib/python3.12/site-packages/airflow/models/baseoperator.py", line 417, in wrapper
    return func(self, *args, **kwargs)
           ^^^^^^^^^^^^^^^^^^^^^^^^^^^
  File "/home/airflow/.local/lib/python3.12/site-packages/airflow/operators/bash.py", line 276, in execute
    raise AirflowException(
airflow.exceptions.AirflowException: Bash command failed. The command returned a non-zero exit code 1.
[2024-11-12T16:41:21.653+0000] {taskinstance.py:1225} INFO - Marking task as UP_FOR_RETRY. dag_id=example_pipeline, task_id=run_scrapy, run_id=scheduled__2023-01-01T00:14:00+00:00, execution_date=20230101T001400, start_date=20241112T164117, end_date=20241112T164121
[2024-11-12T16:41:22.428+0000] {taskinstance.py:340} INFO - ::group::Post task execution logs
[2024-11-12T16:41:22.444+0000] {standard_task_runner.py:124} ERROR - Failed to execute job 10 for task run_scrapy (Bash command failed. The command returned a non-zero exit code 1.; 257)
Traceback (most recent call last):
  File "/home/airflow/.local/lib/python3.12/site-packages/airflow/task/task_runner/standard_task_runner.py", line 117, in _start_by_fork
    ret = args.func(args, dag=self.dag)
          ^^^^^^^^^^^^^^^^^^^^^^^^^^^^^
  File "/home/airflow/.local/lib/python3.12/site-packages/airflow/cli/cli_config.py", line 49, in command
    return func(*args, **kwargs)
           ^^^^^^^^^^^^^^^^^^^^^
  File "/home/airflow/.local/lib/python3.12/site-packages/airflow/utils/cli.py", line 116, in wrapper
    return f(*args, **kwargs)
           ^^^^^^^^^^^^^^^^^^
  File "/home/airflow/.local/lib/python3.12/site-packages/airflow/cli/commands/task_command.py", line 483, in task_run
    task_return_code = _run_task_by_selected_method(args, _dag, ti)
                       ^^^^^^^^^^^^^^^^^^^^^^^^^^^^^^^^^^^^^^^^^^^^
  File "/home/airflow/.local/lib/python3.12/site-packages/airflow/cli/commands/task_command.py", line 256, in _run_task_by_selected_method
    return _run_raw_task(args, ti)
           ^^^^^^^^^^^^^^^^^^^^^^^
  File "/home/airflow/.local/lib/python3.12/site-packages/airflow/cli/commands/task_command.py", line 341, in _run_raw_task
    return ti._run_raw_task(
           ^^^^^^^^^^^^^^^^^
  File "/home/airflow/.local/lib/python3.12/site-packages/airflow/utils/session.py", line 97, in wrapper
    return func(*args, session=session, **kwargs)
           ^^^^^^^^^^^^^^^^^^^^^^^^^^^^^^^^^^^^^^
  File "/home/airflow/.local/lib/python3.12/site-packages/airflow/models/taskinstance.py", line 3005, in _run_raw_task
    return _run_raw_task(
           ^^^^^^^^^^^^^^
  File "/home/airflow/.local/lib/python3.12/site-packages/airflow/models/taskinstance.py", line 273, in _run_raw_task
    TaskInstance._execute_task_with_callbacks(
  File "/home/airflow/.local/lib/python3.12/site-packages/airflow/models/taskinstance.py", line 3159, in _execute_task_with_callbacks
    result = self._execute_task(context, task_orig)
             ^^^^^^^^^^^^^^^^^^^^^^^^^^^^^^^^^^^^^^
  File "/home/airflow/.local/lib/python3.12/site-packages/airflow/models/taskinstance.py", line 3183, in _execute_task
    return _execute_task(self, context, task_orig)
           ^^^^^^^^^^^^^^^^^^^^^^^^^^^^^^^^^^^^^^^
  File "/home/airflow/.local/lib/python3.12/site-packages/airflow/models/taskinstance.py", line 767, in _execute_task
    result = _execute_callable(context=context, **execute_callable_kwargs)
             ^^^^^^^^^^^^^^^^^^^^^^^^^^^^^^^^^^^^^^^^^^^^^^^^^^^^^^^^^^^^^
  File "/home/airflow/.local/lib/python3.12/site-packages/airflow/models/taskinstance.py", line 733, in _execute_callable
    return ExecutionCallableRunner(
           ^^^^^^^^^^^^^^^^^^^^^^^^
  File "/home/airflow/.local/lib/python3.12/site-packages/airflow/utils/operator_helpers.py", line 252, in run
    return self.func(*args, **kwargs)
           ^^^^^^^^^^^^^^^^^^^^^^^^^^
  File "/home/airflow/.local/lib/python3.12/site-packages/airflow/models/baseoperator.py", line 417, in wrapper
    return func(self, *args, **kwargs)
           ^^^^^^^^^^^^^^^^^^^^^^^^^^^
  File "/home/airflow/.local/lib/python3.12/site-packages/airflow/operators/bash.py", line 276, in execute
    raise AirflowException(
airflow.exceptions.AirflowException: Bash command failed. The command returned a non-zero exit code 1.
[2024-11-12T16:41:22.993+0000] {local_task_job_runner.py:266} INFO - Task exited with return code 1
[2024-11-12T16:41:23.124+0000] {local_task_job_runner.py:245} INFO - ::endgroup::
[2024-11-12T16:45:34.608+0000] {local_task_job_runner.py:123} INFO - ::group::Pre task execution logs
[2024-11-12T16:45:34.689+0000] {taskinstance.py:2613} INFO - Dependencies all met for dep_context=non-requeueable deps ti=<TaskInstance: example_pipeline.run_scrapy scheduled__2023-01-01T00:14:00+00:00 [queued]>
[2024-11-12T16:45:34.711+0000] {taskinstance.py:2613} INFO - Dependencies all met for dep_context=requeueable deps ti=<TaskInstance: example_pipeline.run_scrapy scheduled__2023-01-01T00:14:00+00:00 [queued]>
[2024-11-12T16:45:34.712+0000] {taskinstance.py:2866} INFO - Starting attempt 1 of 2
[2024-11-12T16:45:34.738+0000] {taskinstance.py:2889} INFO - Executing <Task(BashOperator): run_scrapy> on 2023-01-01 00:14:00+00:00
[2024-11-12T16:45:34.758+0000] {standard_task_runner.py:104} INFO - Running: ['airflow', 'tasks', 'run', 'example_pipeline', 'run_scrapy', 'scheduled__2023-01-01T00:14:00+00:00', '--job-id', '10', '--raw', '--subdir', 'DAGS_FOLDER/test_main.py', '--cfg-path', '/tmp/tmpdwd8njzi']
[2024-11-12T16:45:34.759+0000] {logging_mixin.py:190} WARNING - /home/airflow/.local/lib/python3.12/site-packages/airflow/task/task_runner/standard_task_runner.py:70 DeprecationWarning: This process (pid=300) is multi-threaded, use of fork() may lead to deadlocks in the child.
[2024-11-12T16:45:34.765+0000] {standard_task_runner.py:105} INFO - Job 10: Subtask run_scrapy
[2024-11-12T16:45:34.765+0000] {standard_task_runner.py:72} INFO - Started process 304 to run task
[2024-11-12T16:45:34.826+0000] {logging_mixin.py:190} WARNING - /home/airflow/.local/lib/python3.12/site-packages/airflow/settings.py:209 DeprecationWarning: The sql_alchemy_conn option in [core] has been moved to the sql_alchemy_conn option in [database] - the old setting has been used, but please update your config.
[2024-11-12T16:45:34.987+0000] {task_command.py:467} INFO - Running <TaskInstance: example_pipeline.run_scrapy scheduled__2023-01-01T00:14:00+00:00 [running]> on host 7f98e3a3bc1c
[2024-11-12T16:45:34.990+0000] {logging_mixin.py:190} WARNING - /home/airflow/.local/lib/python3.12/site-packages/airflow/settings.py:470 DeprecationWarning: The sql_alchemy_conn option in [core] has been moved to the sql_alchemy_conn option in [database] - the old setting has been used, but please update your config.
[2024-11-12T16:45:35.249+0000] {taskinstance.py:3132} INFO - Exporting env vars: AIRFLOW_CTX_DAG_OWNER='airflow' AIRFLOW_CTX_DAG_ID='example_pipeline' AIRFLOW_CTX_TASK_ID='run_scrapy' AIRFLOW_CTX_EXECUTION_DATE='2023-01-01T00:14:00+00:00' AIRFLOW_CTX_TRY_NUMBER='1' AIRFLOW_CTX_DAG_RUN_ID='scheduled__2023-01-01T00:14:00+00:00'
[2024-11-12T16:45:35.251+0000] {taskinstance.py:731} INFO - ::endgroup::
[2024-11-12T16:45:35.317+0000] {subprocess.py:78} INFO - Tmp dir root location: /tmp
[2024-11-12T16:45:35.323+0000] {subprocess.py:88} INFO - Running command: ['/usr/bin/bash', '-c', 'docker build -t thaian . /opt/airflow/dags']
[2024-11-12T16:45:35.382+0000] {subprocess.py:99} INFO - Output:
[2024-11-12T16:45:35.500+0000] {subprocess.py:106} INFO - DEPRECATED: The legacy builder is deprecated and will be removed in a future release.
[2024-11-12T16:45:35.502+0000] {subprocess.py:106} INFO -             Install the buildx component to build images with BuildKit:
[2024-11-12T16:45:35.503+0000] {subprocess.py:106} INFO -             https://docs.docker.com/go/buildx/
[2024-11-12T16:45:35.504+0000] {subprocess.py:106} INFO - 
[2024-11-12T16:45:35.506+0000] {subprocess.py:106} INFO - "docker build" requires exactly 1 argument.
[2024-11-12T16:45:35.507+0000] {subprocess.py:106} INFO - See 'docker build --help'.
[2024-11-12T16:45:35.509+0000] {subprocess.py:106} INFO - 
[2024-11-12T16:45:35.510+0000] {subprocess.py:106} INFO - Usage:  docker build [OPTIONS] PATH | URL | -
[2024-11-12T16:45:35.511+0000] {subprocess.py:106} INFO - 
[2024-11-12T16:45:35.513+0000] {subprocess.py:106} INFO - Build an image from a Dockerfile
[2024-11-12T16:45:35.514+0000] {subprocess.py:110} INFO - Command exited with return code 1
[2024-11-12T16:45:35.567+0000] {taskinstance.py:3311} ERROR - Task failed with exception
Traceback (most recent call last):
  File "/home/airflow/.local/lib/python3.12/site-packages/airflow/models/taskinstance.py", line 767, in _execute_task
    result = _execute_callable(context=context, **execute_callable_kwargs)
             ^^^^^^^^^^^^^^^^^^^^^^^^^^^^^^^^^^^^^^^^^^^^^^^^^^^^^^^^^^^^^
  File "/home/airflow/.local/lib/python3.12/site-packages/airflow/models/taskinstance.py", line 733, in _execute_callable
    return ExecutionCallableRunner(
           ^^^^^^^^^^^^^^^^^^^^^^^^
  File "/home/airflow/.local/lib/python3.12/site-packages/airflow/utils/operator_helpers.py", line 252, in run
    return self.func(*args, **kwargs)
           ^^^^^^^^^^^^^^^^^^^^^^^^^^
  File "/home/airflow/.local/lib/python3.12/site-packages/airflow/models/baseoperator.py", line 417, in wrapper
    return func(self, *args, **kwargs)
           ^^^^^^^^^^^^^^^^^^^^^^^^^^^
  File "/home/airflow/.local/lib/python3.12/site-packages/airflow/operators/bash.py", line 276, in execute
    raise AirflowException(
airflow.exceptions.AirflowException: Bash command failed. The command returned a non-zero exit code 1.
[2024-11-12T16:45:35.617+0000] {taskinstance.py:1225} INFO - Marking task as UP_FOR_RETRY. dag_id=example_pipeline, task_id=run_scrapy, run_id=scheduled__2023-01-01T00:14:00+00:00, execution_date=20230101T001400, start_date=20241112T164534, end_date=20241112T164535
[2024-11-12T16:45:35.710+0000] {taskinstance.py:340} INFO - ::group::Post task execution logs
[2024-11-12T16:45:35.715+0000] {standard_task_runner.py:124} ERROR - Failed to execute job 10 for task run_scrapy (Bash command failed. The command returned a non-zero exit code 1.; 304)
Traceback (most recent call last):
  File "/home/airflow/.local/lib/python3.12/site-packages/airflow/task/task_runner/standard_task_runner.py", line 117, in _start_by_fork
    ret = args.func(args, dag=self.dag)
          ^^^^^^^^^^^^^^^^^^^^^^^^^^^^^
  File "/home/airflow/.local/lib/python3.12/site-packages/airflow/cli/cli_config.py", line 49, in command
    return func(*args, **kwargs)
           ^^^^^^^^^^^^^^^^^^^^^
  File "/home/airflow/.local/lib/python3.12/site-packages/airflow/utils/cli.py", line 116, in wrapper
    return f(*args, **kwargs)
           ^^^^^^^^^^^^^^^^^^
  File "/home/airflow/.local/lib/python3.12/site-packages/airflow/cli/commands/task_command.py", line 483, in task_run
    task_return_code = _run_task_by_selected_method(args, _dag, ti)
                       ^^^^^^^^^^^^^^^^^^^^^^^^^^^^^^^^^^^^^^^^^^^^
  File "/home/airflow/.local/lib/python3.12/site-packages/airflow/cli/commands/task_command.py", line 256, in _run_task_by_selected_method
    return _run_raw_task(args, ti)
           ^^^^^^^^^^^^^^^^^^^^^^^
  File "/home/airflow/.local/lib/python3.12/site-packages/airflow/cli/commands/task_command.py", line 341, in _run_raw_task
    return ti._run_raw_task(
           ^^^^^^^^^^^^^^^^^
  File "/home/airflow/.local/lib/python3.12/site-packages/airflow/utils/session.py", line 97, in wrapper
    return func(*args, session=session, **kwargs)
           ^^^^^^^^^^^^^^^^^^^^^^^^^^^^^^^^^^^^^^
  File "/home/airflow/.local/lib/python3.12/site-packages/airflow/models/taskinstance.py", line 3005, in _run_raw_task
    return _run_raw_task(
           ^^^^^^^^^^^^^^
  File "/home/airflow/.local/lib/python3.12/site-packages/airflow/models/taskinstance.py", line 273, in _run_raw_task
    TaskInstance._execute_task_with_callbacks(
  File "/home/airflow/.local/lib/python3.12/site-packages/airflow/models/taskinstance.py", line 3159, in _execute_task_with_callbacks
    result = self._execute_task(context, task_orig)
             ^^^^^^^^^^^^^^^^^^^^^^^^^^^^^^^^^^^^^^
  File "/home/airflow/.local/lib/python3.12/site-packages/airflow/models/taskinstance.py", line 3183, in _execute_task
    return _execute_task(self, context, task_orig)
           ^^^^^^^^^^^^^^^^^^^^^^^^^^^^^^^^^^^^^^^
  File "/home/airflow/.local/lib/python3.12/site-packages/airflow/models/taskinstance.py", line 767, in _execute_task
    result = _execute_callable(context=context, **execute_callable_kwargs)
             ^^^^^^^^^^^^^^^^^^^^^^^^^^^^^^^^^^^^^^^^^^^^^^^^^^^^^^^^^^^^^
  File "/home/airflow/.local/lib/python3.12/site-packages/airflow/models/taskinstance.py", line 733, in _execute_callable
    return ExecutionCallableRunner(
           ^^^^^^^^^^^^^^^^^^^^^^^^
  File "/home/airflow/.local/lib/python3.12/site-packages/airflow/utils/operator_helpers.py", line 252, in run
    return self.func(*args, **kwargs)
           ^^^^^^^^^^^^^^^^^^^^^^^^^^
  File "/home/airflow/.local/lib/python3.12/site-packages/airflow/models/baseoperator.py", line 417, in wrapper
    return func(self, *args, **kwargs)
           ^^^^^^^^^^^^^^^^^^^^^^^^^^^
  File "/home/airflow/.local/lib/python3.12/site-packages/airflow/operators/bash.py", line 276, in execute
    raise AirflowException(
airflow.exceptions.AirflowException: Bash command failed. The command returned a non-zero exit code 1.
[2024-11-12T16:45:35.793+0000] {local_task_job_runner.py:266} INFO - Task exited with return code 1
[2024-11-12T16:45:35.918+0000] {taskinstance.py:3895} INFO - 0 downstream tasks scheduled from follow-on schedule check
[2024-11-12T16:45:35.925+0000] {local_task_job_runner.py:245} INFO - ::endgroup::
[2024-11-12T16:49:19.573+0000] {local_task_job_runner.py:123} INFO - ::group::Pre task execution logs
[2024-11-12T16:49:20.390+0000] {taskinstance.py:2613} INFO - Dependencies all met for dep_context=non-requeueable deps ti=<TaskInstance: example_pipeline.run_scrapy scheduled__2023-01-01T00:14:00+00:00 [queued]>
[2024-11-12T16:49:21.238+0000] {taskinstance.py:2613} INFO - Dependencies all met for dep_context=requeueable deps ti=<TaskInstance: example_pipeline.run_scrapy scheduled__2023-01-01T00:14:00+00:00 [queued]>
[2024-11-12T16:49:21.242+0000] {taskinstance.py:2866} INFO - Starting attempt 1 of 2
[2024-11-12T16:49:21.332+0000] {taskinstance.py:2889} INFO - Executing <Task(BashOperator): run_scrapy> on 2023-01-01 00:14:00+00:00
[2024-11-12T16:49:21.484+0000] {logging_mixin.py:190} WARNING - /home/airflow/.local/lib/python3.12/site-packages/airflow/task/task_runner/standard_task_runner.py:70 DeprecationWarning: This process (pid=227) is multi-threaded, use of fork() may lead to deadlocks in the child.
[2024-11-12T16:49:21.525+0000] {standard_task_runner.py:72} INFO - Started process 238 to run task
[2024-11-12T16:49:21.479+0000] {standard_task_runner.py:104} INFO - Running: ['airflow', 'tasks', 'run', 'example_pipeline', 'run_scrapy', 'scheduled__2023-01-01T00:14:00+00:00', '--job-id', '6', '--raw', '--subdir', 'DAGS_FOLDER/test_main.py', '--cfg-path', '/tmp/tmpfqmavmvu']
[2024-11-12T16:49:21.564+0000] {standard_task_runner.py:105} INFO - Job 6: Subtask run_scrapy
[2024-11-12T16:49:21.918+0000] {logging_mixin.py:190} WARNING - /home/airflow/.local/lib/python3.12/site-packages/airflow/settings.py:209 DeprecationWarning: The sql_alchemy_conn option in [core] has been moved to the sql_alchemy_conn option in [database] - the old setting has been used, but please update your config.
[2024-11-12T16:49:22.666+0000] {task_command.py:467} INFO - Running <TaskInstance: example_pipeline.run_scrapy scheduled__2023-01-01T00:14:00+00:00 [running]> on host 8c245900fab2
[2024-11-12T16:49:22.672+0000] {logging_mixin.py:190} WARNING - /home/airflow/.local/lib/python3.12/site-packages/airflow/settings.py:470 DeprecationWarning: The sql_alchemy_conn option in [core] has been moved to the sql_alchemy_conn option in [database] - the old setting has been used, but please update your config.
[2024-11-12T16:49:24.807+0000] {taskinstance.py:3132} INFO - Exporting env vars: AIRFLOW_CTX_DAG_OWNER='airflow' AIRFLOW_CTX_DAG_ID='example_pipeline' AIRFLOW_CTX_TASK_ID='run_scrapy' AIRFLOW_CTX_EXECUTION_DATE='2023-01-01T00:14:00+00:00' AIRFLOW_CTX_TRY_NUMBER='1' AIRFLOW_CTX_DAG_RUN_ID='scheduled__2023-01-01T00:14:00+00:00'
[2024-11-12T16:49:24.810+0000] {taskinstance.py:731} INFO - ::endgroup::
[2024-11-12T16:49:26.311+0000] {subprocess.py:78} INFO - Tmp dir root location: /tmp
[2024-11-12T16:49:26.341+0000] {subprocess.py:88} INFO - Running command: ['/usr/bin/bash', '-c', 'docker build -t thaian /opt/airflow/dags']
[2024-11-12T16:49:26.467+0000] {subprocess.py:99} INFO - Output:
[2024-11-12T16:49:28.394+0000] {subprocess.py:106} INFO - DEPRECATED: The legacy builder is deprecated and will be removed in a future release.
[2024-11-12T16:49:28.412+0000] {subprocess.py:106} INFO -             Install the buildx component to build images with BuildKit:
[2024-11-12T16:49:28.438+0000] {subprocess.py:106} INFO -             https://docs.docker.com/go/buildx/
[2024-11-12T16:49:28.439+0000] {subprocess.py:106} INFO - 
[2024-11-12T16:49:28.440+0000] {subprocess.py:106} INFO - unable to prepare context: unable to evaluate symlinks in Dockerfile path: lstat /opt/airflow/dags/Dockerfile: no such file or directory
[2024-11-12T16:49:28.448+0000] {subprocess.py:110} INFO - Command exited with return code 1
[2024-11-12T16:49:29.310+0000] {taskinstance.py:3311} ERROR - Task failed with exception
Traceback (most recent call last):
  File "/home/airflow/.local/lib/python3.12/site-packages/airflow/models/taskinstance.py", line 767, in _execute_task
    result = _execute_callable(context=context, **execute_callable_kwargs)
             ^^^^^^^^^^^^^^^^^^^^^^^^^^^^^^^^^^^^^^^^^^^^^^^^^^^^^^^^^^^^^
  File "/home/airflow/.local/lib/python3.12/site-packages/airflow/models/taskinstance.py", line 733, in _execute_callable
    return ExecutionCallableRunner(
           ^^^^^^^^^^^^^^^^^^^^^^^^
  File "/home/airflow/.local/lib/python3.12/site-packages/airflow/utils/operator_helpers.py", line 252, in run
    return self.func(*args, **kwargs)
           ^^^^^^^^^^^^^^^^^^^^^^^^^^
  File "/home/airflow/.local/lib/python3.12/site-packages/airflow/models/baseoperator.py", line 417, in wrapper
    return func(self, *args, **kwargs)
           ^^^^^^^^^^^^^^^^^^^^^^^^^^^
  File "/home/airflow/.local/lib/python3.12/site-packages/airflow/operators/bash.py", line 276, in execute
    raise AirflowException(
airflow.exceptions.AirflowException: Bash command failed. The command returned a non-zero exit code 1.
[2024-11-12T16:49:29.360+0000] {taskinstance.py:1225} INFO - Marking task as UP_FOR_RETRY. dag_id=example_pipeline, task_id=run_scrapy, run_id=scheduled__2023-01-01T00:14:00+00:00, execution_date=20230101T001400, start_date=20241112T164920, end_date=20241112T164929
[2024-11-12T16:49:29.495+0000] {taskinstance.py:340} INFO - ::group::Post task execution logs
[2024-11-12T16:49:29.502+0000] {standard_task_runner.py:124} ERROR - Failed to execute job 6 for task run_scrapy (Bash command failed. The command returned a non-zero exit code 1.; 238)
Traceback (most recent call last):
  File "/home/airflow/.local/lib/python3.12/site-packages/airflow/task/task_runner/standard_task_runner.py", line 117, in _start_by_fork
    ret = args.func(args, dag=self.dag)
          ^^^^^^^^^^^^^^^^^^^^^^^^^^^^^
  File "/home/airflow/.local/lib/python3.12/site-packages/airflow/cli/cli_config.py", line 49, in command
    return func(*args, **kwargs)
           ^^^^^^^^^^^^^^^^^^^^^
  File "/home/airflow/.local/lib/python3.12/site-packages/airflow/utils/cli.py", line 116, in wrapper
    return f(*args, **kwargs)
           ^^^^^^^^^^^^^^^^^^
  File "/home/airflow/.local/lib/python3.12/site-packages/airflow/cli/commands/task_command.py", line 483, in task_run
    task_return_code = _run_task_by_selected_method(args, _dag, ti)
                       ^^^^^^^^^^^^^^^^^^^^^^^^^^^^^^^^^^^^^^^^^^^^
  File "/home/airflow/.local/lib/python3.12/site-packages/airflow/cli/commands/task_command.py", line 256, in _run_task_by_selected_method
    return _run_raw_task(args, ti)
           ^^^^^^^^^^^^^^^^^^^^^^^
  File "/home/airflow/.local/lib/python3.12/site-packages/airflow/cli/commands/task_command.py", line 341, in _run_raw_task
    return ti._run_raw_task(
           ^^^^^^^^^^^^^^^^^
  File "/home/airflow/.local/lib/python3.12/site-packages/airflow/utils/session.py", line 97, in wrapper
    return func(*args, session=session, **kwargs)
           ^^^^^^^^^^^^^^^^^^^^^^^^^^^^^^^^^^^^^^
  File "/home/airflow/.local/lib/python3.12/site-packages/airflow/models/taskinstance.py", line 3005, in _run_raw_task
    return _run_raw_task(
           ^^^^^^^^^^^^^^
  File "/home/airflow/.local/lib/python3.12/site-packages/airflow/models/taskinstance.py", line 273, in _run_raw_task
    TaskInstance._execute_task_with_callbacks(
  File "/home/airflow/.local/lib/python3.12/site-packages/airflow/models/taskinstance.py", line 3159, in _execute_task_with_callbacks
    result = self._execute_task(context, task_orig)
             ^^^^^^^^^^^^^^^^^^^^^^^^^^^^^^^^^^^^^^
  File "/home/airflow/.local/lib/python3.12/site-packages/airflow/models/taskinstance.py", line 3183, in _execute_task
    return _execute_task(self, context, task_orig)
           ^^^^^^^^^^^^^^^^^^^^^^^^^^^^^^^^^^^^^^^
  File "/home/airflow/.local/lib/python3.12/site-packages/airflow/models/taskinstance.py", line 767, in _execute_task
    result = _execute_callable(context=context, **execute_callable_kwargs)
             ^^^^^^^^^^^^^^^^^^^^^^^^^^^^^^^^^^^^^^^^^^^^^^^^^^^^^^^^^^^^^
  File "/home/airflow/.local/lib/python3.12/site-packages/airflow/models/taskinstance.py", line 733, in _execute_callable
    return ExecutionCallableRunner(
           ^^^^^^^^^^^^^^^^^^^^^^^^
  File "/home/airflow/.local/lib/python3.12/site-packages/airflow/utils/operator_helpers.py", line 252, in run
    return self.func(*args, **kwargs)
           ^^^^^^^^^^^^^^^^^^^^^^^^^^
  File "/home/airflow/.local/lib/python3.12/site-packages/airflow/models/baseoperator.py", line 417, in wrapper
    return func(self, *args, **kwargs)
           ^^^^^^^^^^^^^^^^^^^^^^^^^^^
  File "/home/airflow/.local/lib/python3.12/site-packages/airflow/operators/bash.py", line 276, in execute
    raise AirflowException(
airflow.exceptions.AirflowException: Bash command failed. The command returned a non-zero exit code 1.
[2024-11-12T16:49:29.692+0000] {local_task_job_runner.py:266} INFO - Task exited with return code 1
[2024-11-12T16:49:29.931+0000] {taskinstance.py:3895} INFO - 0 downstream tasks scheduled from follow-on schedule check
[2024-11-12T16:49:29.940+0000] {local_task_job_runner.py:245} INFO - ::endgroup::
[2024-11-12T16:52:54.706+0000] {local_task_job_runner.py:123} INFO - ::group::Pre task execution logs
[2024-11-12T16:52:54.748+0000] {taskinstance.py:2613} INFO - Dependencies all met for dep_context=non-requeueable deps ti=<TaskInstance: example_pipeline.run_scrapy scheduled__2023-01-01T00:14:00+00:00 [queued]>
[2024-11-12T16:52:54.770+0000] {taskinstance.py:2613} INFO - Dependencies all met for dep_context=requeueable deps ti=<TaskInstance: example_pipeline.run_scrapy scheduled__2023-01-01T00:14:00+00:00 [queued]>
[2024-11-12T16:52:54.771+0000] {taskinstance.py:2866} INFO - Starting attempt 1 of 2
[2024-11-12T16:52:54.910+0000] {taskinstance.py:2889} INFO - Executing <Task(BashOperator): run_scrapy> on 2023-01-01 00:14:00+00:00
[2024-11-12T16:52:54.985+0000] {logging_mixin.py:190} WARNING - /home/airflow/.local/lib/python3.12/site-packages/airflow/task/task_runner/standard_task_runner.py:70 DeprecationWarning: This process (pid=253) is multi-threaded, use of fork() may lead to deadlocks in the child.
[2024-11-12T16:52:54.976+0000] {standard_task_runner.py:104} INFO - Running: ['airflow', 'tasks', 'run', 'example_pipeline', 'run_scrapy', 'scheduled__2023-01-01T00:14:00+00:00', '--job-id', '10', '--raw', '--subdir', 'DAGS_FOLDER/test_main.py', '--cfg-path', '/tmp/tmpdjhnvh06']
[2024-11-12T16:52:54.991+0000] {standard_task_runner.py:72} INFO - Started process 267 to run task
[2024-11-12T16:52:54.999+0000] {standard_task_runner.py:105} INFO - Job 10: Subtask run_scrapy
[2024-11-12T16:52:55.562+0000] {logging_mixin.py:190} WARNING - /home/airflow/.local/lib/python3.12/site-packages/airflow/settings.py:209 DeprecationWarning: The sql_alchemy_conn option in [core] has been moved to the sql_alchemy_conn option in [database] - the old setting has been used, but please update your config.
[2024-11-12T16:52:56.692+0000] {task_command.py:467} INFO - Running <TaskInstance: example_pipeline.run_scrapy scheduled__2023-01-01T00:14:00+00:00 [running]> on host 453d35e0954f
[2024-11-12T16:52:56.696+0000] {logging_mixin.py:190} WARNING - /home/airflow/.local/lib/python3.12/site-packages/airflow/settings.py:470 DeprecationWarning: The sql_alchemy_conn option in [core] has been moved to the sql_alchemy_conn option in [database] - the old setting has been used, but please update your config.
[2024-11-12T16:52:58.841+0000] {taskinstance.py:3132} INFO - Exporting env vars: AIRFLOW_CTX_DAG_OWNER='airflow' AIRFLOW_CTX_DAG_ID='example_pipeline' AIRFLOW_CTX_TASK_ID='run_scrapy' AIRFLOW_CTX_EXECUTION_DATE='2023-01-01T00:14:00+00:00' AIRFLOW_CTX_TRY_NUMBER='1' AIRFLOW_CTX_DAG_RUN_ID='scheduled__2023-01-01T00:14:00+00:00'
[2024-11-12T16:52:58.845+0000] {taskinstance.py:731} INFO - ::endgroup::
[2024-11-12T16:52:58.931+0000] {subprocess.py:78} INFO - Tmp dir root location: /tmp
[2024-11-12T16:52:58.936+0000] {subprocess.py:88} INFO - Running command: ['/usr/bin/bash', '-c', 'docker build -t thaian -f /opt/airflow/dags/Dockerfile /opt/airflow/dags']
[2024-11-12T16:52:58.975+0000] {subprocess.py:99} INFO - Output:
[2024-11-12T16:52:59.094+0000] {subprocess.py:106} INFO - DEPRECATED: The legacy builder is deprecated and will be removed in a future release.
[2024-11-12T16:52:59.096+0000] {subprocess.py:106} INFO -             Install the buildx component to build images with BuildKit:
[2024-11-12T16:52:59.100+0000] {subprocess.py:106} INFO -             https://docs.docker.com/go/buildx/
[2024-11-12T16:52:59.104+0000] {subprocess.py:106} INFO - 
[2024-11-12T16:52:59.107+0000] {subprocess.py:106} INFO - unable to prepare context: unable to evaluate symlinks in Dockerfile path: lstat /opt/airflow/dags/Dockerfile: no such file or directory
[2024-11-12T16:52:59.111+0000] {subprocess.py:110} INFO - Command exited with return code 1
[2024-11-12T16:52:59.189+0000] {taskinstance.py:3311} ERROR - Task failed with exception
Traceback (most recent call last):
  File "/home/airflow/.local/lib/python3.12/site-packages/airflow/models/taskinstance.py", line 767, in _execute_task
    result = _execute_callable(context=context, **execute_callable_kwargs)
             ^^^^^^^^^^^^^^^^^^^^^^^^^^^^^^^^^^^^^^^^^^^^^^^^^^^^^^^^^^^^^
  File "/home/airflow/.local/lib/python3.12/site-packages/airflow/models/taskinstance.py", line 733, in _execute_callable
    return ExecutionCallableRunner(
           ^^^^^^^^^^^^^^^^^^^^^^^^
  File "/home/airflow/.local/lib/python3.12/site-packages/airflow/utils/operator_helpers.py", line 252, in run
    return self.func(*args, **kwargs)
           ^^^^^^^^^^^^^^^^^^^^^^^^^^
  File "/home/airflow/.local/lib/python3.12/site-packages/airflow/models/baseoperator.py", line 417, in wrapper
    return func(self, *args, **kwargs)
           ^^^^^^^^^^^^^^^^^^^^^^^^^^^
  File "/home/airflow/.local/lib/python3.12/site-packages/airflow/operators/bash.py", line 276, in execute
    raise AirflowException(
airflow.exceptions.AirflowException: Bash command failed. The command returned a non-zero exit code 1.
[2024-11-12T16:52:59.218+0000] {taskinstance.py:1225} INFO - Marking task as UP_FOR_RETRY. dag_id=example_pipeline, task_id=run_scrapy, run_id=scheduled__2023-01-01T00:14:00+00:00, execution_date=20230101T001400, start_date=20241112T165254, end_date=20241112T165259
[2024-11-12T16:52:59.289+0000] {taskinstance.py:340} INFO - ::group::Post task execution logs
[2024-11-12T16:52:59.292+0000] {standard_task_runner.py:124} ERROR - Failed to execute job 10 for task run_scrapy (Bash command failed. The command returned a non-zero exit code 1.; 267)
Traceback (most recent call last):
  File "/home/airflow/.local/lib/python3.12/site-packages/airflow/task/task_runner/standard_task_runner.py", line 117, in _start_by_fork
    ret = args.func(args, dag=self.dag)
          ^^^^^^^^^^^^^^^^^^^^^^^^^^^^^
  File "/home/airflow/.local/lib/python3.12/site-packages/airflow/cli/cli_config.py", line 49, in command
    return func(*args, **kwargs)
           ^^^^^^^^^^^^^^^^^^^^^
  File "/home/airflow/.local/lib/python3.12/site-packages/airflow/utils/cli.py", line 116, in wrapper
    return f(*args, **kwargs)
           ^^^^^^^^^^^^^^^^^^
  File "/home/airflow/.local/lib/python3.12/site-packages/airflow/cli/commands/task_command.py", line 483, in task_run
    task_return_code = _run_task_by_selected_method(args, _dag, ti)
                       ^^^^^^^^^^^^^^^^^^^^^^^^^^^^^^^^^^^^^^^^^^^^
  File "/home/airflow/.local/lib/python3.12/site-packages/airflow/cli/commands/task_command.py", line 256, in _run_task_by_selected_method
    return _run_raw_task(args, ti)
           ^^^^^^^^^^^^^^^^^^^^^^^
  File "/home/airflow/.local/lib/python3.12/site-packages/airflow/cli/commands/task_command.py", line 341, in _run_raw_task
    return ti._run_raw_task(
           ^^^^^^^^^^^^^^^^^
  File "/home/airflow/.local/lib/python3.12/site-packages/airflow/utils/session.py", line 97, in wrapper
    return func(*args, session=session, **kwargs)
           ^^^^^^^^^^^^^^^^^^^^^^^^^^^^^^^^^^^^^^
  File "/home/airflow/.local/lib/python3.12/site-packages/airflow/models/taskinstance.py", line 3005, in _run_raw_task
    return _run_raw_task(
           ^^^^^^^^^^^^^^
  File "/home/airflow/.local/lib/python3.12/site-packages/airflow/models/taskinstance.py", line 273, in _run_raw_task
    TaskInstance._execute_task_with_callbacks(
  File "/home/airflow/.local/lib/python3.12/site-packages/airflow/models/taskinstance.py", line 3159, in _execute_task_with_callbacks
    result = self._execute_task(context, task_orig)
             ^^^^^^^^^^^^^^^^^^^^^^^^^^^^^^^^^^^^^^
  File "/home/airflow/.local/lib/python3.12/site-packages/airflow/models/taskinstance.py", line 3183, in _execute_task
    return _execute_task(self, context, task_orig)
           ^^^^^^^^^^^^^^^^^^^^^^^^^^^^^^^^^^^^^^^
  File "/home/airflow/.local/lib/python3.12/site-packages/airflow/models/taskinstance.py", line 767, in _execute_task
    result = _execute_callable(context=context, **execute_callable_kwargs)
             ^^^^^^^^^^^^^^^^^^^^^^^^^^^^^^^^^^^^^^^^^^^^^^^^^^^^^^^^^^^^^
  File "/home/airflow/.local/lib/python3.12/site-packages/airflow/models/taskinstance.py", line 733, in _execute_callable
    return ExecutionCallableRunner(
           ^^^^^^^^^^^^^^^^^^^^^^^^
  File "/home/airflow/.local/lib/python3.12/site-packages/airflow/utils/operator_helpers.py", line 252, in run
    return self.func(*args, **kwargs)
           ^^^^^^^^^^^^^^^^^^^^^^^^^^
  File "/home/airflow/.local/lib/python3.12/site-packages/airflow/models/baseoperator.py", line 417, in wrapper
    return func(self, *args, **kwargs)
           ^^^^^^^^^^^^^^^^^^^^^^^^^^^
  File "/home/airflow/.local/lib/python3.12/site-packages/airflow/operators/bash.py", line 276, in execute
    raise AirflowException(
airflow.exceptions.AirflowException: Bash command failed. The command returned a non-zero exit code 1.
[2024-11-12T16:52:59.353+0000] {local_task_job_runner.py:266} INFO - Task exited with return code 1
[2024-11-12T16:52:59.461+0000] {taskinstance.py:3895} INFO - 0 downstream tasks scheduled from follow-on schedule check
[2024-11-12T16:52:59.465+0000] {local_task_job_runner.py:245} INFO - ::endgroup::
[2024-11-12T17:13:28.014+0000] {local_task_job_runner.py:123} INFO - ::group::Pre task execution logs
[2024-11-12T17:13:28.850+0000] {taskinstance.py:2613} INFO - Dependencies all met for dep_context=non-requeueable deps ti=<TaskInstance: example_pipeline.run_scrapy scheduled__2023-01-01T00:14:00+00:00 [queued]>
[2024-11-12T17:13:28.945+0000] {taskinstance.py:2613} INFO - Dependencies all met for dep_context=requeueable deps ti=<TaskInstance: example_pipeline.run_scrapy scheduled__2023-01-01T00:14:00+00:00 [queued]>
[2024-11-12T17:13:28.954+0000] {taskinstance.py:2866} INFO - Starting attempt 1 of 2
[2024-11-12T17:13:30.679+0000] {taskinstance.py:2889} INFO - Executing <Task(BashOperator): run_scrapy> on 2023-01-01 00:14:00+00:00
[2024-11-12T17:13:30.933+0000] {logging_mixin.py:190} WARNING - /home/airflow/.local/lib/python3.12/site-packages/airflow/task/task_runner/standard_task_runner.py:70 DeprecationWarning: This process (pid=247) is multi-threaded, use of fork() may lead to deadlocks in the child.
[2024-11-12T17:13:30.947+0000] {standard_task_runner.py:72} INFO - Started process 290 to run task
[2024-11-12T17:13:30.926+0000] {standard_task_runner.py:104} INFO - Running: ['airflow', 'tasks', 'run', 'example_pipeline', 'run_scrapy', 'scheduled__2023-01-01T00:14:00+00:00', '--job-id', '11', '--raw', '--subdir', 'DAGS_FOLDER/test_main.py', '--cfg-path', '/tmp/tmpyvmaqxew']
[2024-11-12T17:13:30.971+0000] {standard_task_runner.py:105} INFO - Job 11: Subtask run_scrapy
[2024-11-12T17:13:31.319+0000] {logging_mixin.py:190} WARNING - /home/airflow/.local/lib/python3.12/site-packages/airflow/settings.py:209 DeprecationWarning: The sql_alchemy_conn option in [core] has been moved to the sql_alchemy_conn option in [database] - the old setting has been used, but please update your config.
[2024-11-12T17:13:32.693+0000] {task_command.py:467} INFO - Running <TaskInstance: example_pipeline.run_scrapy scheduled__2023-01-01T00:14:00+00:00 [running]> on host 9f2aeb5474f9
[2024-11-12T17:13:32.713+0000] {logging_mixin.py:190} WARNING - /home/airflow/.local/lib/python3.12/site-packages/airflow/settings.py:470 DeprecationWarning: The sql_alchemy_conn option in [core] has been moved to the sql_alchemy_conn option in [database] - the old setting has been used, but please update your config.
[2024-11-12T17:13:33.816+0000] {taskinstance.py:3132} INFO - Exporting env vars: AIRFLOW_CTX_DAG_OWNER='airflow' AIRFLOW_CTX_DAG_ID='example_pipeline' AIRFLOW_CTX_TASK_ID='run_scrapy' AIRFLOW_CTX_EXECUTION_DATE='2023-01-01T00:14:00+00:00' AIRFLOW_CTX_TRY_NUMBER='1' AIRFLOW_CTX_DAG_RUN_ID='scheduled__2023-01-01T00:14:00+00:00'
[2024-11-12T17:13:33.831+0000] {taskinstance.py:731} INFO - ::endgroup::
[2024-11-12T17:13:33.954+0000] {subprocess.py:78} INFO - Tmp dir root location: /tmp
[2024-11-12T17:13:33.964+0000] {subprocess.py:88} INFO - Running command: ['/usr/bin/bash', '-c', 'docker build -t thaian -f /opt/airflow/dags/Dockerfile /opt/airflow/dags']
[2024-11-12T17:13:34.047+0000] {subprocess.py:99} INFO - Output:
[2024-11-12T17:13:34.159+0000] {subprocess.py:106} INFO - DEPRECATED: The legacy builder is deprecated and will be removed in a future release.
[2024-11-12T17:13:34.165+0000] {subprocess.py:106} INFO -             Install the buildx component to build images with BuildKit:
[2024-11-12T17:13:34.170+0000] {subprocess.py:106} INFO -             https://docs.docker.com/go/buildx/
[2024-11-12T17:13:34.172+0000] {subprocess.py:106} INFO - 
[2024-11-12T17:13:34.173+0000] {subprocess.py:106} INFO - unable to prepare context: unable to evaluate symlinks in Dockerfile path: lstat /opt/airflow/dags/Dockerfile: no such file or directory
[2024-11-12T17:13:34.182+0000] {subprocess.py:110} INFO - Command exited with return code 1
[2024-11-12T17:13:34.262+0000] {taskinstance.py:3311} ERROR - Task failed with exception
Traceback (most recent call last):
  File "/home/airflow/.local/lib/python3.12/site-packages/airflow/models/taskinstance.py", line 767, in _execute_task
    result = _execute_callable(context=context, **execute_callable_kwargs)
             ^^^^^^^^^^^^^^^^^^^^^^^^^^^^^^^^^^^^^^^^^^^^^^^^^^^^^^^^^^^^^
  File "/home/airflow/.local/lib/python3.12/site-packages/airflow/models/taskinstance.py", line 733, in _execute_callable
    return ExecutionCallableRunner(
           ^^^^^^^^^^^^^^^^^^^^^^^^
  File "/home/airflow/.local/lib/python3.12/site-packages/airflow/utils/operator_helpers.py", line 252, in run
    return self.func(*args, **kwargs)
           ^^^^^^^^^^^^^^^^^^^^^^^^^^
  File "/home/airflow/.local/lib/python3.12/site-packages/airflow/models/baseoperator.py", line 417, in wrapper
    return func(self, *args, **kwargs)
           ^^^^^^^^^^^^^^^^^^^^^^^^^^^
  File "/home/airflow/.local/lib/python3.12/site-packages/airflow/operators/bash.py", line 276, in execute
    raise AirflowException(
airflow.exceptions.AirflowException: Bash command failed. The command returned a non-zero exit code 1.
[2024-11-12T17:13:34.342+0000] {taskinstance.py:1225} INFO - Marking task as UP_FOR_RETRY. dag_id=example_pipeline, task_id=run_scrapy, run_id=scheduled__2023-01-01T00:14:00+00:00, execution_date=20230101T001400, start_date=20241112T171328, end_date=20241112T171334
[2024-11-12T17:13:34.547+0000] {taskinstance.py:340} INFO - ::group::Post task execution logs
[2024-11-12T17:13:34.554+0000] {standard_task_runner.py:124} ERROR - Failed to execute job 11 for task run_scrapy (Bash command failed. The command returned a non-zero exit code 1.; 290)
Traceback (most recent call last):
  File "/home/airflow/.local/lib/python3.12/site-packages/airflow/task/task_runner/standard_task_runner.py", line 117, in _start_by_fork
    ret = args.func(args, dag=self.dag)
          ^^^^^^^^^^^^^^^^^^^^^^^^^^^^^
  File "/home/airflow/.local/lib/python3.12/site-packages/airflow/cli/cli_config.py", line 49, in command
    return func(*args, **kwargs)
           ^^^^^^^^^^^^^^^^^^^^^
  File "/home/airflow/.local/lib/python3.12/site-packages/airflow/utils/cli.py", line 116, in wrapper
    return f(*args, **kwargs)
           ^^^^^^^^^^^^^^^^^^
  File "/home/airflow/.local/lib/python3.12/site-packages/airflow/cli/commands/task_command.py", line 483, in task_run
    task_return_code = _run_task_by_selected_method(args, _dag, ti)
                       ^^^^^^^^^^^^^^^^^^^^^^^^^^^^^^^^^^^^^^^^^^^^
  File "/home/airflow/.local/lib/python3.12/site-packages/airflow/cli/commands/task_command.py", line 256, in _run_task_by_selected_method
    return _run_raw_task(args, ti)
           ^^^^^^^^^^^^^^^^^^^^^^^
  File "/home/airflow/.local/lib/python3.12/site-packages/airflow/cli/commands/task_command.py", line 341, in _run_raw_task
    return ti._run_raw_task(
           ^^^^^^^^^^^^^^^^^
  File "/home/airflow/.local/lib/python3.12/site-packages/airflow/utils/session.py", line 97, in wrapper
    return func(*args, session=session, **kwargs)
           ^^^^^^^^^^^^^^^^^^^^^^^^^^^^^^^^^^^^^^
  File "/home/airflow/.local/lib/python3.12/site-packages/airflow/models/taskinstance.py", line 3005, in _run_raw_task
    return _run_raw_task(
           ^^^^^^^^^^^^^^
  File "/home/airflow/.local/lib/python3.12/site-packages/airflow/models/taskinstance.py", line 273, in _run_raw_task
    TaskInstance._execute_task_with_callbacks(
  File "/home/airflow/.local/lib/python3.12/site-packages/airflow/models/taskinstance.py", line 3159, in _execute_task_with_callbacks
    result = self._execute_task(context, task_orig)
             ^^^^^^^^^^^^^^^^^^^^^^^^^^^^^^^^^^^^^^
  File "/home/airflow/.local/lib/python3.12/site-packages/airflow/models/taskinstance.py", line 3183, in _execute_task
    return _execute_task(self, context, task_orig)
           ^^^^^^^^^^^^^^^^^^^^^^^^^^^^^^^^^^^^^^^
  File "/home/airflow/.local/lib/python3.12/site-packages/airflow/models/taskinstance.py", line 767, in _execute_task
    result = _execute_callable(context=context, **execute_callable_kwargs)
             ^^^^^^^^^^^^^^^^^^^^^^^^^^^^^^^^^^^^^^^^^^^^^^^^^^^^^^^^^^^^^
  File "/home/airflow/.local/lib/python3.12/site-packages/airflow/models/taskinstance.py", line 733, in _execute_callable
    return ExecutionCallableRunner(
           ^^^^^^^^^^^^^^^^^^^^^^^^
  File "/home/airflow/.local/lib/python3.12/site-packages/airflow/utils/operator_helpers.py", line 252, in run
    return self.func(*args, **kwargs)
           ^^^^^^^^^^^^^^^^^^^^^^^^^^
  File "/home/airflow/.local/lib/python3.12/site-packages/airflow/models/baseoperator.py", line 417, in wrapper
    return func(self, *args, **kwargs)
           ^^^^^^^^^^^^^^^^^^^^^^^^^^^
  File "/home/airflow/.local/lib/python3.12/site-packages/airflow/operators/bash.py", line 276, in execute
    raise AirflowException(
airflow.exceptions.AirflowException: Bash command failed. The command returned a non-zero exit code 1.
[2024-11-12T17:13:34.649+0000] {local_task_job_runner.py:266} INFO - Task exited with return code 1
[2024-11-12T17:13:34.957+0000] {taskinstance.py:3895} INFO - 0 downstream tasks scheduled from follow-on schedule check
[2024-11-12T17:13:34.965+0000] {local_task_job_runner.py:245} INFO - ::endgroup::
[2024-11-13T02:08:27.471+0000] {local_task_job_runner.py:123} INFO - ::group::Pre task execution logs
[2024-11-13T02:08:27.546+0000] {taskinstance.py:2613} INFO - Dependencies all met for dep_context=non-requeueable deps ti=<TaskInstance: example_pipeline.run_scrapy scheduled__2023-01-01T00:14:00+00:00 [queued]>
[2024-11-13T02:08:27.577+0000] {taskinstance.py:2613} INFO - Dependencies all met for dep_context=requeueable deps ti=<TaskInstance: example_pipeline.run_scrapy scheduled__2023-01-01T00:14:00+00:00 [queued]>
[2024-11-13T02:08:27.579+0000] {taskinstance.py:2866} INFO - Starting attempt 1 of 2
[2024-11-13T02:08:27.615+0000] {taskinstance.py:2889} INFO - Executing <Task(BashOperator): run_scrapy> on 2023-01-01 00:14:00+00:00
[2024-11-13T02:08:27.654+0000] {logging_mixin.py:190} WARNING - /home/airflow/.local/lib/python3.12/site-packages/airflow/task/task_runner/standard_task_runner.py:70 DeprecationWarning: This process (pid=259) is multi-threaded, use of fork() may lead to deadlocks in the child.
[2024-11-13T02:08:27.658+0000] {standard_task_runner.py:72} INFO - Started process 322 to run task
[2024-11-13T02:08:27.652+0000] {standard_task_runner.py:104} INFO - Running: ['airflow', 'tasks', 'run', 'example_pipeline', 'run_scrapy', 'scheduled__2023-01-01T00:14:00+00:00', '--job-id', '10', '--raw', '--subdir', 'DAGS_FOLDER/test_main.py', '--cfg-path', '/tmp/tmpjf_94n38']
[2024-11-13T02:08:27.660+0000] {standard_task_runner.py:105} INFO - Job 10: Subtask run_scrapy
[2024-11-13T02:08:27.724+0000] {logging_mixin.py:190} WARNING - /home/airflow/.local/lib/python3.12/site-packages/airflow/settings.py:209 DeprecationWarning: The sql_alchemy_conn option in [core] has been moved to the sql_alchemy_conn option in [database] - the old setting has been used, but please update your config.
[2024-11-13T02:08:27.979+0000] {task_command.py:467} INFO - Running <TaskInstance: example_pipeline.run_scrapy scheduled__2023-01-01T00:14:00+00:00 [running]> on host 2601b7b17088
[2024-11-13T02:08:27.984+0000] {logging_mixin.py:190} WARNING - /home/airflow/.local/lib/python3.12/site-packages/airflow/settings.py:470 DeprecationWarning: The sql_alchemy_conn option in [core] has been moved to the sql_alchemy_conn option in [database] - the old setting has been used, but please update your config.
[2024-11-13T02:08:28.231+0000] {taskinstance.py:3132} INFO - Exporting env vars: AIRFLOW_CTX_DAG_OWNER='airflow' AIRFLOW_CTX_DAG_ID='example_pipeline' AIRFLOW_CTX_TASK_ID='run_scrapy' AIRFLOW_CTX_EXECUTION_DATE='2023-01-01T00:14:00+00:00' AIRFLOW_CTX_TRY_NUMBER='1' AIRFLOW_CTX_DAG_RUN_ID='scheduled__2023-01-01T00:14:00+00:00'
[2024-11-13T02:08:28.254+0000] {taskinstance.py:731} INFO - ::endgroup::
[2024-11-13T02:08:28.303+0000] {subprocess.py:78} INFO - Tmp dir root location: /tmp
[2024-11-13T02:08:28.317+0000] {subprocess.py:88} INFO - Running command: ['/usr/bin/bash', '-c', 'docker build -t thaian -f D:/DeTaiPhanTichDinhLuong_Xuly_Pyspark_WebKimDong_BanChinh/DeTai_PhanTichDinhLuong_WebKimDong-main_version2_pyspark_windows/Dockerfile D:/DeTaiPhanTichDinhLuong_Xuly_Pyspark_WebKimDong_BanChinh/DeTai_PhanTichDinhLuong_WebKimDong-main_version2_pyspark_windows']
[2024-11-13T02:08:28.371+0000] {subprocess.py:99} INFO - Output:
[2024-11-13T02:08:28.510+0000] {subprocess.py:106} INFO - DEPRECATED: The legacy builder is deprecated and will be removed in a future release.
[2024-11-13T02:08:28.512+0000] {subprocess.py:106} INFO -             Install the buildx component to build images with BuildKit:
[2024-11-13T02:08:28.514+0000] {subprocess.py:106} INFO -             https://docs.docker.com/go/buildx/
[2024-11-13T02:08:28.515+0000] {subprocess.py:106} INFO - 
[2024-11-13T02:08:28.516+0000] {subprocess.py:106} INFO - unable to prepare context: path "D:/DeTaiPhanTichDinhLuong_Xuly_Pyspark_WebKimDong_BanChinh/DeTai_PhanTichDinhLuong_WebKimDong-main_version2_pyspark_windows" not found
[2024-11-13T02:08:28.517+0000] {subprocess.py:110} INFO - Command exited with return code 1
[2024-11-13T02:08:28.648+0000] {taskinstance.py:3311} ERROR - Task failed with exception
Traceback (most recent call last):
  File "/home/airflow/.local/lib/python3.12/site-packages/airflow/models/taskinstance.py", line 767, in _execute_task
    result = _execute_callable(context=context, **execute_callable_kwargs)
             ^^^^^^^^^^^^^^^^^^^^^^^^^^^^^^^^^^^^^^^^^^^^^^^^^^^^^^^^^^^^^
  File "/home/airflow/.local/lib/python3.12/site-packages/airflow/models/taskinstance.py", line 733, in _execute_callable
    return ExecutionCallableRunner(
           ^^^^^^^^^^^^^^^^^^^^^^^^
  File "/home/airflow/.local/lib/python3.12/site-packages/airflow/utils/operator_helpers.py", line 252, in run
    return self.func(*args, **kwargs)
           ^^^^^^^^^^^^^^^^^^^^^^^^^^
  File "/home/airflow/.local/lib/python3.12/site-packages/airflow/models/baseoperator.py", line 417, in wrapper
    return func(self, *args, **kwargs)
           ^^^^^^^^^^^^^^^^^^^^^^^^^^^
  File "/home/airflow/.local/lib/python3.12/site-packages/airflow/operators/bash.py", line 276, in execute
    raise AirflowException(
airflow.exceptions.AirflowException: Bash command failed. The command returned a non-zero exit code 1.
[2024-11-13T02:08:28.742+0000] {taskinstance.py:1225} INFO - Marking task as UP_FOR_RETRY. dag_id=example_pipeline, task_id=run_scrapy, run_id=scheduled__2023-01-01T00:14:00+00:00, execution_date=20230101T001400, start_date=20241113T020827, end_date=20241113T020828
[2024-11-13T02:08:30.503+0000] {taskinstance.py:340} INFO - ::group::Post task execution logs
[2024-11-13T02:08:30.506+0000] {standard_task_runner.py:124} ERROR - Failed to execute job 10 for task run_scrapy (Bash command failed. The command returned a non-zero exit code 1.; 322)
Traceback (most recent call last):
  File "/home/airflow/.local/lib/python3.12/site-packages/airflow/task/task_runner/standard_task_runner.py", line 117, in _start_by_fork
    ret = args.func(args, dag=self.dag)
          ^^^^^^^^^^^^^^^^^^^^^^^^^^^^^
  File "/home/airflow/.local/lib/python3.12/site-packages/airflow/cli/cli_config.py", line 49, in command
    return func(*args, **kwargs)
           ^^^^^^^^^^^^^^^^^^^^^
  File "/home/airflow/.local/lib/python3.12/site-packages/airflow/utils/cli.py", line 116, in wrapper
    return f(*args, **kwargs)
           ^^^^^^^^^^^^^^^^^^
  File "/home/airflow/.local/lib/python3.12/site-packages/airflow/cli/commands/task_command.py", line 483, in task_run
    task_return_code = _run_task_by_selected_method(args, _dag, ti)
                       ^^^^^^^^^^^^^^^^^^^^^^^^^^^^^^^^^^^^^^^^^^^^
  File "/home/airflow/.local/lib/python3.12/site-packages/airflow/cli/commands/task_command.py", line 256, in _run_task_by_selected_method
    return _run_raw_task(args, ti)
           ^^^^^^^^^^^^^^^^^^^^^^^
  File "/home/airflow/.local/lib/python3.12/site-packages/airflow/cli/commands/task_command.py", line 341, in _run_raw_task
    return ti._run_raw_task(
           ^^^^^^^^^^^^^^^^^
  File "/home/airflow/.local/lib/python3.12/site-packages/airflow/utils/session.py", line 97, in wrapper
    return func(*args, session=session, **kwargs)
           ^^^^^^^^^^^^^^^^^^^^^^^^^^^^^^^^^^^^^^
  File "/home/airflow/.local/lib/python3.12/site-packages/airflow/models/taskinstance.py", line 3005, in _run_raw_task
    return _run_raw_task(
           ^^^^^^^^^^^^^^
  File "/home/airflow/.local/lib/python3.12/site-packages/airflow/models/taskinstance.py", line 273, in _run_raw_task
    TaskInstance._execute_task_with_callbacks(
  File "/home/airflow/.local/lib/python3.12/site-packages/airflow/models/taskinstance.py", line 3159, in _execute_task_with_callbacks
    result = self._execute_task(context, task_orig)
             ^^^^^^^^^^^^^^^^^^^^^^^^^^^^^^^^^^^^^^
  File "/home/airflow/.local/lib/python3.12/site-packages/airflow/models/taskinstance.py", line 3183, in _execute_task
    return _execute_task(self, context, task_orig)
           ^^^^^^^^^^^^^^^^^^^^^^^^^^^^^^^^^^^^^^^
  File "/home/airflow/.local/lib/python3.12/site-packages/airflow/models/taskinstance.py", line 767, in _execute_task
    result = _execute_callable(context=context, **execute_callable_kwargs)
             ^^^^^^^^^^^^^^^^^^^^^^^^^^^^^^^^^^^^^^^^^^^^^^^^^^^^^^^^^^^^^
  File "/home/airflow/.local/lib/python3.12/site-packages/airflow/models/taskinstance.py", line 733, in _execute_callable
    return ExecutionCallableRunner(
           ^^^^^^^^^^^^^^^^^^^^^^^^
  File "/home/airflow/.local/lib/python3.12/site-packages/airflow/utils/operator_helpers.py", line 252, in run
    return self.func(*args, **kwargs)
           ^^^^^^^^^^^^^^^^^^^^^^^^^^
  File "/home/airflow/.local/lib/python3.12/site-packages/airflow/models/baseoperator.py", line 417, in wrapper
    return func(self, *args, **kwargs)
           ^^^^^^^^^^^^^^^^^^^^^^^^^^^
  File "/home/airflow/.local/lib/python3.12/site-packages/airflow/operators/bash.py", line 276, in execute
    raise AirflowException(
airflow.exceptions.AirflowException: Bash command failed. The command returned a non-zero exit code 1.
[2024-11-13T02:08:30.646+0000] {local_task_job_runner.py:266} INFO - Task exited with return code 1
[2024-11-13T02:08:30.735+0000] {taskinstance.py:3895} INFO - 0 downstream tasks scheduled from follow-on schedule check
[2024-11-13T02:08:30.739+0000] {local_task_job_runner.py:245} INFO - ::endgroup::
[2024-11-13T02:20:12.284+0000] {local_task_job_runner.py:123} INFO - ::group::Pre task execution logs
[2024-11-13T02:20:12.316+0000] {taskinstance.py:2613} INFO - Dependencies all met for dep_context=non-requeueable deps ti=<TaskInstance: example_pipeline.run_scrapy scheduled__2023-01-01T00:14:00+00:00 [queued]>
[2024-11-13T02:20:12.336+0000] {taskinstance.py:2613} INFO - Dependencies all met for dep_context=requeueable deps ti=<TaskInstance: example_pipeline.run_scrapy scheduled__2023-01-01T00:14:00+00:00 [queued]>
[2024-11-13T02:20:12.339+0000] {taskinstance.py:2866} INFO - Starting attempt 1 of 2
[2024-11-13T02:20:12.375+0000] {taskinstance.py:2889} INFO - Executing <Task(BashOperator): run_scrapy> on 2023-01-01 00:14:00+00:00
[2024-11-13T02:20:12.399+0000] {logging_mixin.py:190} WARNING - /home/airflow/.local/lib/python3.12/site-packages/airflow/task/task_runner/standard_task_runner.py:70 DeprecationWarning: This process (pid=277) is multi-threaded, use of fork() may lead to deadlocks in the child.
[2024-11-13T02:20:12.402+0000] {standard_task_runner.py:72} INFO - Started process 288 to run task
[2024-11-13T02:20:12.400+0000] {standard_task_runner.py:104} INFO - Running: ['airflow', 'tasks', 'run', 'example_pipeline', 'run_scrapy', 'scheduled__2023-01-01T00:14:00+00:00', '--job-id', '10', '--raw', '--subdir', 'DAGS_FOLDER/test_main.py', '--cfg-path', '/tmp/tmpeow1ma4b']
[2024-11-13T02:20:12.406+0000] {standard_task_runner.py:105} INFO - Job 10: Subtask run_scrapy
[2024-11-13T02:20:12.448+0000] {logging_mixin.py:190} WARNING - /home/airflow/.local/lib/python3.12/site-packages/airflow/settings.py:209 DeprecationWarning: The sql_alchemy_conn option in [core] has been moved to the sql_alchemy_conn option in [database] - the old setting has been used, but please update your config.
[2024-11-13T02:20:12.542+0000] {task_command.py:467} INFO - Running <TaskInstance: example_pipeline.run_scrapy scheduled__2023-01-01T00:14:00+00:00 [running]> on host 2ab9a8b10b6d
[2024-11-13T02:20:12.545+0000] {logging_mixin.py:190} WARNING - /home/airflow/.local/lib/python3.12/site-packages/airflow/settings.py:470 DeprecationWarning: The sql_alchemy_conn option in [core] has been moved to the sql_alchemy_conn option in [database] - the old setting has been used, but please update your config.
[2024-11-13T02:20:12.706+0000] {taskinstance.py:3132} INFO - Exporting env vars: AIRFLOW_CTX_DAG_OWNER='airflow' AIRFLOW_CTX_DAG_ID='example_pipeline' AIRFLOW_CTX_TASK_ID='run_scrapy' AIRFLOW_CTX_EXECUTION_DATE='2023-01-01T00:14:00+00:00' AIRFLOW_CTX_TRY_NUMBER='1' AIRFLOW_CTX_DAG_RUN_ID='scheduled__2023-01-01T00:14:00+00:00'
[2024-11-13T02:20:12.709+0000] {taskinstance.py:731} INFO - ::endgroup::
[2024-11-13T02:20:12.761+0000] {subprocess.py:78} INFO - Tmp dir root location: /tmp
[2024-11-13T02:20:12.762+0000] {subprocess.py:88} INFO - Running command: ['/usr/bin/bash', '-c', 'docker build -t thaian .']
[2024-11-13T02:20:12.786+0000] {subprocess.py:99} INFO - Output:
[2024-11-13T02:20:12.844+0000] {subprocess.py:106} INFO - DEPRECATED: The legacy builder is deprecated and will be removed in a future release.
[2024-11-13T02:20:12.845+0000] {subprocess.py:106} INFO -             Install the buildx component to build images with BuildKit:
[2024-11-13T02:20:12.846+0000] {subprocess.py:106} INFO -             https://docs.docker.com/go/buildx/
[2024-11-13T02:20:12.847+0000] {subprocess.py:106} INFO - 
[2024-11-13T02:20:12.847+0000] {subprocess.py:106} INFO - unable to prepare context: unable to evaluate symlinks in Dockerfile path: lstat /tmp/airflowtmpg3tx0ary/Dockerfile: no such file or directory
[2024-11-13T02:20:12.850+0000] {subprocess.py:110} INFO - Command exited with return code 1
[2024-11-13T02:20:12.892+0000] {taskinstance.py:3311} ERROR - Task failed with exception
Traceback (most recent call last):
  File "/home/airflow/.local/lib/python3.12/site-packages/airflow/models/taskinstance.py", line 767, in _execute_task
    result = _execute_callable(context=context, **execute_callable_kwargs)
             ^^^^^^^^^^^^^^^^^^^^^^^^^^^^^^^^^^^^^^^^^^^^^^^^^^^^^^^^^^^^^
  File "/home/airflow/.local/lib/python3.12/site-packages/airflow/models/taskinstance.py", line 733, in _execute_callable
    return ExecutionCallableRunner(
           ^^^^^^^^^^^^^^^^^^^^^^^^
  File "/home/airflow/.local/lib/python3.12/site-packages/airflow/utils/operator_helpers.py", line 252, in run
    return self.func(*args, **kwargs)
           ^^^^^^^^^^^^^^^^^^^^^^^^^^
  File "/home/airflow/.local/lib/python3.12/site-packages/airflow/models/baseoperator.py", line 417, in wrapper
    return func(self, *args, **kwargs)
           ^^^^^^^^^^^^^^^^^^^^^^^^^^^
  File "/home/airflow/.local/lib/python3.12/site-packages/airflow/operators/bash.py", line 276, in execute
    raise AirflowException(
airflow.exceptions.AirflowException: Bash command failed. The command returned a non-zero exit code 1.
[2024-11-13T02:20:12.925+0000] {taskinstance.py:1225} INFO - Marking task as UP_FOR_RETRY. dag_id=example_pipeline, task_id=run_scrapy, run_id=scheduled__2023-01-01T00:14:00+00:00, execution_date=20230101T001400, start_date=20241113T022012, end_date=20241113T022012
[2024-11-13T02:20:13.072+0000] {taskinstance.py:340} INFO - ::group::Post task execution logs
[2024-11-13T02:20:13.073+0000] {standard_task_runner.py:124} ERROR - Failed to execute job 10 for task run_scrapy (Bash command failed. The command returned a non-zero exit code 1.; 288)
Traceback (most recent call last):
  File "/home/airflow/.local/lib/python3.12/site-packages/airflow/task/task_runner/standard_task_runner.py", line 117, in _start_by_fork
    ret = args.func(args, dag=self.dag)
          ^^^^^^^^^^^^^^^^^^^^^^^^^^^^^
  File "/home/airflow/.local/lib/python3.12/site-packages/airflow/cli/cli_config.py", line 49, in command
    return func(*args, **kwargs)
           ^^^^^^^^^^^^^^^^^^^^^
  File "/home/airflow/.local/lib/python3.12/site-packages/airflow/utils/cli.py", line 116, in wrapper
    return f(*args, **kwargs)
           ^^^^^^^^^^^^^^^^^^
  File "/home/airflow/.local/lib/python3.12/site-packages/airflow/cli/commands/task_command.py", line 483, in task_run
    task_return_code = _run_task_by_selected_method(args, _dag, ti)
                       ^^^^^^^^^^^^^^^^^^^^^^^^^^^^^^^^^^^^^^^^^^^^
  File "/home/airflow/.local/lib/python3.12/site-packages/airflow/cli/commands/task_command.py", line 256, in _run_task_by_selected_method
    return _run_raw_task(args, ti)
           ^^^^^^^^^^^^^^^^^^^^^^^
  File "/home/airflow/.local/lib/python3.12/site-packages/airflow/cli/commands/task_command.py", line 341, in _run_raw_task
    return ti._run_raw_task(
           ^^^^^^^^^^^^^^^^^
  File "/home/airflow/.local/lib/python3.12/site-packages/airflow/utils/session.py", line 97, in wrapper
    return func(*args, session=session, **kwargs)
           ^^^^^^^^^^^^^^^^^^^^^^^^^^^^^^^^^^^^^^
  File "/home/airflow/.local/lib/python3.12/site-packages/airflow/models/taskinstance.py", line 3005, in _run_raw_task
    return _run_raw_task(
           ^^^^^^^^^^^^^^
  File "/home/airflow/.local/lib/python3.12/site-packages/airflow/models/taskinstance.py", line 273, in _run_raw_task
    TaskInstance._execute_task_with_callbacks(
  File "/home/airflow/.local/lib/python3.12/site-packages/airflow/models/taskinstance.py", line 3159, in _execute_task_with_callbacks
    result = self._execute_task(context, task_orig)
             ^^^^^^^^^^^^^^^^^^^^^^^^^^^^^^^^^^^^^^
  File "/home/airflow/.local/lib/python3.12/site-packages/airflow/models/taskinstance.py", line 3183, in _execute_task
    return _execute_task(self, context, task_orig)
           ^^^^^^^^^^^^^^^^^^^^^^^^^^^^^^^^^^^^^^^
  File "/home/airflow/.local/lib/python3.12/site-packages/airflow/models/taskinstance.py", line 767, in _execute_task
    result = _execute_callable(context=context, **execute_callable_kwargs)
             ^^^^^^^^^^^^^^^^^^^^^^^^^^^^^^^^^^^^^^^^^^^^^^^^^^^^^^^^^^^^^
  File "/home/airflow/.local/lib/python3.12/site-packages/airflow/models/taskinstance.py", line 733, in _execute_callable
    return ExecutionCallableRunner(
           ^^^^^^^^^^^^^^^^^^^^^^^^
  File "/home/airflow/.local/lib/python3.12/site-packages/airflow/utils/operator_helpers.py", line 252, in run
    return self.func(*args, **kwargs)
           ^^^^^^^^^^^^^^^^^^^^^^^^^^
  File "/home/airflow/.local/lib/python3.12/site-packages/airflow/models/baseoperator.py", line 417, in wrapper
    return func(self, *args, **kwargs)
           ^^^^^^^^^^^^^^^^^^^^^^^^^^^
  File "/home/airflow/.local/lib/python3.12/site-packages/airflow/operators/bash.py", line 276, in execute
    raise AirflowException(
airflow.exceptions.AirflowException: Bash command failed. The command returned a non-zero exit code 1.
[2024-11-13T02:20:13.104+0000] {local_task_job_runner.py:266} INFO - Task exited with return code 1
[2024-11-13T02:20:13.133+0000] {taskinstance.py:3895} INFO - 0 downstream tasks scheduled from follow-on schedule check
[2024-11-13T02:20:13.136+0000] {local_task_job_runner.py:245} INFO - ::endgroup::
[2024-11-13T04:43:25.245+0000] {local_task_job_runner.py:123} INFO - ::group::Pre task execution logs
[2024-11-13T04:43:25.588+0000] {taskinstance.py:2613} INFO - Dependencies all met for dep_context=non-requeueable deps ti=<TaskInstance: example_pipeline.run_scrapy scheduled__2023-01-01T00:14:00+00:00 [queued]>
[2024-11-13T04:43:25.792+0000] {taskinstance.py:2613} INFO - Dependencies all met for dep_context=requeueable deps ti=<TaskInstance: example_pipeline.run_scrapy scheduled__2023-01-01T00:14:00+00:00 [queued]>
[2024-11-13T04:43:25.799+0000] {taskinstance.py:2866} INFO - Starting attempt 1 of 2
[2024-11-13T04:43:25.902+0000] {taskinstance.py:2889} INFO - Executing <Task(BashOperator): run_scrapy> on 2023-01-01 00:14:00+00:00
[2024-11-13T04:43:26.235+0000] {logging_mixin.py:190} WARNING - /home/airflow/.local/lib/python3.12/site-packages/airflow/task/task_runner/standard_task_runner.py:70 DeprecationWarning: This process (pid=237) is multi-threaded, use of fork() may lead to deadlocks in the child.
[2024-11-13T04:43:26.345+0000] {standard_task_runner.py:72} INFO - Started process 251 to run task
[2024-11-13T04:43:26.352+0000] {standard_task_runner.py:104} INFO - Running: ['airflow', 'tasks', 'run', 'example_pipeline', 'run_scrapy', 'scheduled__2023-01-01T00:14:00+00:00', '--job-id', '10', '--raw', '--subdir', 'DAGS_FOLDER/test_main.py', '--cfg-path', '/tmp/tmpyykf8j0i']
[2024-11-13T04:43:26.549+0000] {standard_task_runner.py:105} INFO - Job 10: Subtask run_scrapy
[2024-11-13T04:43:27.134+0000] {logging_mixin.py:190} WARNING - /home/airflow/.local/lib/python3.12/site-packages/airflow/settings.py:209 DeprecationWarning: The sql_alchemy_conn option in [core] has been moved to the sql_alchemy_conn option in [database] - the old setting has been used, but please update your config.
[2024-11-13T04:43:28.399+0000] {task_command.py:467} INFO - Running <TaskInstance: example_pipeline.run_scrapy scheduled__2023-01-01T00:14:00+00:00 [running]> on host c93a3ad2febf
[2024-11-13T04:43:28.530+0000] {logging_mixin.py:190} WARNING - /home/airflow/.local/lib/python3.12/site-packages/airflow/settings.py:470 DeprecationWarning: The sql_alchemy_conn option in [core] has been moved to the sql_alchemy_conn option in [database] - the old setting has been used, but please update your config.
[2024-11-13T04:43:31.093+0000] {taskinstance.py:3132} INFO - Exporting env vars: AIRFLOW_CTX_DAG_OWNER='airflow' AIRFLOW_CTX_DAG_ID='example_pipeline' AIRFLOW_CTX_TASK_ID='run_scrapy' AIRFLOW_CTX_EXECUTION_DATE='2023-01-01T00:14:00+00:00' AIRFLOW_CTX_TRY_NUMBER='1' AIRFLOW_CTX_DAG_RUN_ID='scheduled__2023-01-01T00:14:00+00:00'
[2024-11-13T04:43:31.110+0000] {taskinstance.py:731} INFO - ::endgroup::
[2024-11-13T04:43:32.112+0000] {subprocess.py:78} INFO - Tmp dir root location: /tmp
[2024-11-13T04:43:32.145+0000] {subprocess.py:88} INFO - Running command: ['/usr/bin/bash', '-c', 'docker build -t thaian .']
[2024-11-13T04:43:32.284+0000] {subprocess.py:99} INFO - Output:
[2024-11-13T04:43:33.718+0000] {subprocess.py:106} INFO - DEPRECATED: The legacy builder is deprecated and will be removed in a future release.
[2024-11-13T04:43:33.987+0000] {subprocess.py:106} INFO -             Install the buildx component to build images with BuildKit:
[2024-11-13T04:43:34.004+0000] {subprocess.py:106} INFO -             https://docs.docker.com/go/buildx/
[2024-11-13T04:43:34.027+0000] {subprocess.py:106} INFO - 
[2024-11-13T04:43:34.045+0000] {subprocess.py:106} INFO - unable to prepare context: unable to evaluate symlinks in Dockerfile path: lstat /tmp/airflowtmpkskb2h3p/Dockerfile: no such file or directory
[2024-11-13T04:43:34.046+0000] {subprocess.py:110} INFO - Command exited with return code 1
[2024-11-13T04:43:34.168+0000] {taskinstance.py:3311} ERROR - Task failed with exception
Traceback (most recent call last):
  File "/home/airflow/.local/lib/python3.12/site-packages/airflow/models/taskinstance.py", line 767, in _execute_task
    result = _execute_callable(context=context, **execute_callable_kwargs)
             ^^^^^^^^^^^^^^^^^^^^^^^^^^^^^^^^^^^^^^^^^^^^^^^^^^^^^^^^^^^^^
  File "/home/airflow/.local/lib/python3.12/site-packages/airflow/models/taskinstance.py", line 733, in _execute_callable
    return ExecutionCallableRunner(
           ^^^^^^^^^^^^^^^^^^^^^^^^
  File "/home/airflow/.local/lib/python3.12/site-packages/airflow/utils/operator_helpers.py", line 252, in run
    return self.func(*args, **kwargs)
           ^^^^^^^^^^^^^^^^^^^^^^^^^^
  File "/home/airflow/.local/lib/python3.12/site-packages/airflow/models/baseoperator.py", line 417, in wrapper
    return func(self, *args, **kwargs)
           ^^^^^^^^^^^^^^^^^^^^^^^^^^^
  File "/home/airflow/.local/lib/python3.12/site-packages/airflow/operators/bash.py", line 276, in execute
    raise AirflowException(
airflow.exceptions.AirflowException: Bash command failed. The command returned a non-zero exit code 1.
[2024-11-13T04:43:34.224+0000] {taskinstance.py:1225} INFO - Marking task as UP_FOR_RETRY. dag_id=example_pipeline, task_id=run_scrapy, run_id=scheduled__2023-01-01T00:14:00+00:00, execution_date=20230101T001400, start_date=20241113T044325, end_date=20241113T044334
[2024-11-13T04:43:34.343+0000] {taskinstance.py:340} INFO - ::group::Post task execution logs
[2024-11-13T04:43:34.351+0000] {standard_task_runner.py:124} ERROR - Failed to execute job 10 for task run_scrapy (Bash command failed. The command returned a non-zero exit code 1.; 251)
Traceback (most recent call last):
  File "/home/airflow/.local/lib/python3.12/site-packages/airflow/task/task_runner/standard_task_runner.py", line 117, in _start_by_fork
    ret = args.func(args, dag=self.dag)
          ^^^^^^^^^^^^^^^^^^^^^^^^^^^^^
  File "/home/airflow/.local/lib/python3.12/site-packages/airflow/cli/cli_config.py", line 49, in command
    return func(*args, **kwargs)
           ^^^^^^^^^^^^^^^^^^^^^
  File "/home/airflow/.local/lib/python3.12/site-packages/airflow/utils/cli.py", line 116, in wrapper
    return f(*args, **kwargs)
           ^^^^^^^^^^^^^^^^^^
  File "/home/airflow/.local/lib/python3.12/site-packages/airflow/cli/commands/task_command.py", line 483, in task_run
    task_return_code = _run_task_by_selected_method(args, _dag, ti)
                       ^^^^^^^^^^^^^^^^^^^^^^^^^^^^^^^^^^^^^^^^^^^^
  File "/home/airflow/.local/lib/python3.12/site-packages/airflow/cli/commands/task_command.py", line 256, in _run_task_by_selected_method
    return _run_raw_task(args, ti)
           ^^^^^^^^^^^^^^^^^^^^^^^
  File "/home/airflow/.local/lib/python3.12/site-packages/airflow/cli/commands/task_command.py", line 341, in _run_raw_task
    return ti._run_raw_task(
           ^^^^^^^^^^^^^^^^^
  File "/home/airflow/.local/lib/python3.12/site-packages/airflow/utils/session.py", line 97, in wrapper
    return func(*args, session=session, **kwargs)
           ^^^^^^^^^^^^^^^^^^^^^^^^^^^^^^^^^^^^^^
  File "/home/airflow/.local/lib/python3.12/site-packages/airflow/models/taskinstance.py", line 3005, in _run_raw_task
    return _run_raw_task(
           ^^^^^^^^^^^^^^
  File "/home/airflow/.local/lib/python3.12/site-packages/airflow/models/taskinstance.py", line 273, in _run_raw_task
    TaskInstance._execute_task_with_callbacks(
  File "/home/airflow/.local/lib/python3.12/site-packages/airflow/models/taskinstance.py", line 3159, in _execute_task_with_callbacks
    result = self._execute_task(context, task_orig)
             ^^^^^^^^^^^^^^^^^^^^^^^^^^^^^^^^^^^^^^
  File "/home/airflow/.local/lib/python3.12/site-packages/airflow/models/taskinstance.py", line 3183, in _execute_task
    return _execute_task(self, context, task_orig)
           ^^^^^^^^^^^^^^^^^^^^^^^^^^^^^^^^^^^^^^^
  File "/home/airflow/.local/lib/python3.12/site-packages/airflow/models/taskinstance.py", line 767, in _execute_task
    result = _execute_callable(context=context, **execute_callable_kwargs)
             ^^^^^^^^^^^^^^^^^^^^^^^^^^^^^^^^^^^^^^^^^^^^^^^^^^^^^^^^^^^^^
  File "/home/airflow/.local/lib/python3.12/site-packages/airflow/models/taskinstance.py", line 733, in _execute_callable
    return ExecutionCallableRunner(
           ^^^^^^^^^^^^^^^^^^^^^^^^
  File "/home/airflow/.local/lib/python3.12/site-packages/airflow/utils/operator_helpers.py", line 252, in run
    return self.func(*args, **kwargs)
           ^^^^^^^^^^^^^^^^^^^^^^^^^^
  File "/home/airflow/.local/lib/python3.12/site-packages/airflow/models/baseoperator.py", line 417, in wrapper
    return func(self, *args, **kwargs)
           ^^^^^^^^^^^^^^^^^^^^^^^^^^^
  File "/home/airflow/.local/lib/python3.12/site-packages/airflow/operators/bash.py", line 276, in execute
    raise AirflowException(
airflow.exceptions.AirflowException: Bash command failed. The command returned a non-zero exit code 1.
[2024-11-13T04:43:34.471+0000] {local_task_job_runner.py:266} INFO - Task exited with return code 1
[2024-11-13T04:43:34.696+0000] {taskinstance.py:3895} INFO - 0 downstream tasks scheduled from follow-on schedule check
[2024-11-13T04:43:34.708+0000] {local_task_job_runner.py:245} INFO - ::endgroup::
[2024-11-13T04:55:30.355+0000] {local_task_job_runner.py:123} INFO - ::group::Pre task execution logs
[2024-11-13T04:55:30.555+0000] {taskinstance.py:2613} INFO - Dependencies all met for dep_context=non-requeueable deps ti=<TaskInstance: example_pipeline.run_scrapy scheduled__2023-01-01T00:14:00+00:00 [queued]>
[2024-11-13T04:55:30.642+0000] {taskinstance.py:2613} INFO - Dependencies all met for dep_context=requeueable deps ti=<TaskInstance: example_pipeline.run_scrapy scheduled__2023-01-01T00:14:00+00:00 [queued]>
[2024-11-13T04:55:30.655+0000] {taskinstance.py:2866} INFO - Starting attempt 1 of 2
[2024-11-13T04:55:31.579+0000] {taskinstance.py:2889} INFO - Executing <Task(BashOperator): run_scrapy> on 2023-01-01 00:14:00+00:00
[2024-11-13T04:55:32.166+0000] {logging_mixin.py:190} WARNING - /home/airflow/.local/lib/python3.12/site-packages/airflow/task/task_runner/standard_task_runner.py:70 DeprecationWarning: This process (pid=237) is multi-threaded, use of fork() may lead to deadlocks in the child.
[2024-11-13T04:55:32.554+0000] {standard_task_runner.py:72} INFO - Started process 268 to run task
[2024-11-13T04:55:32.581+0000] {standard_task_runner.py:104} INFO - Running: ['airflow', 'tasks', 'run', 'example_pipeline', 'run_scrapy', 'scheduled__2023-01-01T00:14:00+00:00', '--job-id', '14', '--raw', '--subdir', 'DAGS_FOLDER/test_main.py', '--cfg-path', '/tmp/tmpqvl316es']
[2024-11-13T04:55:32.616+0000] {standard_task_runner.py:105} INFO - Job 14: Subtask run_scrapy
[2024-11-13T04:55:33.456+0000] {logging_mixin.py:190} WARNING - /home/airflow/.local/lib/python3.12/site-packages/airflow/settings.py:209 DeprecationWarning: The sql_alchemy_conn option in [core] has been moved to the sql_alchemy_conn option in [database] - the old setting has been used, but please update your config.
[2024-11-13T04:55:33.822+0000] {task_command.py:467} INFO - Running <TaskInstance: example_pipeline.run_scrapy scheduled__2023-01-01T00:14:00+00:00 [running]> on host 98aaf3cf0496
[2024-11-13T04:55:33.828+0000] {logging_mixin.py:190} WARNING - /home/airflow/.local/lib/python3.12/site-packages/airflow/settings.py:470 DeprecationWarning: The sql_alchemy_conn option in [core] has been moved to the sql_alchemy_conn option in [database] - the old setting has been used, but please update your config.
[2024-11-13T04:55:34.622+0000] {taskinstance.py:3132} INFO - Exporting env vars: AIRFLOW_CTX_DAG_OWNER='airflow' AIRFLOW_CTX_DAG_ID='example_pipeline' AIRFLOW_CTX_TASK_ID='run_scrapy' AIRFLOW_CTX_EXECUTION_DATE='2023-01-01T00:14:00+00:00' AIRFLOW_CTX_TRY_NUMBER='1' AIRFLOW_CTX_DAG_RUN_ID='scheduled__2023-01-01T00:14:00+00:00'
[2024-11-13T04:55:34.651+0000] {taskinstance.py:731} INFO - ::endgroup::
[2024-11-13T04:55:35.592+0000] {subprocess.py:78} INFO - Tmp dir root location: /tmp
[2024-11-13T04:55:35.610+0000] {subprocess.py:88} INFO - Running command: ['/usr/bin/bash', '-c', 'docker build -t thaian .']
[2024-11-13T04:55:35.701+0000] {subprocess.py:99} INFO - Output:
[2024-11-13T04:55:36.173+0000] {subprocess.py:106} INFO - DEPRECATED: The legacy builder is deprecated and will be removed in a future release.
[2024-11-13T04:55:36.175+0000] {subprocess.py:106} INFO -             Install the buildx component to build images with BuildKit:
[2024-11-13T04:55:36.186+0000] {subprocess.py:106} INFO -             https://docs.docker.com/go/buildx/
[2024-11-13T04:55:36.188+0000] {subprocess.py:106} INFO - 
[2024-11-13T04:55:36.192+0000] {subprocess.py:106} INFO - unable to prepare context: unable to evaluate symlinks in Dockerfile path: lstat /tmp/airflowtmp18_dbgmh/Dockerfile: no such file or directory
[2024-11-13T04:55:36.195+0000] {subprocess.py:110} INFO - Command exited with return code 1
[2024-11-13T04:55:36.248+0000] {taskinstance.py:3311} ERROR - Task failed with exception
Traceback (most recent call last):
  File "/home/airflow/.local/lib/python3.12/site-packages/airflow/models/taskinstance.py", line 767, in _execute_task
    result = _execute_callable(context=context, **execute_callable_kwargs)
             ^^^^^^^^^^^^^^^^^^^^^^^^^^^^^^^^^^^^^^^^^^^^^^^^^^^^^^^^^^^^^
  File "/home/airflow/.local/lib/python3.12/site-packages/airflow/models/taskinstance.py", line 733, in _execute_callable
    return ExecutionCallableRunner(
           ^^^^^^^^^^^^^^^^^^^^^^^^
  File "/home/airflow/.local/lib/python3.12/site-packages/airflow/utils/operator_helpers.py", line 252, in run
    return self.func(*args, **kwargs)
           ^^^^^^^^^^^^^^^^^^^^^^^^^^
  File "/home/airflow/.local/lib/python3.12/site-packages/airflow/models/baseoperator.py", line 417, in wrapper
    return func(self, *args, **kwargs)
           ^^^^^^^^^^^^^^^^^^^^^^^^^^^
  File "/home/airflow/.local/lib/python3.12/site-packages/airflow/operators/bash.py", line 276, in execute
    raise AirflowException(
airflow.exceptions.AirflowException: Bash command failed. The command returned a non-zero exit code 1.
[2024-11-13T04:55:36.291+0000] {taskinstance.py:1225} INFO - Marking task as UP_FOR_RETRY. dag_id=example_pipeline, task_id=run_scrapy, run_id=scheduled__2023-01-01T00:14:00+00:00, execution_date=20230101T001400, start_date=20241113T045530, end_date=20241113T045536
[2024-11-13T04:55:36.380+0000] {taskinstance.py:340} INFO - ::group::Post task execution logs
[2024-11-13T04:55:36.382+0000] {standard_task_runner.py:124} ERROR - Failed to execute job 14 for task run_scrapy (Bash command failed. The command returned a non-zero exit code 1.; 268)
Traceback (most recent call last):
  File "/home/airflow/.local/lib/python3.12/site-packages/airflow/task/task_runner/standard_task_runner.py", line 117, in _start_by_fork
    ret = args.func(args, dag=self.dag)
          ^^^^^^^^^^^^^^^^^^^^^^^^^^^^^
  File "/home/airflow/.local/lib/python3.12/site-packages/airflow/cli/cli_config.py", line 49, in command
    return func(*args, **kwargs)
           ^^^^^^^^^^^^^^^^^^^^^
  File "/home/airflow/.local/lib/python3.12/site-packages/airflow/utils/cli.py", line 116, in wrapper
    return f(*args, **kwargs)
           ^^^^^^^^^^^^^^^^^^
  File "/home/airflow/.local/lib/python3.12/site-packages/airflow/cli/commands/task_command.py", line 483, in task_run
    task_return_code = _run_task_by_selected_method(args, _dag, ti)
                       ^^^^^^^^^^^^^^^^^^^^^^^^^^^^^^^^^^^^^^^^^^^^
  File "/home/airflow/.local/lib/python3.12/site-packages/airflow/cli/commands/task_command.py", line 256, in _run_task_by_selected_method
    return _run_raw_task(args, ti)
           ^^^^^^^^^^^^^^^^^^^^^^^
  File "/home/airflow/.local/lib/python3.12/site-packages/airflow/cli/commands/task_command.py", line 341, in _run_raw_task
    return ti._run_raw_task(
           ^^^^^^^^^^^^^^^^^
  File "/home/airflow/.local/lib/python3.12/site-packages/airflow/utils/session.py", line 97, in wrapper
    return func(*args, session=session, **kwargs)
           ^^^^^^^^^^^^^^^^^^^^^^^^^^^^^^^^^^^^^^
  File "/home/airflow/.local/lib/python3.12/site-packages/airflow/models/taskinstance.py", line 3005, in _run_raw_task
    return _run_raw_task(
           ^^^^^^^^^^^^^^
  File "/home/airflow/.local/lib/python3.12/site-packages/airflow/models/taskinstance.py", line 273, in _run_raw_task
    TaskInstance._execute_task_with_callbacks(
  File "/home/airflow/.local/lib/python3.12/site-packages/airflow/models/taskinstance.py", line 3159, in _execute_task_with_callbacks
    result = self._execute_task(context, task_orig)
             ^^^^^^^^^^^^^^^^^^^^^^^^^^^^^^^^^^^^^^
  File "/home/airflow/.local/lib/python3.12/site-packages/airflow/models/taskinstance.py", line 3183, in _execute_task
    return _execute_task(self, context, task_orig)
           ^^^^^^^^^^^^^^^^^^^^^^^^^^^^^^^^^^^^^^^
  File "/home/airflow/.local/lib/python3.12/site-packages/airflow/models/taskinstance.py", line 767, in _execute_task
    result = _execute_callable(context=context, **execute_callable_kwargs)
             ^^^^^^^^^^^^^^^^^^^^^^^^^^^^^^^^^^^^^^^^^^^^^^^^^^^^^^^^^^^^^
  File "/home/airflow/.local/lib/python3.12/site-packages/airflow/models/taskinstance.py", line 733, in _execute_callable
    return ExecutionCallableRunner(
           ^^^^^^^^^^^^^^^^^^^^^^^^
  File "/home/airflow/.local/lib/python3.12/site-packages/airflow/utils/operator_helpers.py", line 252, in run
    return self.func(*args, **kwargs)
           ^^^^^^^^^^^^^^^^^^^^^^^^^^
  File "/home/airflow/.local/lib/python3.12/site-packages/airflow/models/baseoperator.py", line 417, in wrapper
    return func(self, *args, **kwargs)
           ^^^^^^^^^^^^^^^^^^^^^^^^^^^
  File "/home/airflow/.local/lib/python3.12/site-packages/airflow/operators/bash.py", line 276, in execute
    raise AirflowException(
airflow.exceptions.AirflowException: Bash command failed. The command returned a non-zero exit code 1.
[2024-11-13T04:55:36.490+0000] {local_task_job_runner.py:266} INFO - Task exited with return code 1
[2024-11-13T04:55:36.675+0000] {taskinstance.py:3895} INFO - 0 downstream tasks scheduled from follow-on schedule check
[2024-11-13T04:55:36.702+0000] {local_task_job_runner.py:245} INFO - ::endgroup::
[2024-11-13T11:06:02.067+0000] {local_task_job_runner.py:123} INFO - ::group::Pre task execution logs
[2024-11-13T11:06:02.149+0000] {taskinstance.py:2613} INFO - Dependencies all met for dep_context=non-requeueable deps ti=<TaskInstance: example_pipeline.run_scrapy scheduled__2023-01-01T00:14:00+00:00 [queued]>
[2024-11-13T11:06:02.162+0000] {taskinstance.py:2613} INFO - Dependencies all met for dep_context=requeueable deps ti=<TaskInstance: example_pipeline.run_scrapy scheduled__2023-01-01T00:14:00+00:00 [queued]>
[2024-11-13T11:06:02.184+0000] {taskinstance.py:2866} INFO - Starting attempt 1 of 2
[2024-11-13T11:06:02.321+0000] {taskinstance.py:2889} INFO - Executing <Task(BashOperator): run_scrapy> on 2023-01-01 00:14:00+00:00
[2024-11-13T11:06:02.379+0000] {logging_mixin.py:190} WARNING - /home/airflow/.local/lib/python3.12/site-packages/airflow/task/task_runner/standard_task_runner.py:70 DeprecationWarning: This process (pid=242) is multi-threaded, use of fork() may lead to deadlocks in the child.
[2024-11-13T11:06:02.381+0000] {standard_task_runner.py:72} INFO - Started process 258 to run task
[2024-11-13T11:06:02.395+0000] {standard_task_runner.py:104} INFO - Running: ['airflow', 'tasks', 'run', 'example_pipeline', 'run_scrapy', 'scheduled__2023-01-01T00:14:00+00:00', '--job-id', '10', '--raw', '--subdir', 'DAGS_FOLDER/test_main.py', '--cfg-path', '/tmp/tmpmmfzvcg2']
[2024-11-13T11:06:02.411+0000] {standard_task_runner.py:105} INFO - Job 10: Subtask run_scrapy
[2024-11-13T11:06:02.453+0000] {logging_mixin.py:190} WARNING - /home/airflow/.local/lib/python3.12/site-packages/airflow/settings.py:209 DeprecationWarning: The sql_alchemy_conn option in [core] has been moved to the sql_alchemy_conn option in [database] - the old setting has been used, but please update your config.
[2024-11-13T11:06:02.587+0000] {task_command.py:467} INFO - Running <TaskInstance: example_pipeline.run_scrapy scheduled__2023-01-01T00:14:00+00:00 [running]> on host ea5fa4dd0e6a
[2024-11-13T11:06:02.595+0000] {logging_mixin.py:190} WARNING - /home/airflow/.local/lib/python3.12/site-packages/airflow/settings.py:470 DeprecationWarning: The sql_alchemy_conn option in [core] has been moved to the sql_alchemy_conn option in [database] - the old setting has been used, but please update your config.
[2024-11-13T11:06:02.867+0000] {taskinstance.py:3132} INFO - Exporting env vars: AIRFLOW_CTX_DAG_OWNER='airflow' AIRFLOW_CTX_DAG_ID='example_pipeline' AIRFLOW_CTX_TASK_ID='run_scrapy' AIRFLOW_CTX_EXECUTION_DATE='2023-01-01T00:14:00+00:00' AIRFLOW_CTX_TRY_NUMBER='1' AIRFLOW_CTX_DAG_RUN_ID='scheduled__2023-01-01T00:14:00+00:00'
[2024-11-13T11:06:02.876+0000] {taskinstance.py:731} INFO - ::endgroup::
[2024-11-13T11:06:02.931+0000] {subprocess.py:78} INFO - Tmp dir root location: /tmp
[2024-11-13T11:06:02.936+0000] {subprocess.py:88} INFO - Running command: ['/usr/bin/bash', '-c', 'python -m scrapy runspider web/spiders/CaoWeb.py']
[2024-11-13T11:06:02.994+0000] {subprocess.py:99} INFO - Output:
[2024-11-13T11:06:03.183+0000] {subprocess.py:106} INFO - /home/airflow/.local/bin/python: No module named scrapy
[2024-11-13T11:06:03.194+0000] {subprocess.py:110} INFO - Command exited with return code 1
[2024-11-13T11:06:03.233+0000] {taskinstance.py:3311} ERROR - Task failed with exception
Traceback (most recent call last):
  File "/home/airflow/.local/lib/python3.12/site-packages/airflow/models/taskinstance.py", line 767, in _execute_task
    result = _execute_callable(context=context, **execute_callable_kwargs)
             ^^^^^^^^^^^^^^^^^^^^^^^^^^^^^^^^^^^^^^^^^^^^^^^^^^^^^^^^^^^^^
  File "/home/airflow/.local/lib/python3.12/site-packages/airflow/models/taskinstance.py", line 733, in _execute_callable
    return ExecutionCallableRunner(
           ^^^^^^^^^^^^^^^^^^^^^^^^
  File "/home/airflow/.local/lib/python3.12/site-packages/airflow/utils/operator_helpers.py", line 252, in run
    return self.func(*args, **kwargs)
           ^^^^^^^^^^^^^^^^^^^^^^^^^^
  File "/home/airflow/.local/lib/python3.12/site-packages/airflow/models/baseoperator.py", line 417, in wrapper
    return func(self, *args, **kwargs)
           ^^^^^^^^^^^^^^^^^^^^^^^^^^^
  File "/home/airflow/.local/lib/python3.12/site-packages/airflow/operators/bash.py", line 276, in execute
    raise AirflowException(
airflow.exceptions.AirflowException: Bash command failed. The command returned a non-zero exit code 1.
[2024-11-13T11:06:03.253+0000] {taskinstance.py:1225} INFO - Marking task as UP_FOR_RETRY. dag_id=example_pipeline, task_id=run_scrapy, run_id=scheduled__2023-01-01T00:14:00+00:00, execution_date=20230101T001400, start_date=20241113T110602, end_date=20241113T110603
[2024-11-13T11:06:03.306+0000] {taskinstance.py:340} INFO - ::group::Post task execution logs
[2024-11-13T11:06:03.308+0000] {standard_task_runner.py:124} ERROR - Failed to execute job 10 for task run_scrapy (Bash command failed. The command returned a non-zero exit code 1.; 258)
Traceback (most recent call last):
  File "/home/airflow/.local/lib/python3.12/site-packages/airflow/task/task_runner/standard_task_runner.py", line 117, in _start_by_fork
    ret = args.func(args, dag=self.dag)
          ^^^^^^^^^^^^^^^^^^^^^^^^^^^^^
  File "/home/airflow/.local/lib/python3.12/site-packages/airflow/cli/cli_config.py", line 49, in command
    return func(*args, **kwargs)
           ^^^^^^^^^^^^^^^^^^^^^
  File "/home/airflow/.local/lib/python3.12/site-packages/airflow/utils/cli.py", line 116, in wrapper
    return f(*args, **kwargs)
           ^^^^^^^^^^^^^^^^^^
  File "/home/airflow/.local/lib/python3.12/site-packages/airflow/cli/commands/task_command.py", line 483, in task_run
    task_return_code = _run_task_by_selected_method(args, _dag, ti)
                       ^^^^^^^^^^^^^^^^^^^^^^^^^^^^^^^^^^^^^^^^^^^^
  File "/home/airflow/.local/lib/python3.12/site-packages/airflow/cli/commands/task_command.py", line 256, in _run_task_by_selected_method
    return _run_raw_task(args, ti)
           ^^^^^^^^^^^^^^^^^^^^^^^
  File "/home/airflow/.local/lib/python3.12/site-packages/airflow/cli/commands/task_command.py", line 341, in _run_raw_task
    return ti._run_raw_task(
           ^^^^^^^^^^^^^^^^^
  File "/home/airflow/.local/lib/python3.12/site-packages/airflow/utils/session.py", line 97, in wrapper
    return func(*args, session=session, **kwargs)
           ^^^^^^^^^^^^^^^^^^^^^^^^^^^^^^^^^^^^^^
  File "/home/airflow/.local/lib/python3.12/site-packages/airflow/models/taskinstance.py", line 3005, in _run_raw_task
    return _run_raw_task(
           ^^^^^^^^^^^^^^
  File "/home/airflow/.local/lib/python3.12/site-packages/airflow/models/taskinstance.py", line 273, in _run_raw_task
    TaskInstance._execute_task_with_callbacks(
  File "/home/airflow/.local/lib/python3.12/site-packages/airflow/models/taskinstance.py", line 3159, in _execute_task_with_callbacks
    result = self._execute_task(context, task_orig)
             ^^^^^^^^^^^^^^^^^^^^^^^^^^^^^^^^^^^^^^
  File "/home/airflow/.local/lib/python3.12/site-packages/airflow/models/taskinstance.py", line 3183, in _execute_task
    return _execute_task(self, context, task_orig)
           ^^^^^^^^^^^^^^^^^^^^^^^^^^^^^^^^^^^^^^^
  File "/home/airflow/.local/lib/python3.12/site-packages/airflow/models/taskinstance.py", line 767, in _execute_task
    result = _execute_callable(context=context, **execute_callable_kwargs)
             ^^^^^^^^^^^^^^^^^^^^^^^^^^^^^^^^^^^^^^^^^^^^^^^^^^^^^^^^^^^^^
  File "/home/airflow/.local/lib/python3.12/site-packages/airflow/models/taskinstance.py", line 733, in _execute_callable
    return ExecutionCallableRunner(
           ^^^^^^^^^^^^^^^^^^^^^^^^
  File "/home/airflow/.local/lib/python3.12/site-packages/airflow/utils/operator_helpers.py", line 252, in run
    return self.func(*args, **kwargs)
           ^^^^^^^^^^^^^^^^^^^^^^^^^^
  File "/home/airflow/.local/lib/python3.12/site-packages/airflow/models/baseoperator.py", line 417, in wrapper
    return func(self, *args, **kwargs)
           ^^^^^^^^^^^^^^^^^^^^^^^^^^^
  File "/home/airflow/.local/lib/python3.12/site-packages/airflow/operators/bash.py", line 276, in execute
    raise AirflowException(
airflow.exceptions.AirflowException: Bash command failed. The command returned a non-zero exit code 1.
[2024-11-13T11:06:03.341+0000] {local_task_job_runner.py:266} INFO - Task exited with return code 1
[2024-11-13T11:06:03.394+0000] {taskinstance.py:3895} INFO - 0 downstream tasks scheduled from follow-on schedule check
[2024-11-13T11:06:03.398+0000] {local_task_job_runner.py:245} INFO - ::endgroup::
[2024-11-13T12:21:51.109+0000] {local_task_job_runner.py:123} INFO - ::group::Pre task execution logs
[2024-11-13T12:21:51.152+0000] {taskinstance.py:2613} INFO - Dependencies all met for dep_context=non-requeueable deps ti=<TaskInstance: example_pipeline.run_scrapy scheduled__2023-01-01T00:14:00+00:00 [queued]>
[2024-11-13T12:21:51.173+0000] {taskinstance.py:2613} INFO - Dependencies all met for dep_context=requeueable deps ti=<TaskInstance: example_pipeline.run_scrapy scheduled__2023-01-01T00:14:00+00:00 [queued]>
[2024-11-13T12:21:51.175+0000] {taskinstance.py:2866} INFO - Starting attempt 1 of 2
[2024-11-13T12:21:51.246+0000] {taskinstance.py:2889} INFO - Executing <Task(BashOperator): run_scrapy> on 2023-01-01 00:14:00+00:00
[2024-11-13T12:21:51.273+0000] {logging_mixin.py:190} WARNING - /home/airflow/.local/lib/python3.12/site-packages/airflow/task/task_runner/standard_task_runner.py:70 DeprecationWarning: This process (pid=244) is multi-threaded, use of fork() may lead to deadlocks in the child.
[2024-11-13T12:21:51.277+0000] {standard_task_runner.py:72} INFO - Started process 301 to run task
[2024-11-13T12:21:51.274+0000] {standard_task_runner.py:104} INFO - Running: ['airflow', 'tasks', 'run', 'example_pipeline', 'run_scrapy', 'scheduled__2023-01-01T00:14:00+00:00', '--job-id', '9', '--raw', '--subdir', 'DAGS_FOLDER/test_main.py', '--cfg-path', '/tmp/tmpesjaobxc']
[2024-11-13T12:21:51.281+0000] {standard_task_runner.py:105} INFO - Job 9: Subtask run_scrapy
[2024-11-13T12:21:51.312+0000] {logging_mixin.py:190} WARNING - /home/airflow/.local/lib/python3.12/site-packages/airflow/settings.py:209 DeprecationWarning: The sql_alchemy_conn option in [core] has been moved to the sql_alchemy_conn option in [database] - the old setting has been used, but please update your config.
[2024-11-13T12:21:51.396+0000] {task_command.py:467} INFO - Running <TaskInstance: example_pipeline.run_scrapy scheduled__2023-01-01T00:14:00+00:00 [running]> on host 6b98d8bbbd80
[2024-11-13T12:21:51.401+0000] {logging_mixin.py:190} WARNING - /home/airflow/.local/lib/python3.12/site-packages/airflow/settings.py:470 DeprecationWarning: The sql_alchemy_conn option in [core] has been moved to the sql_alchemy_conn option in [database] - the old setting has been used, but please update your config.
[2024-11-13T12:21:51.590+0000] {taskinstance.py:3132} INFO - Exporting env vars: AIRFLOW_CTX_DAG_OWNER='airflow' AIRFLOW_CTX_DAG_ID='example_pipeline' AIRFLOW_CTX_TASK_ID='run_scrapy' AIRFLOW_CTX_EXECUTION_DATE='2023-01-01T00:14:00+00:00' AIRFLOW_CTX_TRY_NUMBER='1' AIRFLOW_CTX_DAG_RUN_ID='scheduled__2023-01-01T00:14:00+00:00'
[2024-11-13T12:21:51.592+0000] {taskinstance.py:731} INFO - ::endgroup::
[2024-11-13T12:21:51.631+0000] {subprocess.py:78} INFO - Tmp dir root location: /tmp
[2024-11-13T12:21:51.634+0000] {subprocess.py:88} INFO - Running command: ['/usr/bin/bash', '-c', 'docker build -t thaian . ']
[2024-11-13T12:21:51.666+0000] {subprocess.py:99} INFO - Output:
[2024-11-13T12:21:51.703+0000] {subprocess.py:106} INFO - DEPRECATED: The legacy builder is deprecated and will be removed in a future release.
[2024-11-13T12:21:51.706+0000] {subprocess.py:106} INFO -             Install the buildx component to build images with BuildKit:
[2024-11-13T12:21:51.707+0000] {subprocess.py:106} INFO -             https://docs.docker.com/go/buildx/
[2024-11-13T12:21:51.708+0000] {subprocess.py:106} INFO - 
[2024-11-13T12:21:51.709+0000] {subprocess.py:106} INFO - unable to prepare context: unable to evaluate symlinks in Dockerfile path: lstat /tmp/airflowtmpu3lxmx2s/Dockerfile: no such file or directory
[2024-11-13T12:21:51.710+0000] {subprocess.py:110} INFO - Command exited with return code 1
[2024-11-13T12:21:51.736+0000] {taskinstance.py:3311} ERROR - Task failed with exception
Traceback (most recent call last):
  File "/home/airflow/.local/lib/python3.12/site-packages/airflow/models/taskinstance.py", line 767, in _execute_task
    result = _execute_callable(context=context, **execute_callable_kwargs)
             ^^^^^^^^^^^^^^^^^^^^^^^^^^^^^^^^^^^^^^^^^^^^^^^^^^^^^^^^^^^^^
  File "/home/airflow/.local/lib/python3.12/site-packages/airflow/models/taskinstance.py", line 733, in _execute_callable
    return ExecutionCallableRunner(
           ^^^^^^^^^^^^^^^^^^^^^^^^
  File "/home/airflow/.local/lib/python3.12/site-packages/airflow/utils/operator_helpers.py", line 252, in run
    return self.func(*args, **kwargs)
           ^^^^^^^^^^^^^^^^^^^^^^^^^^
  File "/home/airflow/.local/lib/python3.12/site-packages/airflow/models/baseoperator.py", line 417, in wrapper
    return func(self, *args, **kwargs)
           ^^^^^^^^^^^^^^^^^^^^^^^^^^^
  File "/home/airflow/.local/lib/python3.12/site-packages/airflow/operators/bash.py", line 276, in execute
    raise AirflowException(
airflow.exceptions.AirflowException: Bash command failed. The command returned a non-zero exit code 1.
[2024-11-13T12:21:51.754+0000] {taskinstance.py:1225} INFO - Marking task as UP_FOR_RETRY. dag_id=example_pipeline, task_id=run_scrapy, run_id=scheduled__2023-01-01T00:14:00+00:00, execution_date=20230101T001400, start_date=20241113T122151, end_date=20241113T122151
[2024-11-13T12:21:51.946+0000] {taskinstance.py:340} INFO - ::group::Post task execution logs
[2024-11-13T12:21:51.948+0000] {standard_task_runner.py:124} ERROR - Failed to execute job 9 for task run_scrapy (Bash command failed. The command returned a non-zero exit code 1.; 301)
Traceback (most recent call last):
  File "/home/airflow/.local/lib/python3.12/site-packages/airflow/task/task_runner/standard_task_runner.py", line 117, in _start_by_fork
    ret = args.func(args, dag=self.dag)
          ^^^^^^^^^^^^^^^^^^^^^^^^^^^^^
  File "/home/airflow/.local/lib/python3.12/site-packages/airflow/cli/cli_config.py", line 49, in command
    return func(*args, **kwargs)
           ^^^^^^^^^^^^^^^^^^^^^
  File "/home/airflow/.local/lib/python3.12/site-packages/airflow/utils/cli.py", line 116, in wrapper
    return f(*args, **kwargs)
           ^^^^^^^^^^^^^^^^^^
  File "/home/airflow/.local/lib/python3.12/site-packages/airflow/cli/commands/task_command.py", line 483, in task_run
    task_return_code = _run_task_by_selected_method(args, _dag, ti)
                       ^^^^^^^^^^^^^^^^^^^^^^^^^^^^^^^^^^^^^^^^^^^^
  File "/home/airflow/.local/lib/python3.12/site-packages/airflow/cli/commands/task_command.py", line 256, in _run_task_by_selected_method
    return _run_raw_task(args, ti)
           ^^^^^^^^^^^^^^^^^^^^^^^
  File "/home/airflow/.local/lib/python3.12/site-packages/airflow/cli/commands/task_command.py", line 341, in _run_raw_task
    return ti._run_raw_task(
           ^^^^^^^^^^^^^^^^^
  File "/home/airflow/.local/lib/python3.12/site-packages/airflow/utils/session.py", line 97, in wrapper
    return func(*args, session=session, **kwargs)
           ^^^^^^^^^^^^^^^^^^^^^^^^^^^^^^^^^^^^^^
  File "/home/airflow/.local/lib/python3.12/site-packages/airflow/models/taskinstance.py", line 3005, in _run_raw_task
    return _run_raw_task(
           ^^^^^^^^^^^^^^
  File "/home/airflow/.local/lib/python3.12/site-packages/airflow/models/taskinstance.py", line 273, in _run_raw_task
    TaskInstance._execute_task_with_callbacks(
  File "/home/airflow/.local/lib/python3.12/site-packages/airflow/models/taskinstance.py", line 3159, in _execute_task_with_callbacks
    result = self._execute_task(context, task_orig)
             ^^^^^^^^^^^^^^^^^^^^^^^^^^^^^^^^^^^^^^
  File "/home/airflow/.local/lib/python3.12/site-packages/airflow/models/taskinstance.py", line 3183, in _execute_task
    return _execute_task(self, context, task_orig)
           ^^^^^^^^^^^^^^^^^^^^^^^^^^^^^^^^^^^^^^^
  File "/home/airflow/.local/lib/python3.12/site-packages/airflow/models/taskinstance.py", line 767, in _execute_task
    result = _execute_callable(context=context, **execute_callable_kwargs)
             ^^^^^^^^^^^^^^^^^^^^^^^^^^^^^^^^^^^^^^^^^^^^^^^^^^^^^^^^^^^^^
  File "/home/airflow/.local/lib/python3.12/site-packages/airflow/models/taskinstance.py", line 733, in _execute_callable
    return ExecutionCallableRunner(
           ^^^^^^^^^^^^^^^^^^^^^^^^
  File "/home/airflow/.local/lib/python3.12/site-packages/airflow/utils/operator_helpers.py", line 252, in run
    return self.func(*args, **kwargs)
           ^^^^^^^^^^^^^^^^^^^^^^^^^^
  File "/home/airflow/.local/lib/python3.12/site-packages/airflow/models/baseoperator.py", line 417, in wrapper
    return func(self, *args, **kwargs)
           ^^^^^^^^^^^^^^^^^^^^^^^^^^^
  File "/home/airflow/.local/lib/python3.12/site-packages/airflow/operators/bash.py", line 276, in execute
    raise AirflowException(
airflow.exceptions.AirflowException: Bash command failed. The command returned a non-zero exit code 1.
[2024-11-13T12:21:52.020+0000] {local_task_job_runner.py:266} INFO - Task exited with return code 1
[2024-11-13T12:21:52.062+0000] {local_task_job_runner.py:245} INFO - ::endgroup::
[2024-11-13T12:25:09.542+0000] {local_task_job_runner.py:123} INFO - ::group::Pre task execution logs
[2024-11-13T12:25:09.587+0000] {taskinstance.py:2613} INFO - Dependencies all met for dep_context=non-requeueable deps ti=<TaskInstance: example_pipeline.run_scrapy scheduled__2023-01-01T00:14:00+00:00 [queued]>
[2024-11-13T12:25:09.611+0000] {taskinstance.py:2613} INFO - Dependencies all met for dep_context=requeueable deps ti=<TaskInstance: example_pipeline.run_scrapy scheduled__2023-01-01T00:14:00+00:00 [queued]>
[2024-11-13T12:25:09.612+0000] {taskinstance.py:2866} INFO - Starting attempt 1 of 2
[2024-11-13T12:25:09.716+0000] {taskinstance.py:2889} INFO - Executing <Task(BashOperator): run_scrapy> on 2023-01-01 00:14:00+00:00
[2024-11-13T12:25:09.740+0000] {logging_mixin.py:190} WARNING - /home/airflow/.local/lib/python3.12/site-packages/airflow/task/task_runner/standard_task_runner.py:70 DeprecationWarning: This process (pid=289) is multi-threaded, use of fork() may lead to deadlocks in the child.
[2024-11-13T12:25:09.746+0000] {standard_task_runner.py:72} INFO - Started process 302 to run task
[2024-11-13T12:25:09.743+0000] {standard_task_runner.py:104} INFO - Running: ['airflow', 'tasks', 'run', 'example_pipeline', 'run_scrapy', 'scheduled__2023-01-01T00:14:00+00:00', '--job-id', '11', '--raw', '--subdir', 'DAGS_FOLDER/test_main.py', '--cfg-path', '/tmp/tmplt9_3oen']
[2024-11-13T12:25:09.748+0000] {standard_task_runner.py:105} INFO - Job 11: Subtask run_scrapy
[2024-11-13T12:25:09.782+0000] {logging_mixin.py:190} WARNING - /home/airflow/.local/lib/python3.12/site-packages/airflow/settings.py:209 DeprecationWarning: The sql_alchemy_conn option in [core] has been moved to the sql_alchemy_conn option in [database] - the old setting has been used, but please update your config.
[2024-11-13T12:25:09.874+0000] {task_command.py:467} INFO - Running <TaskInstance: example_pipeline.run_scrapy scheduled__2023-01-01T00:14:00+00:00 [running]> on host b3847550a3a7
[2024-11-13T12:25:09.879+0000] {logging_mixin.py:190} WARNING - /home/airflow/.local/lib/python3.12/site-packages/airflow/settings.py:470 DeprecationWarning: The sql_alchemy_conn option in [core] has been moved to the sql_alchemy_conn option in [database] - the old setting has been used, but please update your config.
[2024-11-13T12:25:10.045+0000] {taskinstance.py:3132} INFO - Exporting env vars: AIRFLOW_CTX_DAG_OWNER='airflow' AIRFLOW_CTX_DAG_ID='example_pipeline' AIRFLOW_CTX_TASK_ID='run_scrapy' AIRFLOW_CTX_EXECUTION_DATE='2023-01-01T00:14:00+00:00' AIRFLOW_CTX_TRY_NUMBER='1' AIRFLOW_CTX_DAG_RUN_ID='scheduled__2023-01-01T00:14:00+00:00'
[2024-11-13T12:25:10.047+0000] {taskinstance.py:731} INFO - ::endgroup::
[2024-11-13T12:25:10.087+0000] {subprocess.py:78} INFO - Tmp dir root location: /tmp
[2024-11-13T12:25:10.094+0000] {subprocess.py:88} INFO - Running command: ['/usr/bin/bash', '-c', 'docker build -t thaian . ']
[2024-11-13T12:25:10.130+0000] {subprocess.py:99} INFO - Output:
[2024-11-13T12:25:10.171+0000] {subprocess.py:106} INFO - DEPRECATED: The legacy builder is deprecated and will be removed in a future release.
[2024-11-13T12:25:10.171+0000] {subprocess.py:106} INFO -             Install the buildx component to build images with BuildKit:
[2024-11-13T12:25:10.172+0000] {subprocess.py:106} INFO -             https://docs.docker.com/go/buildx/
[2024-11-13T12:25:10.173+0000] {subprocess.py:106} INFO - 
[2024-11-13T12:25:10.173+0000] {subprocess.py:106} INFO - unable to prepare context: unable to evaluate symlinks in Dockerfile path: lstat /tmp/airflowtmp1mfv2trs/Dockerfile: no such file or directory
[2024-11-13T12:25:10.175+0000] {subprocess.py:110} INFO - Command exited with return code 1
[2024-11-13T12:25:10.204+0000] {taskinstance.py:3311} ERROR - Task failed with exception
Traceback (most recent call last):
  File "/home/airflow/.local/lib/python3.12/site-packages/airflow/models/taskinstance.py", line 767, in _execute_task
    result = _execute_callable(context=context, **execute_callable_kwargs)
             ^^^^^^^^^^^^^^^^^^^^^^^^^^^^^^^^^^^^^^^^^^^^^^^^^^^^^^^^^^^^^
  File "/home/airflow/.local/lib/python3.12/site-packages/airflow/models/taskinstance.py", line 733, in _execute_callable
    return ExecutionCallableRunner(
           ^^^^^^^^^^^^^^^^^^^^^^^^
  File "/home/airflow/.local/lib/python3.12/site-packages/airflow/utils/operator_helpers.py", line 252, in run
    return self.func(*args, **kwargs)
           ^^^^^^^^^^^^^^^^^^^^^^^^^^
  File "/home/airflow/.local/lib/python3.12/site-packages/airflow/models/baseoperator.py", line 417, in wrapper
    return func(self, *args, **kwargs)
           ^^^^^^^^^^^^^^^^^^^^^^^^^^^
  File "/home/airflow/.local/lib/python3.12/site-packages/airflow/operators/bash.py", line 276, in execute
    raise AirflowException(
airflow.exceptions.AirflowException: Bash command failed. The command returned a non-zero exit code 1.
[2024-11-13T12:25:10.220+0000] {taskinstance.py:1225} INFO - Marking task as UP_FOR_RETRY. dag_id=example_pipeline, task_id=run_scrapy, run_id=scheduled__2023-01-01T00:14:00+00:00, execution_date=20230101T001400, start_date=20241113T122509, end_date=20241113T122510
[2024-11-13T12:25:10.279+0000] {taskinstance.py:340} INFO - ::group::Post task execution logs
[2024-11-13T12:25:10.282+0000] {standard_task_runner.py:124} ERROR - Failed to execute job 11 for task run_scrapy (Bash command failed. The command returned a non-zero exit code 1.; 302)
Traceback (most recent call last):
  File "/home/airflow/.local/lib/python3.12/site-packages/airflow/task/task_runner/standard_task_runner.py", line 117, in _start_by_fork
    ret = args.func(args, dag=self.dag)
          ^^^^^^^^^^^^^^^^^^^^^^^^^^^^^
  File "/home/airflow/.local/lib/python3.12/site-packages/airflow/cli/cli_config.py", line 49, in command
    return func(*args, **kwargs)
           ^^^^^^^^^^^^^^^^^^^^^
  File "/home/airflow/.local/lib/python3.12/site-packages/airflow/utils/cli.py", line 116, in wrapper
    return f(*args, **kwargs)
           ^^^^^^^^^^^^^^^^^^
  File "/home/airflow/.local/lib/python3.12/site-packages/airflow/cli/commands/task_command.py", line 483, in task_run
    task_return_code = _run_task_by_selected_method(args, _dag, ti)
                       ^^^^^^^^^^^^^^^^^^^^^^^^^^^^^^^^^^^^^^^^^^^^
  File "/home/airflow/.local/lib/python3.12/site-packages/airflow/cli/commands/task_command.py", line 256, in _run_task_by_selected_method
    return _run_raw_task(args, ti)
           ^^^^^^^^^^^^^^^^^^^^^^^
  File "/home/airflow/.local/lib/python3.12/site-packages/airflow/cli/commands/task_command.py", line 341, in _run_raw_task
    return ti._run_raw_task(
           ^^^^^^^^^^^^^^^^^
  File "/home/airflow/.local/lib/python3.12/site-packages/airflow/utils/session.py", line 97, in wrapper
    return func(*args, session=session, **kwargs)
           ^^^^^^^^^^^^^^^^^^^^^^^^^^^^^^^^^^^^^^
  File "/home/airflow/.local/lib/python3.12/site-packages/airflow/models/taskinstance.py", line 3005, in _run_raw_task
    return _run_raw_task(
           ^^^^^^^^^^^^^^
  File "/home/airflow/.local/lib/python3.12/site-packages/airflow/models/taskinstance.py", line 273, in _run_raw_task
    TaskInstance._execute_task_with_callbacks(
  File "/home/airflow/.local/lib/python3.12/site-packages/airflow/models/taskinstance.py", line 3159, in _execute_task_with_callbacks
    result = self._execute_task(context, task_orig)
             ^^^^^^^^^^^^^^^^^^^^^^^^^^^^^^^^^^^^^^
  File "/home/airflow/.local/lib/python3.12/site-packages/airflow/models/taskinstance.py", line 3183, in _execute_task
    return _execute_task(self, context, task_orig)
           ^^^^^^^^^^^^^^^^^^^^^^^^^^^^^^^^^^^^^^^
  File "/home/airflow/.local/lib/python3.12/site-packages/airflow/models/taskinstance.py", line 767, in _execute_task
    result = _execute_callable(context=context, **execute_callable_kwargs)
             ^^^^^^^^^^^^^^^^^^^^^^^^^^^^^^^^^^^^^^^^^^^^^^^^^^^^^^^^^^^^^
  File "/home/airflow/.local/lib/python3.12/site-packages/airflow/models/taskinstance.py", line 733, in _execute_callable
    return ExecutionCallableRunner(
           ^^^^^^^^^^^^^^^^^^^^^^^^
  File "/home/airflow/.local/lib/python3.12/site-packages/airflow/utils/operator_helpers.py", line 252, in run
    return self.func(*args, **kwargs)
           ^^^^^^^^^^^^^^^^^^^^^^^^^^
  File "/home/airflow/.local/lib/python3.12/site-packages/airflow/models/baseoperator.py", line 417, in wrapper
    return func(self, *args, **kwargs)
           ^^^^^^^^^^^^^^^^^^^^^^^^^^^
  File "/home/airflow/.local/lib/python3.12/site-packages/airflow/operators/bash.py", line 276, in execute
    raise AirflowException(
airflow.exceptions.AirflowException: Bash command failed. The command returned a non-zero exit code 1.
[2024-11-13T12:25:10.372+0000] {local_task_job_runner.py:266} INFO - Task exited with return code 1
[2024-11-13T12:25:10.499+0000] {taskinstance.py:3895} INFO - 0 downstream tasks scheduled from follow-on schedule check
[2024-11-13T12:25:10.514+0000] {local_task_job_runner.py:245} INFO - ::endgroup::
[2024-11-13T12:31:50.134+0000] {local_task_job_runner.py:123} INFO - ::group::Pre task execution logs
[2024-11-13T12:31:50.194+0000] {taskinstance.py:2613} INFO - Dependencies all met for dep_context=non-requeueable deps ti=<TaskInstance: example_pipeline.run_scrapy scheduled__2023-01-01T00:14:00+00:00 [queued]>
[2024-11-13T12:31:50.230+0000] {taskinstance.py:2613} INFO - Dependencies all met for dep_context=requeueable deps ti=<TaskInstance: example_pipeline.run_scrapy scheduled__2023-01-01T00:14:00+00:00 [queued]>
[2024-11-13T12:31:50.233+0000] {taskinstance.py:2866} INFO - Starting attempt 1 of 2
[2024-11-13T12:31:50.287+0000] {taskinstance.py:2889} INFO - Executing <Task(BashOperator): run_scrapy> on 2023-01-01 00:14:00+00:00
[2024-11-13T12:31:50.324+0000] {logging_mixin.py:190} WARNING - /home/airflow/.local/lib/python3.12/site-packages/airflow/task/task_runner/standard_task_runner.py:70 DeprecationWarning: This process (pid=265) is multi-threaded, use of fork() may lead to deadlocks in the child.
[2024-11-13T12:31:50.326+0000] {standard_task_runner.py:104} INFO - Running: ['airflow', 'tasks', 'run', 'example_pipeline', 'run_scrapy', 'scheduled__2023-01-01T00:14:00+00:00', '--job-id', '9', '--raw', '--subdir', 'DAGS_FOLDER/test_main.py', '--cfg-path', '/tmp/tmplhjmqxx0']
[2024-11-13T12:31:50.339+0000] {standard_task_runner.py:105} INFO - Job 9: Subtask run_scrapy
[2024-11-13T12:31:50.334+0000] {standard_task_runner.py:72} INFO - Started process 304 to run task
[2024-11-13T12:31:50.418+0000] {logging_mixin.py:190} WARNING - /home/airflow/.local/lib/python3.12/site-packages/airflow/settings.py:209 DeprecationWarning: The sql_alchemy_conn option in [core] has been moved to the sql_alchemy_conn option in [database] - the old setting has been used, but please update your config.
[2024-11-13T12:31:50.532+0000] {task_command.py:467} INFO - Running <TaskInstance: example_pipeline.run_scrapy scheduled__2023-01-01T00:14:00+00:00 [running]> on host aa2b92c5c2fe
[2024-11-13T12:31:50.535+0000] {logging_mixin.py:190} WARNING - /home/airflow/.local/lib/python3.12/site-packages/airflow/settings.py:470 DeprecationWarning: The sql_alchemy_conn option in [core] has been moved to the sql_alchemy_conn option in [database] - the old setting has been used, but please update your config.
[2024-11-13T12:31:50.753+0000] {taskinstance.py:3132} INFO - Exporting env vars: AIRFLOW_CTX_DAG_OWNER='airflow' AIRFLOW_CTX_DAG_ID='example_pipeline' AIRFLOW_CTX_TASK_ID='run_scrapy' AIRFLOW_CTX_EXECUTION_DATE='2023-01-01T00:14:00+00:00' AIRFLOW_CTX_TRY_NUMBER='1' AIRFLOW_CTX_DAG_RUN_ID='scheduled__2023-01-01T00:14:00+00:00'
[2024-11-13T12:31:50.757+0000] {taskinstance.py:731} INFO - ::endgroup::
[2024-11-13T12:31:50.795+0000] {subprocess.py:78} INFO - Tmp dir root location: /tmp
[2024-11-13T12:31:50.799+0000] {subprocess.py:88} INFO - Running command: ['/usr/bin/bash', '-c', 'docker build -t thaian  /opt/airflow/dags']
[2024-11-13T12:31:50.828+0000] {subprocess.py:99} INFO - Output:
[2024-11-13T12:31:50.862+0000] {subprocess.py:106} INFO - DEPRECATED: The legacy builder is deprecated and will be removed in a future release.
[2024-11-13T12:31:50.866+0000] {subprocess.py:106} INFO -             Install the buildx component to build images with BuildKit:
[2024-11-13T12:31:50.868+0000] {subprocess.py:106} INFO -             https://docs.docker.com/go/buildx/
[2024-11-13T12:31:50.870+0000] {subprocess.py:106} INFO - 
[2024-11-13T12:31:50.874+0000] {subprocess.py:106} INFO - unable to prepare context: unable to evaluate symlinks in Dockerfile path: lstat /opt/airflow/dags/Dockerfile: no such file or directory
[2024-11-13T12:31:50.878+0000] {subprocess.py:110} INFO - Command exited with return code 1
[2024-11-13T12:31:50.918+0000] {taskinstance.py:3311} ERROR - Task failed with exception
Traceback (most recent call last):
  File "/home/airflow/.local/lib/python3.12/site-packages/airflow/models/taskinstance.py", line 767, in _execute_task
    result = _execute_callable(context=context, **execute_callable_kwargs)
             ^^^^^^^^^^^^^^^^^^^^^^^^^^^^^^^^^^^^^^^^^^^^^^^^^^^^^^^^^^^^^
  File "/home/airflow/.local/lib/python3.12/site-packages/airflow/models/taskinstance.py", line 733, in _execute_callable
    return ExecutionCallableRunner(
           ^^^^^^^^^^^^^^^^^^^^^^^^
  File "/home/airflow/.local/lib/python3.12/site-packages/airflow/utils/operator_helpers.py", line 252, in run
    return self.func(*args, **kwargs)
           ^^^^^^^^^^^^^^^^^^^^^^^^^^
  File "/home/airflow/.local/lib/python3.12/site-packages/airflow/models/baseoperator.py", line 417, in wrapper
    return func(self, *args, **kwargs)
           ^^^^^^^^^^^^^^^^^^^^^^^^^^^
  File "/home/airflow/.local/lib/python3.12/site-packages/airflow/operators/bash.py", line 276, in execute
    raise AirflowException(
airflow.exceptions.AirflowException: Bash command failed. The command returned a non-zero exit code 1.
[2024-11-13T12:31:50.953+0000] {taskinstance.py:1225} INFO - Marking task as UP_FOR_RETRY. dag_id=example_pipeline, task_id=run_scrapy, run_id=scheduled__2023-01-01T00:14:00+00:00, execution_date=20230101T001400, start_date=20241113T123150, end_date=20241113T123150
[2024-11-13T12:31:51.010+0000] {taskinstance.py:340} INFO - ::group::Post task execution logs
[2024-11-13T12:31:51.013+0000] {standard_task_runner.py:124} ERROR - Failed to execute job 9 for task run_scrapy (Bash command failed. The command returned a non-zero exit code 1.; 304)
Traceback (most recent call last):
  File "/home/airflow/.local/lib/python3.12/site-packages/airflow/task/task_runner/standard_task_runner.py", line 117, in _start_by_fork
    ret = args.func(args, dag=self.dag)
          ^^^^^^^^^^^^^^^^^^^^^^^^^^^^^
  File "/home/airflow/.local/lib/python3.12/site-packages/airflow/cli/cli_config.py", line 49, in command
    return func(*args, **kwargs)
           ^^^^^^^^^^^^^^^^^^^^^
  File "/home/airflow/.local/lib/python3.12/site-packages/airflow/utils/cli.py", line 116, in wrapper
    return f(*args, **kwargs)
           ^^^^^^^^^^^^^^^^^^
  File "/home/airflow/.local/lib/python3.12/site-packages/airflow/cli/commands/task_command.py", line 483, in task_run
    task_return_code = _run_task_by_selected_method(args, _dag, ti)
                       ^^^^^^^^^^^^^^^^^^^^^^^^^^^^^^^^^^^^^^^^^^^^
  File "/home/airflow/.local/lib/python3.12/site-packages/airflow/cli/commands/task_command.py", line 256, in _run_task_by_selected_method
    return _run_raw_task(args, ti)
           ^^^^^^^^^^^^^^^^^^^^^^^
  File "/home/airflow/.local/lib/python3.12/site-packages/airflow/cli/commands/task_command.py", line 341, in _run_raw_task
    return ti._run_raw_task(
           ^^^^^^^^^^^^^^^^^
  File "/home/airflow/.local/lib/python3.12/site-packages/airflow/utils/session.py", line 97, in wrapper
    return func(*args, session=session, **kwargs)
           ^^^^^^^^^^^^^^^^^^^^^^^^^^^^^^^^^^^^^^
  File "/home/airflow/.local/lib/python3.12/site-packages/airflow/models/taskinstance.py", line 3005, in _run_raw_task
    return _run_raw_task(
           ^^^^^^^^^^^^^^
  File "/home/airflow/.local/lib/python3.12/site-packages/airflow/models/taskinstance.py", line 273, in _run_raw_task
    TaskInstance._execute_task_with_callbacks(
  File "/home/airflow/.local/lib/python3.12/site-packages/airflow/models/taskinstance.py", line 3159, in _execute_task_with_callbacks
    result = self._execute_task(context, task_orig)
             ^^^^^^^^^^^^^^^^^^^^^^^^^^^^^^^^^^^^^^
  File "/home/airflow/.local/lib/python3.12/site-packages/airflow/models/taskinstance.py", line 3183, in _execute_task
    return _execute_task(self, context, task_orig)
           ^^^^^^^^^^^^^^^^^^^^^^^^^^^^^^^^^^^^^^^
  File "/home/airflow/.local/lib/python3.12/site-packages/airflow/models/taskinstance.py", line 767, in _execute_task
    result = _execute_callable(context=context, **execute_callable_kwargs)
             ^^^^^^^^^^^^^^^^^^^^^^^^^^^^^^^^^^^^^^^^^^^^^^^^^^^^^^^^^^^^^
  File "/home/airflow/.local/lib/python3.12/site-packages/airflow/models/taskinstance.py", line 733, in _execute_callable
    return ExecutionCallableRunner(
           ^^^^^^^^^^^^^^^^^^^^^^^^
  File "/home/airflow/.local/lib/python3.12/site-packages/airflow/utils/operator_helpers.py", line 252, in run
    return self.func(*args, **kwargs)
           ^^^^^^^^^^^^^^^^^^^^^^^^^^
  File "/home/airflow/.local/lib/python3.12/site-packages/airflow/models/baseoperator.py", line 417, in wrapper
    return func(self, *args, **kwargs)
           ^^^^^^^^^^^^^^^^^^^^^^^^^^^
  File "/home/airflow/.local/lib/python3.12/site-packages/airflow/operators/bash.py", line 276, in execute
    raise AirflowException(
airflow.exceptions.AirflowException: Bash command failed. The command returned a non-zero exit code 1.
[2024-11-13T12:31:51.100+0000] {local_task_job_runner.py:266} INFO - Task exited with return code 1
[2024-11-13T12:31:51.130+0000] {local_task_job_runner.py:245} INFO - ::endgroup::
[2024-11-13T12:38:51.374+0000] {local_task_job_runner.py:123} INFO - ::group::Pre task execution logs
[2024-11-13T12:38:51.429+0000] {taskinstance.py:2613} INFO - Dependencies all met for dep_context=non-requeueable deps ti=<TaskInstance: example_pipeline.run_scrapy scheduled__2023-01-01T00:14:00+00:00 [queued]>
[2024-11-13T12:38:51.448+0000] {taskinstance.py:2613} INFO - Dependencies all met for dep_context=requeueable deps ti=<TaskInstance: example_pipeline.run_scrapy scheduled__2023-01-01T00:14:00+00:00 [queued]>
[2024-11-13T12:38:51.449+0000] {taskinstance.py:2866} INFO - Starting attempt 1 of 2
[2024-11-13T12:38:51.504+0000] {taskinstance.py:2889} INFO - Executing <Task(BashOperator): run_scrapy> on 2023-01-01 00:14:00+00:00
[2024-11-13T12:38:51.529+0000] {logging_mixin.py:190} WARNING - /home/airflow/.local/lib/python3.12/site-packages/airflow/task/task_runner/standard_task_runner.py:70 DeprecationWarning: This process (pid=265) is multi-threaded, use of fork() may lead to deadlocks in the child.
[2024-11-13T12:38:51.534+0000] {standard_task_runner.py:72} INFO - Started process 269 to run task
[2024-11-13T12:38:51.529+0000] {standard_task_runner.py:104} INFO - Running: ['airflow', 'tasks', 'run', 'example_pipeline', 'run_scrapy', 'scheduled__2023-01-01T00:14:00+00:00', '--job-id', '10', '--raw', '--subdir', 'DAGS_FOLDER/test_main.py', '--cfg-path', '/tmp/tmp4hm572aj']
[2024-11-13T12:38:51.538+0000] {standard_task_runner.py:105} INFO - Job 10: Subtask run_scrapy
[2024-11-13T12:38:51.615+0000] {logging_mixin.py:190} WARNING - /home/airflow/.local/lib/python3.12/site-packages/airflow/settings.py:209 DeprecationWarning: The sql_alchemy_conn option in [core] has been moved to the sql_alchemy_conn option in [database] - the old setting has been used, but please update your config.
[2024-11-13T12:38:51.794+0000] {task_command.py:467} INFO - Running <TaskInstance: example_pipeline.run_scrapy scheduled__2023-01-01T00:14:00+00:00 [running]> on host 64f1a6c22ae3
[2024-11-13T12:38:51.799+0000] {logging_mixin.py:190} WARNING - /home/airflow/.local/lib/python3.12/site-packages/airflow/settings.py:470 DeprecationWarning: The sql_alchemy_conn option in [core] has been moved to the sql_alchemy_conn option in [database] - the old setting has been used, but please update your config.
[2024-11-13T12:38:52.507+0000] {taskinstance.py:3132} INFO - Exporting env vars: AIRFLOW_CTX_DAG_OWNER='airflow' AIRFLOW_CTX_DAG_ID='example_pipeline' AIRFLOW_CTX_TASK_ID='run_scrapy' AIRFLOW_CTX_EXECUTION_DATE='2023-01-01T00:14:00+00:00' AIRFLOW_CTX_TRY_NUMBER='1' AIRFLOW_CTX_DAG_RUN_ID='scheduled__2023-01-01T00:14:00+00:00'
[2024-11-13T12:38:52.517+0000] {taskinstance.py:731} INFO - ::endgroup::
[2024-11-13T12:38:52.600+0000] {subprocess.py:78} INFO - Tmp dir root location: /tmp
[2024-11-13T12:38:52.622+0000] {subprocess.py:88} INFO - Running command: ['/usr/bin/bash', '-c', 'docker build -t thaian ./dags']
[2024-11-13T12:38:52.688+0000] {subprocess.py:99} INFO - Output:
[2024-11-13T12:38:54.251+0000] {subprocess.py:106} INFO - DEPRECATED: The legacy builder is deprecated and will be removed in a future release.
[2024-11-13T12:38:54.254+0000] {subprocess.py:106} INFO -             Install the buildx component to build images with BuildKit:
[2024-11-13T12:38:54.255+0000] {subprocess.py:106} INFO -             https://docs.docker.com/go/buildx/
[2024-11-13T12:38:54.256+0000] {subprocess.py:106} INFO - 
[2024-11-13T12:38:54.261+0000] {subprocess.py:106} INFO - unable to prepare context: path "./dags" not found
[2024-11-13T12:38:54.265+0000] {subprocess.py:110} INFO - Command exited with return code 1
[2024-11-13T12:38:54.348+0000] {taskinstance.py:3311} ERROR - Task failed with exception
Traceback (most recent call last):
  File "/home/airflow/.local/lib/python3.12/site-packages/airflow/models/taskinstance.py", line 767, in _execute_task
    result = _execute_callable(context=context, **execute_callable_kwargs)
             ^^^^^^^^^^^^^^^^^^^^^^^^^^^^^^^^^^^^^^^^^^^^^^^^^^^^^^^^^^^^^
  File "/home/airflow/.local/lib/python3.12/site-packages/airflow/models/taskinstance.py", line 733, in _execute_callable
    return ExecutionCallableRunner(
           ^^^^^^^^^^^^^^^^^^^^^^^^
  File "/home/airflow/.local/lib/python3.12/site-packages/airflow/utils/operator_helpers.py", line 252, in run
    return self.func(*args, **kwargs)
           ^^^^^^^^^^^^^^^^^^^^^^^^^^
  File "/home/airflow/.local/lib/python3.12/site-packages/airflow/models/baseoperator.py", line 417, in wrapper
    return func(self, *args, **kwargs)
           ^^^^^^^^^^^^^^^^^^^^^^^^^^^
  File "/home/airflow/.local/lib/python3.12/site-packages/airflow/operators/bash.py", line 276, in execute
    raise AirflowException(
airflow.exceptions.AirflowException: Bash command failed. The command returned a non-zero exit code 1.
[2024-11-13T12:38:54.388+0000] {taskinstance.py:1225} INFO - Marking task as UP_FOR_RETRY. dag_id=example_pipeline, task_id=run_scrapy, run_id=scheduled__2023-01-01T00:14:00+00:00, execution_date=20230101T001400, start_date=20241113T123851, end_date=20241113T123854
[2024-11-13T12:38:54.673+0000] {taskinstance.py:340} INFO - ::group::Post task execution logs
[2024-11-13T12:38:54.679+0000] {standard_task_runner.py:124} ERROR - Failed to execute job 10 for task run_scrapy (Bash command failed. The command returned a non-zero exit code 1.; 269)
Traceback (most recent call last):
  File "/home/airflow/.local/lib/python3.12/site-packages/airflow/task/task_runner/standard_task_runner.py", line 117, in _start_by_fork
    ret = args.func(args, dag=self.dag)
          ^^^^^^^^^^^^^^^^^^^^^^^^^^^^^
  File "/home/airflow/.local/lib/python3.12/site-packages/airflow/cli/cli_config.py", line 49, in command
    return func(*args, **kwargs)
           ^^^^^^^^^^^^^^^^^^^^^
  File "/home/airflow/.local/lib/python3.12/site-packages/airflow/utils/cli.py", line 116, in wrapper
    return f(*args, **kwargs)
           ^^^^^^^^^^^^^^^^^^
  File "/home/airflow/.local/lib/python3.12/site-packages/airflow/cli/commands/task_command.py", line 483, in task_run
    task_return_code = _run_task_by_selected_method(args, _dag, ti)
                       ^^^^^^^^^^^^^^^^^^^^^^^^^^^^^^^^^^^^^^^^^^^^
  File "/home/airflow/.local/lib/python3.12/site-packages/airflow/cli/commands/task_command.py", line 256, in _run_task_by_selected_method
    return _run_raw_task(args, ti)
           ^^^^^^^^^^^^^^^^^^^^^^^
  File "/home/airflow/.local/lib/python3.12/site-packages/airflow/cli/commands/task_command.py", line 341, in _run_raw_task
    return ti._run_raw_task(
           ^^^^^^^^^^^^^^^^^
  File "/home/airflow/.local/lib/python3.12/site-packages/airflow/utils/session.py", line 97, in wrapper
    return func(*args, session=session, **kwargs)
           ^^^^^^^^^^^^^^^^^^^^^^^^^^^^^^^^^^^^^^
  File "/home/airflow/.local/lib/python3.12/site-packages/airflow/models/taskinstance.py", line 3005, in _run_raw_task
    return _run_raw_task(
           ^^^^^^^^^^^^^^
  File "/home/airflow/.local/lib/python3.12/site-packages/airflow/models/taskinstance.py", line 273, in _run_raw_task
    TaskInstance._execute_task_with_callbacks(
  File "/home/airflow/.local/lib/python3.12/site-packages/airflow/models/taskinstance.py", line 3159, in _execute_task_with_callbacks
    result = self._execute_task(context, task_orig)
             ^^^^^^^^^^^^^^^^^^^^^^^^^^^^^^^^^^^^^^
  File "/home/airflow/.local/lib/python3.12/site-packages/airflow/models/taskinstance.py", line 3183, in _execute_task
    return _execute_task(self, context, task_orig)
           ^^^^^^^^^^^^^^^^^^^^^^^^^^^^^^^^^^^^^^^
  File "/home/airflow/.local/lib/python3.12/site-packages/airflow/models/taskinstance.py", line 767, in _execute_task
    result = _execute_callable(context=context, **execute_callable_kwargs)
             ^^^^^^^^^^^^^^^^^^^^^^^^^^^^^^^^^^^^^^^^^^^^^^^^^^^^^^^^^^^^^
  File "/home/airflow/.local/lib/python3.12/site-packages/airflow/models/taskinstance.py", line 733, in _execute_callable
    return ExecutionCallableRunner(
           ^^^^^^^^^^^^^^^^^^^^^^^^
  File "/home/airflow/.local/lib/python3.12/site-packages/airflow/utils/operator_helpers.py", line 252, in run
    return self.func(*args, **kwargs)
           ^^^^^^^^^^^^^^^^^^^^^^^^^^
  File "/home/airflow/.local/lib/python3.12/site-packages/airflow/models/baseoperator.py", line 417, in wrapper
    return func(self, *args, **kwargs)
           ^^^^^^^^^^^^^^^^^^^^^^^^^^^
  File "/home/airflow/.local/lib/python3.12/site-packages/airflow/operators/bash.py", line 276, in execute
    raise AirflowException(
airflow.exceptions.AirflowException: Bash command failed. The command returned a non-zero exit code 1.
[2024-11-13T12:38:54.826+0000] {local_task_job_runner.py:266} INFO - Task exited with return code 1
[2024-11-13T12:38:55.089+0000] {taskinstance.py:3895} INFO - 0 downstream tasks scheduled from follow-on schedule check
[2024-11-13T12:38:55.102+0000] {local_task_job_runner.py:245} INFO - ::endgroup::
[2024-11-13T13:55:47.660+0000] {local_task_job_runner.py:123} INFO - ::group::Pre task execution logs
[2024-11-13T13:55:47.811+0000] {taskinstance.py:2613} INFO - Dependencies all met for dep_context=non-requeueable deps ti=<TaskInstance: example_pipeline.run_scrapy scheduled__2023-01-01T00:14:00+00:00 [queued]>
[2024-11-13T13:55:47.850+0000] {taskinstance.py:2613} INFO - Dependencies all met for dep_context=requeueable deps ti=<TaskInstance: example_pipeline.run_scrapy scheduled__2023-01-01T00:14:00+00:00 [queued]>
[2024-11-13T13:55:47.851+0000] {taskinstance.py:2866} INFO - Starting attempt 1 of 2
[2024-11-13T13:55:47.927+0000] {taskinstance.py:2889} INFO - Executing <Task(BashOperator): run_scrapy> on 2023-01-01 00:14:00+00:00
[2024-11-13T13:55:48.235+0000] {logging_mixin.py:190} WARNING - /home/airflow/.local/lib/python3.12/site-packages/airflow/task/task_runner/standard_task_runner.py:70 DeprecationWarning: This process (pid=206) is multi-threaded, use of fork() may lead to deadlocks in the child.
[2024-11-13T13:55:48.238+0000] {standard_task_runner.py:72} INFO - Started process 213 to run task
[2024-11-13T13:55:48.233+0000] {standard_task_runner.py:104} INFO - Running: ['airflow', 'tasks', 'run', 'example_pipeline', 'run_scrapy', 'scheduled__2023-01-01T00:14:00+00:00', '--job-id', '8', '--raw', '--subdir', 'DAGS_FOLDER/test_main.py', '--cfg-path', '/tmp/tmps48wcx__']
[2024-11-13T13:55:48.281+0000] {standard_task_runner.py:105} INFO - Job 8: Subtask run_scrapy
[2024-11-13T13:55:48.591+0000] {logging_mixin.py:190} WARNING - /home/airflow/.local/lib/python3.12/site-packages/airflow/settings.py:209 DeprecationWarning: The sql_alchemy_conn option in [core] has been moved to the sql_alchemy_conn option in [database] - the old setting has been used, but please update your config.
[2024-11-13T13:55:49.157+0000] {task_command.py:467} INFO - Running <TaskInstance: example_pipeline.run_scrapy scheduled__2023-01-01T00:14:00+00:00 [running]> on host ba8b73519633
[2024-11-13T13:55:49.178+0000] {logging_mixin.py:190} WARNING - /home/airflow/.local/lib/python3.12/site-packages/airflow/settings.py:470 DeprecationWarning: The sql_alchemy_conn option in [core] has been moved to the sql_alchemy_conn option in [database] - the old setting has been used, but please update your config.
[2024-11-13T13:55:49.899+0000] {taskinstance.py:3132} INFO - Exporting env vars: AIRFLOW_CTX_DAG_OWNER='airflow' AIRFLOW_CTX_DAG_ID='example_pipeline' AIRFLOW_CTX_TASK_ID='run_scrapy' AIRFLOW_CTX_EXECUTION_DATE='2023-01-01T00:14:00+00:00' AIRFLOW_CTX_TRY_NUMBER='1' AIRFLOW_CTX_DAG_RUN_ID='scheduled__2023-01-01T00:14:00+00:00'
[2024-11-13T13:55:49.903+0000] {taskinstance.py:731} INFO - ::endgroup::
[2024-11-13T13:55:50.924+0000] {subprocess.py:78} INFO - Tmp dir root location: /tmp
[2024-11-13T13:55:50.934+0000] {subprocess.py:88} INFO - Running command: ['/usr/bin/bash', '-c', 'docker build -t thaian ./dags']
[2024-11-13T13:55:51.000+0000] {subprocess.py:99} INFO - Output:
[2024-11-13T13:55:51.340+0000] {subprocess.py:106} INFO - DEPRECATED: The legacy builder is deprecated and will be removed in a future release.
[2024-11-13T13:55:51.357+0000] {subprocess.py:106} INFO -             Install the buildx component to build images with BuildKit:
[2024-11-13T13:55:51.358+0000] {subprocess.py:106} INFO -             https://docs.docker.com/go/buildx/
[2024-11-13T13:55:51.359+0000] {subprocess.py:106} INFO - 
[2024-11-13T13:55:51.360+0000] {subprocess.py:106} INFO - unable to prepare context: path "./dags" not found
[2024-11-13T13:55:51.361+0000] {subprocess.py:110} INFO - Command exited with return code 1
[2024-11-13T13:55:51.399+0000] {taskinstance.py:3311} ERROR - Task failed with exception
Traceback (most recent call last):
  File "/home/airflow/.local/lib/python3.12/site-packages/airflow/models/taskinstance.py", line 767, in _execute_task
    result = _execute_callable(context=context, **execute_callable_kwargs)
             ^^^^^^^^^^^^^^^^^^^^^^^^^^^^^^^^^^^^^^^^^^^^^^^^^^^^^^^^^^^^^
  File "/home/airflow/.local/lib/python3.12/site-packages/airflow/models/taskinstance.py", line 733, in _execute_callable
    return ExecutionCallableRunner(
           ^^^^^^^^^^^^^^^^^^^^^^^^
  File "/home/airflow/.local/lib/python3.12/site-packages/airflow/utils/operator_helpers.py", line 252, in run
    return self.func(*args, **kwargs)
           ^^^^^^^^^^^^^^^^^^^^^^^^^^
  File "/home/airflow/.local/lib/python3.12/site-packages/airflow/models/baseoperator.py", line 417, in wrapper
    return func(self, *args, **kwargs)
           ^^^^^^^^^^^^^^^^^^^^^^^^^^^
  File "/home/airflow/.local/lib/python3.12/site-packages/airflow/operators/bash.py", line 276, in execute
    raise AirflowException(
airflow.exceptions.AirflowException: Bash command failed. The command returned a non-zero exit code 1.
[2024-11-13T13:55:51.428+0000] {taskinstance.py:1225} INFO - Marking task as UP_FOR_RETRY. dag_id=example_pipeline, task_id=run_scrapy, run_id=scheduled__2023-01-01T00:14:00+00:00, execution_date=20230101T001400, start_date=20241113T135547, end_date=20241113T135551
[2024-11-13T13:55:51.461+0000] {taskinstance.py:340} INFO - ::group::Post task execution logs
[2024-11-13T13:55:51.463+0000] {standard_task_runner.py:124} ERROR - Failed to execute job 8 for task run_scrapy (Bash command failed. The command returned a non-zero exit code 1.; 213)
Traceback (most recent call last):
  File "/home/airflow/.local/lib/python3.12/site-packages/airflow/task/task_runner/standard_task_runner.py", line 117, in _start_by_fork
    ret = args.func(args, dag=self.dag)
          ^^^^^^^^^^^^^^^^^^^^^^^^^^^^^
  File "/home/airflow/.local/lib/python3.12/site-packages/airflow/cli/cli_config.py", line 49, in command
    return func(*args, **kwargs)
           ^^^^^^^^^^^^^^^^^^^^^
  File "/home/airflow/.local/lib/python3.12/site-packages/airflow/utils/cli.py", line 116, in wrapper
    return f(*args, **kwargs)
           ^^^^^^^^^^^^^^^^^^
  File "/home/airflow/.local/lib/python3.12/site-packages/airflow/cli/commands/task_command.py", line 483, in task_run
    task_return_code = _run_task_by_selected_method(args, _dag, ti)
                       ^^^^^^^^^^^^^^^^^^^^^^^^^^^^^^^^^^^^^^^^^^^^
  File "/home/airflow/.local/lib/python3.12/site-packages/airflow/cli/commands/task_command.py", line 256, in _run_task_by_selected_method
    return _run_raw_task(args, ti)
           ^^^^^^^^^^^^^^^^^^^^^^^
  File "/home/airflow/.local/lib/python3.12/site-packages/airflow/cli/commands/task_command.py", line 341, in _run_raw_task
    return ti._run_raw_task(
           ^^^^^^^^^^^^^^^^^
  File "/home/airflow/.local/lib/python3.12/site-packages/airflow/utils/session.py", line 97, in wrapper
    return func(*args, session=session, **kwargs)
           ^^^^^^^^^^^^^^^^^^^^^^^^^^^^^^^^^^^^^^
  File "/home/airflow/.local/lib/python3.12/site-packages/airflow/models/taskinstance.py", line 3005, in _run_raw_task
    return _run_raw_task(
           ^^^^^^^^^^^^^^
  File "/home/airflow/.local/lib/python3.12/site-packages/airflow/models/taskinstance.py", line 273, in _run_raw_task
    TaskInstance._execute_task_with_callbacks(
  File "/home/airflow/.local/lib/python3.12/site-packages/airflow/models/taskinstance.py", line 3159, in _execute_task_with_callbacks
    result = self._execute_task(context, task_orig)
             ^^^^^^^^^^^^^^^^^^^^^^^^^^^^^^^^^^^^^^
  File "/home/airflow/.local/lib/python3.12/site-packages/airflow/models/taskinstance.py", line 3183, in _execute_task
    return _execute_task(self, context, task_orig)
           ^^^^^^^^^^^^^^^^^^^^^^^^^^^^^^^^^^^^^^^
  File "/home/airflow/.local/lib/python3.12/site-packages/airflow/models/taskinstance.py", line 767, in _execute_task
    result = _execute_callable(context=context, **execute_callable_kwargs)
             ^^^^^^^^^^^^^^^^^^^^^^^^^^^^^^^^^^^^^^^^^^^^^^^^^^^^^^^^^^^^^
  File "/home/airflow/.local/lib/python3.12/site-packages/airflow/models/taskinstance.py", line 733, in _execute_callable
    return ExecutionCallableRunner(
           ^^^^^^^^^^^^^^^^^^^^^^^^
  File "/home/airflow/.local/lib/python3.12/site-packages/airflow/utils/operator_helpers.py", line 252, in run
    return self.func(*args, **kwargs)
           ^^^^^^^^^^^^^^^^^^^^^^^^^^
  File "/home/airflow/.local/lib/python3.12/site-packages/airflow/models/baseoperator.py", line 417, in wrapper
    return func(self, *args, **kwargs)
           ^^^^^^^^^^^^^^^^^^^^^^^^^^^
  File "/home/airflow/.local/lib/python3.12/site-packages/airflow/operators/bash.py", line 276, in execute
    raise AirflowException(
airflow.exceptions.AirflowException: Bash command failed. The command returned a non-zero exit code 1.
[2024-11-13T13:55:51.520+0000] {local_task_job_runner.py:266} INFO - Task exited with return code 1
[2024-11-13T13:55:51.576+0000] {local_task_job_runner.py:245} INFO - ::endgroup::
