[2024-11-12T16:21:43.314+0000] {local_task_job_runner.py:123} INFO - ::group::Pre task execution logs
[2024-11-12T16:21:43.341+0000] {taskinstance.py:2613} INFO - Dependencies all met for dep_context=non-requeueable deps ti=<TaskInstance: example_pipeline.run_scrapy scheduled__2023-01-01T00:06:00+00:00 [queued]>
[2024-11-12T16:21:43.357+0000] {taskinstance.py:2613} INFO - Dependencies all met for dep_context=requeueable deps ti=<TaskInstance: example_pipeline.run_scrapy scheduled__2023-01-01T00:06:00+00:00 [queued]>
[2024-11-12T16:21:43.358+0000] {taskinstance.py:2866} INFO - Starting attempt 2 of 2
[2024-11-12T16:21:43.405+0000] {taskinstance.py:2889} INFO - Executing <Task(BashOperator): run_scrapy> on 2023-01-01 00:06:00+00:00
[2024-11-12T16:21:43.446+0000] {logging_mixin.py:190} WARNING - /home/airflow/.local/lib/python3.12/site-packages/airflow/task/task_runner/standard_task_runner.py:70 DeprecationWarning: This process (pid=348) is multi-threaded, use of fork() may lead to deadlocks in the child.
[2024-11-12T16:21:43.421+0000] {standard_task_runner.py:104} INFO - Running: ['airflow', 'tasks', 'run', 'example_pipeline', 'run_scrapy', 'scheduled__2023-01-01T00:06:00+00:00', '--job-id', '19', '--raw', '--subdir', 'DAGS_FOLDER/test_main.py', '--cfg-path', '/tmp/tmp_vt4aamv']
[2024-11-12T16:21:43.449+0000] {standard_task_runner.py:72} INFO - Started process 354 to run task
[2024-11-12T16:21:43.449+0000] {standard_task_runner.py:105} INFO - Job 19: Subtask run_scrapy
[2024-11-12T16:21:43.572+0000] {logging_mixin.py:190} WARNING - /home/airflow/.local/lib/python3.12/site-packages/airflow/settings.py:209 DeprecationWarning: The sql_alchemy_conn option in [core] has been moved to the sql_alchemy_conn option in [database] - the old setting has been used, but please update your config.
[2024-11-12T16:21:43.737+0000] {task_command.py:467} INFO - Running <TaskInstance: example_pipeline.run_scrapy scheduled__2023-01-01T00:06:00+00:00 [running]> on host 351dab94543d
[2024-11-12T16:21:43.745+0000] {logging_mixin.py:190} WARNING - /home/airflow/.local/lib/python3.12/site-packages/airflow/settings.py:470 DeprecationWarning: The sql_alchemy_conn option in [core] has been moved to the sql_alchemy_conn option in [database] - the old setting has been used, but please update your config.
[2024-11-12T16:21:44.034+0000] {abstractoperator.py:780} ERROR - Exception rendering Jinja template for task 'run_scrapy', field 'bash_command'. Template: 'python /opt/airflow/dags/scripts/run_scrapy.sh'
Traceback (most recent call last):
  File "/home/airflow/.local/lib/python3.12/site-packages/airflow/models/abstractoperator.py", line 772, in _do_render_template_fields
    rendered_content = self.render_template(
                       ^^^^^^^^^^^^^^^^^^^^^
  File "/home/airflow/.local/lib/python3.12/site-packages/airflow/template/templater.py", line 168, in render_template
    template = jinja_env.get_template(value)
               ^^^^^^^^^^^^^^^^^^^^^^^^^^^^^
  File "/home/airflow/.local/lib/python3.12/site-packages/jinja2/environment.py", line 1013, in get_template
    return self._load_template(name, globals)
           ^^^^^^^^^^^^^^^^^^^^^^^^^^^^^^^^^^
  File "/home/airflow/.local/lib/python3.12/site-packages/jinja2/environment.py", line 972, in _load_template
    template = self.loader.load(self, name, self.make_globals(globals))
               ^^^^^^^^^^^^^^^^^^^^^^^^^^^^^^^^^^^^^^^^^^^^^^^^^^^^^^^^
  File "/home/airflow/.local/lib/python3.12/site-packages/jinja2/loaders.py", line 126, in load
    source, filename, uptodate = self.get_source(environment, name)
                                 ^^^^^^^^^^^^^^^^^^^^^^^^^^^^^^^^^^
  File "/home/airflow/.local/lib/python3.12/site-packages/jinja2/loaders.py", line 207, in get_source
    raise TemplateNotFound(template)
jinja2.exceptions.TemplateNotFound: python /opt/airflow/dags/scripts/run_scrapy.sh
[2024-11-12T16:21:44.105+0000] {taskinstance.py:3311} ERROR - Task failed with exception
Traceback (most recent call last):
  File "/home/airflow/.local/lib/python3.12/site-packages/airflow/models/taskinstance.py", line 273, in _run_raw_task
    TaskInstance._execute_task_with_callbacks(
  File "/home/airflow/.local/lib/python3.12/site-packages/airflow/models/taskinstance.py", line 3115, in _execute_task_with_callbacks
    task_orig = self.render_templates(context=context, jinja_env=jinja_env)
                ^^^^^^^^^^^^^^^^^^^^^^^^^^^^^^^^^^^^^^^^^^^^^^^^^^^^^^^^^^^
  File "/home/airflow/.local/lib/python3.12/site-packages/airflow/models/taskinstance.py", line 3534, in render_templates
    original_task.render_template_fields(context, jinja_env)
  File "/home/airflow/.local/lib/python3.12/site-packages/airflow/models/baseoperator.py", line 1430, in render_template_fields
    self._do_render_template_fields(self, self.template_fields, context, jinja_env, set())
  File "/home/airflow/.local/lib/python3.12/site-packages/airflow/models/abstractoperator.py", line 772, in _do_render_template_fields
    rendered_content = self.render_template(
                       ^^^^^^^^^^^^^^^^^^^^^
  File "/home/airflow/.local/lib/python3.12/site-packages/airflow/template/templater.py", line 168, in render_template
    template = jinja_env.get_template(value)
               ^^^^^^^^^^^^^^^^^^^^^^^^^^^^^
  File "/home/airflow/.local/lib/python3.12/site-packages/jinja2/environment.py", line 1013, in get_template
    return self._load_template(name, globals)
           ^^^^^^^^^^^^^^^^^^^^^^^^^^^^^^^^^^
  File "/home/airflow/.local/lib/python3.12/site-packages/jinja2/environment.py", line 972, in _load_template
    template = self.loader.load(self, name, self.make_globals(globals))
               ^^^^^^^^^^^^^^^^^^^^^^^^^^^^^^^^^^^^^^^^^^^^^^^^^^^^^^^^
  File "/home/airflow/.local/lib/python3.12/site-packages/jinja2/loaders.py", line 126, in load
    source, filename, uptodate = self.get_source(environment, name)
                                 ^^^^^^^^^^^^^^^^^^^^^^^^^^^^^^^^^^
  File "/home/airflow/.local/lib/python3.12/site-packages/jinja2/loaders.py", line 207, in get_source
    raise TemplateNotFound(template)
jinja2.exceptions.TemplateNotFound: python /opt/airflow/dags/scripts/run_scrapy.sh
[2024-11-12T16:21:44.189+0000] {taskinstance.py:1225} INFO - Marking task as FAILED. dag_id=example_pipeline, task_id=run_scrapy, run_id=scheduled__2023-01-01T00:06:00+00:00, execution_date=20230101T000600, start_date=20241112T162143, end_date=20241112T162144
[2024-11-12T16:21:44.239+0000] {taskinstance.py:340} INFO - ::group::Post task execution logs
[2024-11-12T16:21:44.242+0000] {standard_task_runner.py:124} ERROR - Failed to execute job 19 for task run_scrapy (python /opt/airflow/dags/scripts/run_scrapy.sh; 354)
Traceback (most recent call last):
  File "/home/airflow/.local/lib/python3.12/site-packages/airflow/task/task_runner/standard_task_runner.py", line 117, in _start_by_fork
    ret = args.func(args, dag=self.dag)
          ^^^^^^^^^^^^^^^^^^^^^^^^^^^^^
  File "/home/airflow/.local/lib/python3.12/site-packages/airflow/cli/cli_config.py", line 49, in command
    return func(*args, **kwargs)
           ^^^^^^^^^^^^^^^^^^^^^
  File "/home/airflow/.local/lib/python3.12/site-packages/airflow/utils/cli.py", line 116, in wrapper
    return f(*args, **kwargs)
           ^^^^^^^^^^^^^^^^^^
  File "/home/airflow/.local/lib/python3.12/site-packages/airflow/cli/commands/task_command.py", line 483, in task_run
    task_return_code = _run_task_by_selected_method(args, _dag, ti)
                       ^^^^^^^^^^^^^^^^^^^^^^^^^^^^^^^^^^^^^^^^^^^^
  File "/home/airflow/.local/lib/python3.12/site-packages/airflow/cli/commands/task_command.py", line 256, in _run_task_by_selected_method
    return _run_raw_task(args, ti)
           ^^^^^^^^^^^^^^^^^^^^^^^
  File "/home/airflow/.local/lib/python3.12/site-packages/airflow/cli/commands/task_command.py", line 341, in _run_raw_task
    return ti._run_raw_task(
           ^^^^^^^^^^^^^^^^^
  File "/home/airflow/.local/lib/python3.12/site-packages/airflow/utils/session.py", line 97, in wrapper
    return func(*args, session=session, **kwargs)
           ^^^^^^^^^^^^^^^^^^^^^^^^^^^^^^^^^^^^^^
  File "/home/airflow/.local/lib/python3.12/site-packages/airflow/models/taskinstance.py", line 3005, in _run_raw_task
    return _run_raw_task(
           ^^^^^^^^^^^^^^
  File "/home/airflow/.local/lib/python3.12/site-packages/airflow/models/taskinstance.py", line 273, in _run_raw_task
    TaskInstance._execute_task_with_callbacks(
  File "/home/airflow/.local/lib/python3.12/site-packages/airflow/models/taskinstance.py", line 3115, in _execute_task_with_callbacks
    task_orig = self.render_templates(context=context, jinja_env=jinja_env)
                ^^^^^^^^^^^^^^^^^^^^^^^^^^^^^^^^^^^^^^^^^^^^^^^^^^^^^^^^^^^
  File "/home/airflow/.local/lib/python3.12/site-packages/airflow/models/taskinstance.py", line 3534, in render_templates
    original_task.render_template_fields(context, jinja_env)
  File "/home/airflow/.local/lib/python3.12/site-packages/airflow/models/baseoperator.py", line 1430, in render_template_fields
    self._do_render_template_fields(self, self.template_fields, context, jinja_env, set())
  File "/home/airflow/.local/lib/python3.12/site-packages/airflow/models/abstractoperator.py", line 772, in _do_render_template_fields
    rendered_content = self.render_template(
                       ^^^^^^^^^^^^^^^^^^^^^
  File "/home/airflow/.local/lib/python3.12/site-packages/airflow/template/templater.py", line 168, in render_template
    template = jinja_env.get_template(value)
               ^^^^^^^^^^^^^^^^^^^^^^^^^^^^^
  File "/home/airflow/.local/lib/python3.12/site-packages/jinja2/environment.py", line 1013, in get_template
    return self._load_template(name, globals)
           ^^^^^^^^^^^^^^^^^^^^^^^^^^^^^^^^^^
  File "/home/airflow/.local/lib/python3.12/site-packages/jinja2/environment.py", line 972, in _load_template
    template = self.loader.load(self, name, self.make_globals(globals))
               ^^^^^^^^^^^^^^^^^^^^^^^^^^^^^^^^^^^^^^^^^^^^^^^^^^^^^^^^
  File "/home/airflow/.local/lib/python3.12/site-packages/jinja2/loaders.py", line 126, in load
    source, filename, uptodate = self.get_source(environment, name)
                                 ^^^^^^^^^^^^^^^^^^^^^^^^^^^^^^^^^^
  File "/home/airflow/.local/lib/python3.12/site-packages/jinja2/loaders.py", line 207, in get_source
    raise TemplateNotFound(template)
jinja2.exceptions.TemplateNotFound: python /opt/airflow/dags/scripts/run_scrapy.sh
[2024-11-12T16:21:44.375+0000] {local_task_job_runner.py:266} INFO - Task exited with return code 1
[2024-11-12T16:21:44.472+0000] {taskinstance.py:3895} INFO - 0 downstream tasks scheduled from follow-on schedule check
[2024-11-12T16:21:44.482+0000] {local_task_job_runner.py:245} INFO - ::endgroup::
[2024-11-13T05:00:38.013+0000] {local_task_job_runner.py:123} INFO - ::group::Pre task execution logs
[2024-11-13T05:00:38.085+0000] {taskinstance.py:2613} INFO - Dependencies all met for dep_context=non-requeueable deps ti=<TaskInstance: example_pipeline.run_scrapy scheduled__2023-01-01T00:06:00+00:00 [queued]>
[2024-11-13T05:00:38.100+0000] {taskinstance.py:2613} INFO - Dependencies all met for dep_context=requeueable deps ti=<TaskInstance: example_pipeline.run_scrapy scheduled__2023-01-01T00:06:00+00:00 [queued]>
[2024-11-13T05:00:38.101+0000] {taskinstance.py:2866} INFO - Starting attempt 2 of 2
[2024-11-13T05:00:38.122+0000] {taskinstance.py:2889} INFO - Executing <Task(BashOperator): run_scrapy> on 2023-01-01 00:06:00+00:00
[2024-11-13T05:00:38.166+0000] {logging_mixin.py:190} WARNING - /home/airflow/.local/lib/python3.12/site-packages/airflow/task/task_runner/standard_task_runner.py:70 DeprecationWarning: This process (pid=546) is multi-threaded, use of fork() may lead to deadlocks in the child.
[2024-11-13T05:00:38.172+0000] {standard_task_runner.py:72} INFO - Started process 550 to run task
[2024-11-13T05:00:38.182+0000] {standard_task_runner.py:104} INFO - Running: ['airflow', 'tasks', 'run', 'example_pipeline', 'run_scrapy', 'scheduled__2023-01-01T00:06:00+00:00', '--job-id', '21', '--raw', '--subdir', 'DAGS_FOLDER/test_main.py', '--cfg-path', '/tmp/tmp0is33ehv']
[2024-11-13T05:00:38.192+0000] {standard_task_runner.py:105} INFO - Job 21: Subtask run_scrapy
[2024-11-13T05:00:38.286+0000] {logging_mixin.py:190} WARNING - /home/airflow/.local/lib/python3.12/site-packages/airflow/settings.py:209 DeprecationWarning: The sql_alchemy_conn option in [core] has been moved to the sql_alchemy_conn option in [database] - the old setting has been used, but please update your config.
[2024-11-13T05:00:38.481+0000] {task_command.py:467} INFO - Running <TaskInstance: example_pipeline.run_scrapy scheduled__2023-01-01T00:06:00+00:00 [running]> on host 98aaf3cf0496
[2024-11-13T05:00:38.485+0000] {logging_mixin.py:190} WARNING - /home/airflow/.local/lib/python3.12/site-packages/airflow/settings.py:470 DeprecationWarning: The sql_alchemy_conn option in [core] has been moved to the sql_alchemy_conn option in [database] - the old setting has been used, but please update your config.
[2024-11-13T05:00:38.737+0000] {taskinstance.py:3132} INFO - Exporting env vars: AIRFLOW_CTX_DAG_OWNER='airflow' AIRFLOW_CTX_DAG_ID='example_pipeline' AIRFLOW_CTX_TASK_ID='run_scrapy' AIRFLOW_CTX_EXECUTION_DATE='2023-01-01T00:06:00+00:00' AIRFLOW_CTX_TRY_NUMBER='2' AIRFLOW_CTX_DAG_RUN_ID='scheduled__2023-01-01T00:06:00+00:00'
[2024-11-13T05:00:38.754+0000] {taskinstance.py:731} INFO - ::endgroup::
[2024-11-13T05:00:38.983+0000] {subprocess.py:78} INFO - Tmp dir root location: /tmp
[2024-11-13T05:00:39.026+0000] {subprocess.py:88} INFO - Running command: ['/usr/bin/bash', '-c', 'docker build -t thaian .']
[2024-11-13T05:00:39.110+0000] {subprocess.py:99} INFO - Output:
[2024-11-13T05:00:39.937+0000] {subprocess.py:106} INFO - DEPRECATED: The legacy builder is deprecated and will be removed in a future release.
[2024-11-13T05:00:39.939+0000] {subprocess.py:106} INFO -             Install the buildx component to build images with BuildKit:
[2024-11-13T05:00:39.941+0000] {subprocess.py:106} INFO -             https://docs.docker.com/go/buildx/
[2024-11-13T05:00:39.943+0000] {subprocess.py:106} INFO - 
[2024-11-13T05:00:39.994+0000] {subprocess.py:106} INFO - unable to prepare context: unable to evaluate symlinks in Dockerfile path: lstat /tmp/airflowtmp9wih13qe/Dockerfile: no such file or directory
[2024-11-13T05:00:39.998+0000] {subprocess.py:110} INFO - Command exited with return code 1
[2024-11-13T05:00:40.086+0000] {taskinstance.py:3311} ERROR - Task failed with exception
Traceback (most recent call last):
  File "/home/airflow/.local/lib/python3.12/site-packages/airflow/models/taskinstance.py", line 767, in _execute_task
    result = _execute_callable(context=context, **execute_callable_kwargs)
             ^^^^^^^^^^^^^^^^^^^^^^^^^^^^^^^^^^^^^^^^^^^^^^^^^^^^^^^^^^^^^
  File "/home/airflow/.local/lib/python3.12/site-packages/airflow/models/taskinstance.py", line 733, in _execute_callable
    return ExecutionCallableRunner(
           ^^^^^^^^^^^^^^^^^^^^^^^^
  File "/home/airflow/.local/lib/python3.12/site-packages/airflow/utils/operator_helpers.py", line 252, in run
    return self.func(*args, **kwargs)
           ^^^^^^^^^^^^^^^^^^^^^^^^^^
  File "/home/airflow/.local/lib/python3.12/site-packages/airflow/models/baseoperator.py", line 417, in wrapper
    return func(self, *args, **kwargs)
           ^^^^^^^^^^^^^^^^^^^^^^^^^^^
  File "/home/airflow/.local/lib/python3.12/site-packages/airflow/operators/bash.py", line 276, in execute
    raise AirflowException(
airflow.exceptions.AirflowException: Bash command failed. The command returned a non-zero exit code 1.
[2024-11-13T05:00:40.099+0000] {taskinstance.py:1225} INFO - Marking task as FAILED. dag_id=example_pipeline, task_id=run_scrapy, run_id=scheduled__2023-01-01T00:06:00+00:00, execution_date=20230101T000600, start_date=20241113T050038, end_date=20241113T050040
[2024-11-13T05:00:40.148+0000] {taskinstance.py:340} INFO - ::group::Post task execution logs
[2024-11-13T05:00:40.152+0000] {standard_task_runner.py:124} ERROR - Failed to execute job 21 for task run_scrapy (Bash command failed. The command returned a non-zero exit code 1.; 550)
Traceback (most recent call last):
  File "/home/airflow/.local/lib/python3.12/site-packages/airflow/task/task_runner/standard_task_runner.py", line 117, in _start_by_fork
    ret = args.func(args, dag=self.dag)
          ^^^^^^^^^^^^^^^^^^^^^^^^^^^^^
  File "/home/airflow/.local/lib/python3.12/site-packages/airflow/cli/cli_config.py", line 49, in command
    return func(*args, **kwargs)
           ^^^^^^^^^^^^^^^^^^^^^
  File "/home/airflow/.local/lib/python3.12/site-packages/airflow/utils/cli.py", line 116, in wrapper
    return f(*args, **kwargs)
           ^^^^^^^^^^^^^^^^^^
  File "/home/airflow/.local/lib/python3.12/site-packages/airflow/cli/commands/task_command.py", line 483, in task_run
    task_return_code = _run_task_by_selected_method(args, _dag, ti)
                       ^^^^^^^^^^^^^^^^^^^^^^^^^^^^^^^^^^^^^^^^^^^^
  File "/home/airflow/.local/lib/python3.12/site-packages/airflow/cli/commands/task_command.py", line 256, in _run_task_by_selected_method
    return _run_raw_task(args, ti)
           ^^^^^^^^^^^^^^^^^^^^^^^
  File "/home/airflow/.local/lib/python3.12/site-packages/airflow/cli/commands/task_command.py", line 341, in _run_raw_task
    return ti._run_raw_task(
           ^^^^^^^^^^^^^^^^^
  File "/home/airflow/.local/lib/python3.12/site-packages/airflow/utils/session.py", line 97, in wrapper
    return func(*args, session=session, **kwargs)
           ^^^^^^^^^^^^^^^^^^^^^^^^^^^^^^^^^^^^^^
  File "/home/airflow/.local/lib/python3.12/site-packages/airflow/models/taskinstance.py", line 3005, in _run_raw_task
    return _run_raw_task(
           ^^^^^^^^^^^^^^
  File "/home/airflow/.local/lib/python3.12/site-packages/airflow/models/taskinstance.py", line 273, in _run_raw_task
    TaskInstance._execute_task_with_callbacks(
  File "/home/airflow/.local/lib/python3.12/site-packages/airflow/models/taskinstance.py", line 3159, in _execute_task_with_callbacks
    result = self._execute_task(context, task_orig)
             ^^^^^^^^^^^^^^^^^^^^^^^^^^^^^^^^^^^^^^
  File "/home/airflow/.local/lib/python3.12/site-packages/airflow/models/taskinstance.py", line 3183, in _execute_task
    return _execute_task(self, context, task_orig)
           ^^^^^^^^^^^^^^^^^^^^^^^^^^^^^^^^^^^^^^^
  File "/home/airflow/.local/lib/python3.12/site-packages/airflow/models/taskinstance.py", line 767, in _execute_task
    result = _execute_callable(context=context, **execute_callable_kwargs)
             ^^^^^^^^^^^^^^^^^^^^^^^^^^^^^^^^^^^^^^^^^^^^^^^^^^^^^^^^^^^^^
  File "/home/airflow/.local/lib/python3.12/site-packages/airflow/models/taskinstance.py", line 733, in _execute_callable
    return ExecutionCallableRunner(
           ^^^^^^^^^^^^^^^^^^^^^^^^
  File "/home/airflow/.local/lib/python3.12/site-packages/airflow/utils/operator_helpers.py", line 252, in run
    return self.func(*args, **kwargs)
           ^^^^^^^^^^^^^^^^^^^^^^^^^^
  File "/home/airflow/.local/lib/python3.12/site-packages/airflow/models/baseoperator.py", line 417, in wrapper
    return func(self, *args, **kwargs)
           ^^^^^^^^^^^^^^^^^^^^^^^^^^^
  File "/home/airflow/.local/lib/python3.12/site-packages/airflow/operators/bash.py", line 276, in execute
    raise AirflowException(
airflow.exceptions.AirflowException: Bash command failed. The command returned a non-zero exit code 1.
[2024-11-13T05:00:40.242+0000] {local_task_job_runner.py:266} INFO - Task exited with return code 1
[2024-11-13T05:00:40.360+0000] {taskinstance.py:3895} INFO - 0 downstream tasks scheduled from follow-on schedule check
[2024-11-13T05:00:40.378+0000] {local_task_job_runner.py:245} INFO - ::endgroup::
[2024-11-13T11:11:03.453+0000] {local_task_job_runner.py:123} INFO - ::group::Pre task execution logs
[2024-11-13T11:11:03.469+0000] {taskinstance.py:2613} INFO - Dependencies all met for dep_context=non-requeueable deps ti=<TaskInstance: example_pipeline.run_scrapy scheduled__2023-01-01T00:06:00+00:00 [queued]>
[2024-11-13T11:11:03.476+0000] {taskinstance.py:2613} INFO - Dependencies all met for dep_context=requeueable deps ti=<TaskInstance: example_pipeline.run_scrapy scheduled__2023-01-01T00:06:00+00:00 [queued]>
[2024-11-13T11:11:03.477+0000] {taskinstance.py:2866} INFO - Starting attempt 2 of 2
[2024-11-13T11:11:03.490+0000] {taskinstance.py:2889} INFO - Executing <Task(BashOperator): run_scrapy> on 2023-01-01 00:06:00+00:00
[2024-11-13T11:11:03.499+0000] {logging_mixin.py:190} WARNING - /home/airflow/.local/lib/python3.12/site-packages/airflow/task/task_runner/standard_task_runner.py:70 DeprecationWarning: This process (pid=403) is multi-threaded, use of fork() may lead to deadlocks in the child.
[2024-11-13T11:11:03.501+0000] {standard_task_runner.py:72} INFO - Started process 408 to run task
[2024-11-13T11:11:03.500+0000] {standard_task_runner.py:104} INFO - Running: ['airflow', 'tasks', 'run', 'example_pipeline', 'run_scrapy', 'scheduled__2023-01-01T00:06:00+00:00', '--job-id', '23', '--raw', '--subdir', 'DAGS_FOLDER/test_main.py', '--cfg-path', '/tmp/tmpk0oggkch']
[2024-11-13T11:11:03.503+0000] {standard_task_runner.py:105} INFO - Job 23: Subtask run_scrapy
[2024-11-13T11:11:03.518+0000] {logging_mixin.py:190} WARNING - /home/airflow/.local/lib/python3.12/site-packages/airflow/settings.py:209 DeprecationWarning: The sql_alchemy_conn option in [core] has been moved to the sql_alchemy_conn option in [database] - the old setting has been used, but please update your config.
[2024-11-13T11:11:03.556+0000] {task_command.py:467} INFO - Running <TaskInstance: example_pipeline.run_scrapy scheduled__2023-01-01T00:06:00+00:00 [running]> on host ea5fa4dd0e6a
[2024-11-13T11:11:03.557+0000] {logging_mixin.py:190} WARNING - /home/airflow/.local/lib/python3.12/site-packages/airflow/settings.py:470 DeprecationWarning: The sql_alchemy_conn option in [core] has been moved to the sql_alchemy_conn option in [database] - the old setting has been used, but please update your config.
[2024-11-13T11:11:03.705+0000] {taskinstance.py:3132} INFO - Exporting env vars: AIRFLOW_CTX_DAG_OWNER='airflow' AIRFLOW_CTX_DAG_ID='example_pipeline' AIRFLOW_CTX_TASK_ID='run_scrapy' AIRFLOW_CTX_EXECUTION_DATE='2023-01-01T00:06:00+00:00' AIRFLOW_CTX_TRY_NUMBER='2' AIRFLOW_CTX_DAG_RUN_ID='scheduled__2023-01-01T00:06:00+00:00'
[2024-11-13T11:11:03.706+0000] {taskinstance.py:731} INFO - ::endgroup::
[2024-11-13T11:11:03.744+0000] {subprocess.py:78} INFO - Tmp dir root location: /tmp
[2024-11-13T11:11:03.749+0000] {subprocess.py:88} INFO - Running command: ['/usr/bin/bash', '-c', 'python -m scrapy runspider web/spiders/CaoWeb.py']
[2024-11-13T11:11:03.769+0000] {subprocess.py:99} INFO - Output:
[2024-11-13T11:11:03.844+0000] {subprocess.py:106} INFO - /home/airflow/.local/bin/python: No module named scrapy
[2024-11-13T11:11:03.848+0000] {subprocess.py:110} INFO - Command exited with return code 1
[2024-11-13T11:11:03.864+0000] {taskinstance.py:3311} ERROR - Task failed with exception
Traceback (most recent call last):
  File "/home/airflow/.local/lib/python3.12/site-packages/airflow/models/taskinstance.py", line 767, in _execute_task
    result = _execute_callable(context=context, **execute_callable_kwargs)
             ^^^^^^^^^^^^^^^^^^^^^^^^^^^^^^^^^^^^^^^^^^^^^^^^^^^^^^^^^^^^^
  File "/home/airflow/.local/lib/python3.12/site-packages/airflow/models/taskinstance.py", line 733, in _execute_callable
    return ExecutionCallableRunner(
           ^^^^^^^^^^^^^^^^^^^^^^^^
  File "/home/airflow/.local/lib/python3.12/site-packages/airflow/utils/operator_helpers.py", line 252, in run
    return self.func(*args, **kwargs)
           ^^^^^^^^^^^^^^^^^^^^^^^^^^
  File "/home/airflow/.local/lib/python3.12/site-packages/airflow/models/baseoperator.py", line 417, in wrapper
    return func(self, *args, **kwargs)
           ^^^^^^^^^^^^^^^^^^^^^^^^^^^
  File "/home/airflow/.local/lib/python3.12/site-packages/airflow/operators/bash.py", line 276, in execute
    raise AirflowException(
airflow.exceptions.AirflowException: Bash command failed. The command returned a non-zero exit code 1.
[2024-11-13T11:11:03.869+0000] {taskinstance.py:1225} INFO - Marking task as FAILED. dag_id=example_pipeline, task_id=run_scrapy, run_id=scheduled__2023-01-01T00:06:00+00:00, execution_date=20230101T000600, start_date=20241113T111103, end_date=20241113T111103
[2024-11-13T11:11:03.879+0000] {taskinstance.py:340} INFO - ::group::Post task execution logs
[2024-11-13T11:11:03.880+0000] {standard_task_runner.py:124} ERROR - Failed to execute job 23 for task run_scrapy (Bash command failed. The command returned a non-zero exit code 1.; 408)
Traceback (most recent call last):
  File "/home/airflow/.local/lib/python3.12/site-packages/airflow/task/task_runner/standard_task_runner.py", line 117, in _start_by_fork
    ret = args.func(args, dag=self.dag)
          ^^^^^^^^^^^^^^^^^^^^^^^^^^^^^
  File "/home/airflow/.local/lib/python3.12/site-packages/airflow/cli/cli_config.py", line 49, in command
    return func(*args, **kwargs)
           ^^^^^^^^^^^^^^^^^^^^^
  File "/home/airflow/.local/lib/python3.12/site-packages/airflow/utils/cli.py", line 116, in wrapper
    return f(*args, **kwargs)
           ^^^^^^^^^^^^^^^^^^
  File "/home/airflow/.local/lib/python3.12/site-packages/airflow/cli/commands/task_command.py", line 483, in task_run
    task_return_code = _run_task_by_selected_method(args, _dag, ti)
                       ^^^^^^^^^^^^^^^^^^^^^^^^^^^^^^^^^^^^^^^^^^^^
  File "/home/airflow/.local/lib/python3.12/site-packages/airflow/cli/commands/task_command.py", line 256, in _run_task_by_selected_method
    return _run_raw_task(args, ti)
           ^^^^^^^^^^^^^^^^^^^^^^^
  File "/home/airflow/.local/lib/python3.12/site-packages/airflow/cli/commands/task_command.py", line 341, in _run_raw_task
    return ti._run_raw_task(
           ^^^^^^^^^^^^^^^^^
  File "/home/airflow/.local/lib/python3.12/site-packages/airflow/utils/session.py", line 97, in wrapper
    return func(*args, session=session, **kwargs)
           ^^^^^^^^^^^^^^^^^^^^^^^^^^^^^^^^^^^^^^
  File "/home/airflow/.local/lib/python3.12/site-packages/airflow/models/taskinstance.py", line 3005, in _run_raw_task
    return _run_raw_task(
           ^^^^^^^^^^^^^^
  File "/home/airflow/.local/lib/python3.12/site-packages/airflow/models/taskinstance.py", line 273, in _run_raw_task
    TaskInstance._execute_task_with_callbacks(
  File "/home/airflow/.local/lib/python3.12/site-packages/airflow/models/taskinstance.py", line 3159, in _execute_task_with_callbacks
    result = self._execute_task(context, task_orig)
             ^^^^^^^^^^^^^^^^^^^^^^^^^^^^^^^^^^^^^^
  File "/home/airflow/.local/lib/python3.12/site-packages/airflow/models/taskinstance.py", line 3183, in _execute_task
    return _execute_task(self, context, task_orig)
           ^^^^^^^^^^^^^^^^^^^^^^^^^^^^^^^^^^^^^^^
  File "/home/airflow/.local/lib/python3.12/site-packages/airflow/models/taskinstance.py", line 767, in _execute_task
    result = _execute_callable(context=context, **execute_callable_kwargs)
             ^^^^^^^^^^^^^^^^^^^^^^^^^^^^^^^^^^^^^^^^^^^^^^^^^^^^^^^^^^^^^
  File "/home/airflow/.local/lib/python3.12/site-packages/airflow/models/taskinstance.py", line 733, in _execute_callable
    return ExecutionCallableRunner(
           ^^^^^^^^^^^^^^^^^^^^^^^^
  File "/home/airflow/.local/lib/python3.12/site-packages/airflow/utils/operator_helpers.py", line 252, in run
    return self.func(*args, **kwargs)
           ^^^^^^^^^^^^^^^^^^^^^^^^^^
  File "/home/airflow/.local/lib/python3.12/site-packages/airflow/models/baseoperator.py", line 417, in wrapper
    return func(self, *args, **kwargs)
           ^^^^^^^^^^^^^^^^^^^^^^^^^^^
  File "/home/airflow/.local/lib/python3.12/site-packages/airflow/operators/bash.py", line 276, in execute
    raise AirflowException(
airflow.exceptions.AirflowException: Bash command failed. The command returned a non-zero exit code 1.
[2024-11-13T11:11:03.917+0000] {local_task_job_runner.py:266} INFO - Task exited with return code 1
[2024-11-13T11:11:03.940+0000] {taskinstance.py:3895} INFO - 0 downstream tasks scheduled from follow-on schedule check
[2024-11-13T11:11:03.944+0000] {local_task_job_runner.py:245} INFO - ::endgroup::
[2024-11-13T12:43:51.188+0000] {local_task_job_runner.py:123} INFO - ::group::Pre task execution logs
[2024-11-13T12:43:51.212+0000] {taskinstance.py:2613} INFO - Dependencies all met for dep_context=non-requeueable deps ti=<TaskInstance: example_pipeline.run_scrapy scheduled__2023-01-01T00:06:00+00:00 [queued]>
[2024-11-13T12:43:51.224+0000] {taskinstance.py:2613} INFO - Dependencies all met for dep_context=requeueable deps ti=<TaskInstance: example_pipeline.run_scrapy scheduled__2023-01-01T00:06:00+00:00 [queued]>
[2024-11-13T12:43:51.225+0000] {taskinstance.py:2866} INFO - Starting attempt 2 of 2
[2024-11-13T12:43:51.240+0000] {taskinstance.py:2889} INFO - Executing <Task(BashOperator): run_scrapy> on 2023-01-01 00:06:00+00:00
[2024-11-13T12:43:51.258+0000] {logging_mixin.py:190} WARNING - /home/airflow/.local/lib/python3.12/site-packages/airflow/task/task_runner/standard_task_runner.py:70 DeprecationWarning: This process (pid=516) is multi-threaded, use of fork() may lead to deadlocks in the child.
[2024-11-13T12:43:51.256+0000] {standard_task_runner.py:104} INFO - Running: ['airflow', 'tasks', 'run', 'example_pipeline', 'run_scrapy', 'scheduled__2023-01-01T00:06:00+00:00', '--job-id', '19', '--raw', '--subdir', 'DAGS_FOLDER/test_main.py', '--cfg-path', '/tmp/tmpe1jbpeos']
[2024-11-13T12:43:51.261+0000] {standard_task_runner.py:72} INFO - Started process 520 to run task
[2024-11-13T12:43:51.262+0000] {standard_task_runner.py:105} INFO - Job 19: Subtask run_scrapy
[2024-11-13T12:43:51.289+0000] {logging_mixin.py:190} WARNING - /home/airflow/.local/lib/python3.12/site-packages/airflow/settings.py:209 DeprecationWarning: The sql_alchemy_conn option in [core] has been moved to the sql_alchemy_conn option in [database] - the old setting has been used, but please update your config.
[2024-11-13T12:43:51.345+0000] {task_command.py:467} INFO - Running <TaskInstance: example_pipeline.run_scrapy scheduled__2023-01-01T00:06:00+00:00 [running]> on host 64f1a6c22ae3
[2024-11-13T12:43:51.346+0000] {logging_mixin.py:190} WARNING - /home/airflow/.local/lib/python3.12/site-packages/airflow/settings.py:470 DeprecationWarning: The sql_alchemy_conn option in [core] has been moved to the sql_alchemy_conn option in [database] - the old setting has been used, but please update your config.
[2024-11-13T12:43:51.471+0000] {taskinstance.py:3132} INFO - Exporting env vars: AIRFLOW_CTX_DAG_OWNER='airflow' AIRFLOW_CTX_DAG_ID='example_pipeline' AIRFLOW_CTX_TASK_ID='run_scrapy' AIRFLOW_CTX_EXECUTION_DATE='2023-01-01T00:06:00+00:00' AIRFLOW_CTX_TRY_NUMBER='2' AIRFLOW_CTX_DAG_RUN_ID='scheduled__2023-01-01T00:06:00+00:00'
[2024-11-13T12:43:51.473+0000] {taskinstance.py:731} INFO - ::endgroup::
[2024-11-13T12:43:51.503+0000] {subprocess.py:78} INFO - Tmp dir root location: /tmp
[2024-11-13T12:43:51.505+0000] {subprocess.py:88} INFO - Running command: ['/usr/bin/bash', '-c', 'docker build -t thaian ./dags']
[2024-11-13T12:43:51.535+0000] {subprocess.py:99} INFO - Output:
[2024-11-13T12:43:51.568+0000] {subprocess.py:106} INFO - DEPRECATED: The legacy builder is deprecated and will be removed in a future release.
[2024-11-13T12:43:51.570+0000] {subprocess.py:106} INFO -             Install the buildx component to build images with BuildKit:
[2024-11-13T12:43:51.571+0000] {subprocess.py:106} INFO -             https://docs.docker.com/go/buildx/
[2024-11-13T12:43:51.572+0000] {subprocess.py:106} INFO - 
[2024-11-13T12:43:51.575+0000] {subprocess.py:106} INFO - unable to prepare context: path "./dags" not found
[2024-11-13T12:43:51.577+0000] {subprocess.py:110} INFO - Command exited with return code 1
[2024-11-13T12:43:51.589+0000] {taskinstance.py:3311} ERROR - Task failed with exception
Traceback (most recent call last):
  File "/home/airflow/.local/lib/python3.12/site-packages/airflow/models/taskinstance.py", line 767, in _execute_task
    result = _execute_callable(context=context, **execute_callable_kwargs)
             ^^^^^^^^^^^^^^^^^^^^^^^^^^^^^^^^^^^^^^^^^^^^^^^^^^^^^^^^^^^^^
  File "/home/airflow/.local/lib/python3.12/site-packages/airflow/models/taskinstance.py", line 733, in _execute_callable
    return ExecutionCallableRunner(
           ^^^^^^^^^^^^^^^^^^^^^^^^
  File "/home/airflow/.local/lib/python3.12/site-packages/airflow/utils/operator_helpers.py", line 252, in run
    return self.func(*args, **kwargs)
           ^^^^^^^^^^^^^^^^^^^^^^^^^^
  File "/home/airflow/.local/lib/python3.12/site-packages/airflow/models/baseoperator.py", line 417, in wrapper
    return func(self, *args, **kwargs)
           ^^^^^^^^^^^^^^^^^^^^^^^^^^^
  File "/home/airflow/.local/lib/python3.12/site-packages/airflow/operators/bash.py", line 276, in execute
    raise AirflowException(
airflow.exceptions.AirflowException: Bash command failed. The command returned a non-zero exit code 1.
[2024-11-13T12:43:51.596+0000] {taskinstance.py:1225} INFO - Marking task as FAILED. dag_id=example_pipeline, task_id=run_scrapy, run_id=scheduled__2023-01-01T00:06:00+00:00, execution_date=20230101T000600, start_date=20241113T124351, end_date=20241113T124351
[2024-11-13T12:43:51.611+0000] {taskinstance.py:340} INFO - ::group::Post task execution logs
[2024-11-13T12:43:51.613+0000] {standard_task_runner.py:124} ERROR - Failed to execute job 19 for task run_scrapy (Bash command failed. The command returned a non-zero exit code 1.; 520)
Traceback (most recent call last):
  File "/home/airflow/.local/lib/python3.12/site-packages/airflow/task/task_runner/standard_task_runner.py", line 117, in _start_by_fork
    ret = args.func(args, dag=self.dag)
          ^^^^^^^^^^^^^^^^^^^^^^^^^^^^^
  File "/home/airflow/.local/lib/python3.12/site-packages/airflow/cli/cli_config.py", line 49, in command
    return func(*args, **kwargs)
           ^^^^^^^^^^^^^^^^^^^^^
  File "/home/airflow/.local/lib/python3.12/site-packages/airflow/utils/cli.py", line 116, in wrapper
    return f(*args, **kwargs)
           ^^^^^^^^^^^^^^^^^^
  File "/home/airflow/.local/lib/python3.12/site-packages/airflow/cli/commands/task_command.py", line 483, in task_run
    task_return_code = _run_task_by_selected_method(args, _dag, ti)
                       ^^^^^^^^^^^^^^^^^^^^^^^^^^^^^^^^^^^^^^^^^^^^
  File "/home/airflow/.local/lib/python3.12/site-packages/airflow/cli/commands/task_command.py", line 256, in _run_task_by_selected_method
    return _run_raw_task(args, ti)
           ^^^^^^^^^^^^^^^^^^^^^^^
  File "/home/airflow/.local/lib/python3.12/site-packages/airflow/cli/commands/task_command.py", line 341, in _run_raw_task
    return ti._run_raw_task(
           ^^^^^^^^^^^^^^^^^
  File "/home/airflow/.local/lib/python3.12/site-packages/airflow/utils/session.py", line 97, in wrapper
    return func(*args, session=session, **kwargs)
           ^^^^^^^^^^^^^^^^^^^^^^^^^^^^^^^^^^^^^^
  File "/home/airflow/.local/lib/python3.12/site-packages/airflow/models/taskinstance.py", line 3005, in _run_raw_task
    return _run_raw_task(
           ^^^^^^^^^^^^^^
  File "/home/airflow/.local/lib/python3.12/site-packages/airflow/models/taskinstance.py", line 273, in _run_raw_task
    TaskInstance._execute_task_with_callbacks(
  File "/home/airflow/.local/lib/python3.12/site-packages/airflow/models/taskinstance.py", line 3159, in _execute_task_with_callbacks
    result = self._execute_task(context, task_orig)
             ^^^^^^^^^^^^^^^^^^^^^^^^^^^^^^^^^^^^^^
  File "/home/airflow/.local/lib/python3.12/site-packages/airflow/models/taskinstance.py", line 3183, in _execute_task
    return _execute_task(self, context, task_orig)
           ^^^^^^^^^^^^^^^^^^^^^^^^^^^^^^^^^^^^^^^
  File "/home/airflow/.local/lib/python3.12/site-packages/airflow/models/taskinstance.py", line 767, in _execute_task
    result = _execute_callable(context=context, **execute_callable_kwargs)
             ^^^^^^^^^^^^^^^^^^^^^^^^^^^^^^^^^^^^^^^^^^^^^^^^^^^^^^^^^^^^^
  File "/home/airflow/.local/lib/python3.12/site-packages/airflow/models/taskinstance.py", line 733, in _execute_callable
    return ExecutionCallableRunner(
           ^^^^^^^^^^^^^^^^^^^^^^^^
  File "/home/airflow/.local/lib/python3.12/site-packages/airflow/utils/operator_helpers.py", line 252, in run
    return self.func(*args, **kwargs)
           ^^^^^^^^^^^^^^^^^^^^^^^^^^
  File "/home/airflow/.local/lib/python3.12/site-packages/airflow/models/baseoperator.py", line 417, in wrapper
    return func(self, *args, **kwargs)
           ^^^^^^^^^^^^^^^^^^^^^^^^^^^
  File "/home/airflow/.local/lib/python3.12/site-packages/airflow/operators/bash.py", line 276, in execute
    raise AirflowException(
airflow.exceptions.AirflowException: Bash command failed. The command returned a non-zero exit code 1.
[2024-11-13T12:43:51.646+0000] {local_task_job_runner.py:266} INFO - Task exited with return code 1
[2024-11-13T12:43:51.666+0000] {taskinstance.py:3895} INFO - 0 downstream tasks scheduled from follow-on schedule check
[2024-11-13T12:43:51.669+0000] {local_task_job_runner.py:245} INFO - ::endgroup::
