[2024-11-13T04:55:30.331+0000] {local_task_job_runner.py:123} INFO - ::group::Pre task execution logs
[2024-11-13T04:55:30.508+0000] {taskinstance.py:2613} INFO - Dependencies all met for dep_context=non-requeueable deps ti=<TaskInstance: example_pipeline.run_scrapy manual__2024-11-13T04:55:24.031754+00:00 [queued]>
[2024-11-13T04:55:30.578+0000] {taskinstance.py:2613} INFO - Dependencies all met for dep_context=requeueable deps ti=<TaskInstance: example_pipeline.run_scrapy manual__2024-11-13T04:55:24.031754+00:00 [queued]>
[2024-11-13T04:55:30.584+0000] {taskinstance.py:2866} INFO - Starting attempt 1 of 2
[2024-11-13T04:55:31.373+0000] {taskinstance.py:2889} INFO - Executing <Task(BashOperator): run_scrapy> on 2024-11-13 04:55:24.031754+00:00
[2024-11-13T04:55:31.552+0000] {logging_mixin.py:190} WARNING - /home/airflow/.local/lib/python3.12/site-packages/airflow/task/task_runner/standard_task_runner.py:70 DeprecationWarning: This process (pid=233) is multi-threaded, use of fork() may lead to deadlocks in the child.
[2024-11-13T04:55:31.575+0000] {standard_task_runner.py:72} INFO - Started process 253 to run task
[2024-11-13T04:55:31.584+0000] {standard_task_runner.py:104} INFO - Running: ['airflow', 'tasks', 'run', 'example_pipeline', 'run_scrapy', 'manual__2024-11-13T04:55:24.031754+00:00', '--job-id', '8', '--raw', '--subdir', 'DAGS_FOLDER/test_main.py', '--cfg-path', '/tmp/tmpk7g99qcw']
[2024-11-13T04:55:31.718+0000] {standard_task_runner.py:105} INFO - Job 8: Subtask run_scrapy
[2024-11-13T04:55:33.375+0000] {logging_mixin.py:190} WARNING - /home/airflow/.local/lib/python3.12/site-packages/airflow/settings.py:209 DeprecationWarning: The sql_alchemy_conn option in [core] has been moved to the sql_alchemy_conn option in [database] - the old setting has been used, but please update your config.
[2024-11-13T04:55:33.746+0000] {task_command.py:467} INFO - Running <TaskInstance: example_pipeline.run_scrapy manual__2024-11-13T04:55:24.031754+00:00 [running]> on host 98aaf3cf0496
[2024-11-13T04:55:34.715+0000] {taskinstance.py:3132} INFO - Exporting env vars: AIRFLOW_CTX_DAG_OWNER='airflow' AIRFLOW_CTX_DAG_ID='example_pipeline' AIRFLOW_CTX_TASK_ID='run_scrapy' AIRFLOW_CTX_EXECUTION_DATE='2024-11-13T04:55:24.031754+00:00' AIRFLOW_CTX_TRY_NUMBER='1' AIRFLOW_CTX_DAG_RUN_ID='manual__2024-11-13T04:55:24.031754+00:00'
[2024-11-13T04:55:34.721+0000] {taskinstance.py:731} INFO - ::endgroup::
[2024-11-13T04:55:35.592+0000] {subprocess.py:78} INFO - Tmp dir root location: /tmp
[2024-11-13T04:55:35.610+0000] {subprocess.py:88} INFO - Running command: ['/usr/bin/bash', '-c', 'docker build -t thaian .']
[2024-11-13T04:55:35.695+0000] {subprocess.py:99} INFO - Output:
[2024-11-13T04:55:36.173+0000] {subprocess.py:106} INFO - DEPRECATED: The legacy builder is deprecated and will be removed in a future release.
[2024-11-13T04:55:36.185+0000] {subprocess.py:106} INFO -             Install the buildx component to build images with BuildKit:
[2024-11-13T04:55:36.190+0000] {subprocess.py:106} INFO -             https://docs.docker.com/go/buildx/
[2024-11-13T04:55:36.194+0000] {subprocess.py:106} INFO - 
[2024-11-13T04:55:36.195+0000] {subprocess.py:106} INFO - unable to prepare context: unable to evaluate symlinks in Dockerfile path: lstat /tmp/airflowtmp79o5buyo/Dockerfile: no such file or directory
[2024-11-13T04:55:36.196+0000] {subprocess.py:110} INFO - Command exited with return code 1
[2024-11-13T04:55:36.249+0000] {taskinstance.py:3311} ERROR - Task failed with exception
Traceback (most recent call last):
  File "/home/airflow/.local/lib/python3.12/site-packages/airflow/models/taskinstance.py", line 767, in _execute_task
    result = _execute_callable(context=context, **execute_callable_kwargs)
             ^^^^^^^^^^^^^^^^^^^^^^^^^^^^^^^^^^^^^^^^^^^^^^^^^^^^^^^^^^^^^
  File "/home/airflow/.local/lib/python3.12/site-packages/airflow/models/taskinstance.py", line 733, in _execute_callable
    return ExecutionCallableRunner(
           ^^^^^^^^^^^^^^^^^^^^^^^^
  File "/home/airflow/.local/lib/python3.12/site-packages/airflow/utils/operator_helpers.py", line 252, in run
    return self.func(*args, **kwargs)
           ^^^^^^^^^^^^^^^^^^^^^^^^^^
  File "/home/airflow/.local/lib/python3.12/site-packages/airflow/models/baseoperator.py", line 417, in wrapper
    return func(self, *args, **kwargs)
           ^^^^^^^^^^^^^^^^^^^^^^^^^^^
  File "/home/airflow/.local/lib/python3.12/site-packages/airflow/operators/bash.py", line 276, in execute
    raise AirflowException(
airflow.exceptions.AirflowException: Bash command failed. The command returned a non-zero exit code 1.
[2024-11-13T04:55:36.300+0000] {taskinstance.py:1225} INFO - Marking task as UP_FOR_RETRY. dag_id=example_pipeline, task_id=run_scrapy, run_id=manual__2024-11-13T04:55:24.031754+00:00, execution_date=20241113T045524, start_date=20241113T045530, end_date=20241113T045536
[2024-11-13T04:55:36.369+0000] {taskinstance.py:340} INFO - ::group::Post task execution logs
[2024-11-13T04:55:36.372+0000] {standard_task_runner.py:124} ERROR - Failed to execute job 8 for task run_scrapy (Bash command failed. The command returned a non-zero exit code 1.; 253)
Traceback (most recent call last):
  File "/home/airflow/.local/lib/python3.12/site-packages/airflow/task/task_runner/standard_task_runner.py", line 117, in _start_by_fork
    ret = args.func(args, dag=self.dag)
          ^^^^^^^^^^^^^^^^^^^^^^^^^^^^^
  File "/home/airflow/.local/lib/python3.12/site-packages/airflow/cli/cli_config.py", line 49, in command
    return func(*args, **kwargs)
           ^^^^^^^^^^^^^^^^^^^^^
  File "/home/airflow/.local/lib/python3.12/site-packages/airflow/utils/cli.py", line 116, in wrapper
    return f(*args, **kwargs)
           ^^^^^^^^^^^^^^^^^^
  File "/home/airflow/.local/lib/python3.12/site-packages/airflow/cli/commands/task_command.py", line 483, in task_run
    task_return_code = _run_task_by_selected_method(args, _dag, ti)
                       ^^^^^^^^^^^^^^^^^^^^^^^^^^^^^^^^^^^^^^^^^^^^
  File "/home/airflow/.local/lib/python3.12/site-packages/airflow/cli/commands/task_command.py", line 256, in _run_task_by_selected_method
    return _run_raw_task(args, ti)
           ^^^^^^^^^^^^^^^^^^^^^^^
  File "/home/airflow/.local/lib/python3.12/site-packages/airflow/cli/commands/task_command.py", line 341, in _run_raw_task
    return ti._run_raw_task(
           ^^^^^^^^^^^^^^^^^
  File "/home/airflow/.local/lib/python3.12/site-packages/airflow/utils/session.py", line 97, in wrapper
    return func(*args, session=session, **kwargs)
           ^^^^^^^^^^^^^^^^^^^^^^^^^^^^^^^^^^^^^^
  File "/home/airflow/.local/lib/python3.12/site-packages/airflow/models/taskinstance.py", line 3005, in _run_raw_task
    return _run_raw_task(
           ^^^^^^^^^^^^^^
  File "/home/airflow/.local/lib/python3.12/site-packages/airflow/models/taskinstance.py", line 273, in _run_raw_task
    TaskInstance._execute_task_with_callbacks(
  File "/home/airflow/.local/lib/python3.12/site-packages/airflow/models/taskinstance.py", line 3159, in _execute_task_with_callbacks
    result = self._execute_task(context, task_orig)
             ^^^^^^^^^^^^^^^^^^^^^^^^^^^^^^^^^^^^^^
  File "/home/airflow/.local/lib/python3.12/site-packages/airflow/models/taskinstance.py", line 3183, in _execute_task
    return _execute_task(self, context, task_orig)
           ^^^^^^^^^^^^^^^^^^^^^^^^^^^^^^^^^^^^^^^
  File "/home/airflow/.local/lib/python3.12/site-packages/airflow/models/taskinstance.py", line 767, in _execute_task
    result = _execute_callable(context=context, **execute_callable_kwargs)
             ^^^^^^^^^^^^^^^^^^^^^^^^^^^^^^^^^^^^^^^^^^^^^^^^^^^^^^^^^^^^^
  File "/home/airflow/.local/lib/python3.12/site-packages/airflow/models/taskinstance.py", line 733, in _execute_callable
    return ExecutionCallableRunner(
           ^^^^^^^^^^^^^^^^^^^^^^^^
  File "/home/airflow/.local/lib/python3.12/site-packages/airflow/utils/operator_helpers.py", line 252, in run
    return self.func(*args, **kwargs)
           ^^^^^^^^^^^^^^^^^^^^^^^^^^
  File "/home/airflow/.local/lib/python3.12/site-packages/airflow/models/baseoperator.py", line 417, in wrapper
    return func(self, *args, **kwargs)
           ^^^^^^^^^^^^^^^^^^^^^^^^^^^
  File "/home/airflow/.local/lib/python3.12/site-packages/airflow/operators/bash.py", line 276, in execute
    raise AirflowException(
airflow.exceptions.AirflowException: Bash command failed. The command returned a non-zero exit code 1.
[2024-11-13T04:55:36.470+0000] {local_task_job_runner.py:266} INFO - Task exited with return code 1
[2024-11-13T04:55:36.549+0000] {taskinstance.py:3895} INFO - 0 downstream tasks scheduled from follow-on schedule check
[2024-11-13T04:55:36.556+0000] {local_task_job_runner.py:245} INFO - ::endgroup::
[2024-11-13T04:55:36.630+0000] {standard_task_runner.py:217} INFO - Process not found (most likely exited), stop collecting metrics
